{"/Users/zhouli/WebstormProjects/node-blog/src/service/index.js":{"path":"/Users/zhouli/WebstormProjects/node-blog/src/service/index.js","statementMap":{"0":{"start":{"line":3,"column":0},"end":{"line":5,"column":3}},"1":{"start":{"line":7,"column":19},"end":{"line":7,"column":43}},"2":{"start":{"line":9,"column":20},"end":{"line":9,"column":56}},"3":{"start":{"line":11,"column":15},"end":{"line":11,"column":35}},"4":{"start":{"line":13,"column":16},"end":{"line":13,"column":48}},"5":{"start":{"line":15,"column":13},"end":{"line":15,"column":31}},"6":{"start":{"line":17,"column":14},"end":{"line":17,"column":44}},"7":{"start":{"line":19,"column":18},"end":{"line":19,"column":41}},"8":{"start":{"line":21,"column":19},"end":{"line":21,"column":54}},"9":{"start":{"line":23,"column":12},"end":{"line":23,"column":29}},"10":{"start":{"line":25,"column":13},"end":{"line":25,"column":42}},"11":{"start":{"line":27,"column":19},"end":{"line":27,"column":43}},"12":{"start":{"line":29,"column":20},"end":{"line":29,"column":56}},"13":{"start":{"line":31,"column":16},"end":{"line":31,"column":37}},"14":{"start":{"line":33,"column":17},"end":{"line":33,"column":50}},"15":{"start":{"line":35,"column":16},"end":{"line":35,"column":37}},"16":{"start":{"line":37,"column":17},"end":{"line":37,"column":50}},"17":{"start":{"line":39,"column":15},"end":{"line":39,"column":35}},"18":{"start":{"line":41,"column":16},"end":{"line":41,"column":48}},"19":{"start":{"line":43,"column":20},"end":{"line":43,"column":45}},"20":{"start":{"line":45,"column":21},"end":{"line":45,"column":58}},"21":{"start":{"line":47,"column":12},"end":{"line":47,"column":29}},"22":{"start":{"line":49,"column":13},"end":{"line":49,"column":42}},"23":{"start":{"line":51,"column":22},"end":{"line":51,"column":49}},"24":{"start":{"line":53,"column":23},"end":{"line":53,"column":62}},"25":{"start":{"line":55,"column":11},"end":{"line":55,"column":27}},"26":{"start":{"line":57,"column":12},"end":{"line":57,"column":40}},"27":{"start":{"line":59,"column":12},"end":{"line":59,"column":29}},"28":{"start":{"line":61,"column":13},"end":{"line":61,"column":42}},"29":{"start":{"line":63,"column":16},"end":{"line":63,"column":37}},"30":{"start":{"line":65,"column":17},"end":{"line":65,"column":50}},"31":{"start":{"line":67,"column":39},"end":{"line":67,"column":93}},"32":{"start":{"line":69,"column":0},"end":{"line":85,"column":2}}},"fnMap":{"0":{"name":"_interopRequireDefault","decl":{"start":{"line":67,"column":9},"end":{"line":67,"column":31}},"loc":{"start":{"line":67,"column":37},"end":{"line":67,"column":95}},"line":67}},"branchMap":{"0":{"loc":{"start":{"line":67,"column":46},"end":{"line":67,"column":92}},"type":"cond-expr","locations":[{"start":{"line":67,"column":70},"end":{"line":67,"column":73}},{"start":{"line":67,"column":76},"end":{"line":67,"column":92}}],"line":67},"1":{"loc":{"start":{"line":67,"column":46},"end":{"line":67,"column":67}},"type":"binary-expr","locations":[{"start":{"line":67,"column":46},"end":{"line":67,"column":49}},{"start":{"line":67,"column":53},"end":{"line":67,"column":67}}],"line":67}},"s":{"0":1,"1":1,"2":1,"3":1,"4":1,"5":1,"6":1,"7":1,"8":1,"9":1,"10":1,"11":1,"12":1,"13":1,"14":1,"15":1,"16":1,"17":1,"18":1,"19":1,"20":1,"21":1,"22":1,"23":1,"24":1,"25":1,"26":1,"27":1,"28":1,"29":1,"30":1,"31":15,"32":1},"f":{"0":15},"b":{"0":[15,0],"1":[15,15]},"_coverageSchema":"43e27e138ebf9cfc5966b082cf9a028302ed4184","hash":"0be40e33e2174bea5ada05176af90c1dd38e23c2","contentHash":"684cb1b16ac076aa903ad1ed276992e9"},"/Users/zhouli/WebstormProjects/node-blog/src/service/accessToken/index.js":{"path":"/Users/zhouli/WebstormProjects/node-blog/src/service/accessToken/index.js","statementMap":{"0":{"start":{"line":3,"column":0},"end":{"line":5,"column":3}},"1":{"start":{"line":7,"column":26},"end":{"line":7,"column":57}},"2":{"start":{"line":9,"column":27},"end":{"line":9,"column":70}},"3":{"start":{"line":11,"column":39},"end":{"line":11,"column":93}},"4":{"start":{"line":13,"column":0},"end":{"line":15,"column":2}}},"fnMap":{"0":{"name":"_interopRequireDefault","decl":{"start":{"line":11,"column":9},"end":{"line":11,"column":31}},"loc":{"start":{"line":11,"column":37},"end":{"line":11,"column":95}},"line":11}},"branchMap":{"0":{"loc":{"start":{"line":11,"column":46},"end":{"line":11,"column":92}},"type":"cond-expr","locations":[{"start":{"line":11,"column":70},"end":{"line":11,"column":73}},{"start":{"line":11,"column":76},"end":{"line":11,"column":92}}],"line":11},"1":{"loc":{"start":{"line":11,"column":46},"end":{"line":11,"column":67}},"type":"binary-expr","locations":[{"start":{"line":11,"column":46},"end":{"line":11,"column":49}},{"start":{"line":11,"column":53},"end":{"line":11,"column":67}}],"line":11}},"s":{"0":1,"1":1,"2":1,"3":1,"4":1},"f":{"0":1},"b":{"0":[1,0],"1":[1,1]},"_coverageSchema":"43e27e138ebf9cfc5966b082cf9a028302ed4184","hash":"23264ed885c8a47e91c2a87c5c6af2ee7e6f0101","contentHash":"1a6a140495fd16a3c4adbc40d2a0ccc8"},"/Users/zhouli/WebstormProjects/node-blog/src/service/accessToken/accessTokenService.js":{"path":"/Users/zhouli/WebstormProjects/node-blog/src/service/accessToken/accessTokenService.js","statementMap":{"0":{"start":{"line":3,"column":0},"end":{"line":5,"column":3}},"1":{"start":{"line":7,"column":19},"end":{"line":7,"column":55}},"2":{"start":{"line":9,"column":20},"end":{"line":9,"column":56}},"3":{"start":{"line":11,"column":24},"end":{"line":41,"column":3}},"4":{"start":{"line":12,"column":15},"end":{"line":36,"column":7}},"5":{"start":{"line":14,"column":8},"end":{"line":35,"column":26}},"6":{"start":{"line":15,"column":12},"end":{"line":34,"column":13}},"7":{"start":{"line":16,"column":16},"end":{"line":33,"column":17}},"8":{"start":{"line":18,"column":24},"end":{"line":18,"column":42}},"9":{"start":{"line":19,"column":24},"end":{"line":24,"column":27}},"10":{"start":{"line":27,"column":24},"end":{"line":27,"column":44}},"11":{"start":{"line":28,"column":24},"end":{"line":28,"column":62}},"12":{"start":{"line":32,"column":24},"end":{"line":32,"column":47}},"13":{"start":{"line":38,"column":4},"end":{"line":40,"column":6}},"14":{"start":{"line":39,"column":8},"end":{"line":39,"column":43}},"15":{"start":{"line":43,"column":24},"end":{"line":73,"column":3}},"16":{"start":{"line":44,"column":16},"end":{"line":68,"column":7}},"17":{"start":{"line":46,"column":8},"end":{"line":67,"column":27}},"18":{"start":{"line":47,"column":12},"end":{"line":66,"column":13}},"19":{"start":{"line":48,"column":16},"end":{"line":65,"column":17}},"20":{"start":{"line":50,"column":24},"end":{"line":50,"column":43}},"21":{"start":{"line":51,"column":24},"end":{"line":56,"column":27}},"22":{"start":{"line":59,"column":24},"end":{"line":59,"column":45}},"23":{"start":{"line":60,"column":24},"end":{"line":60,"column":63}},"24":{"start":{"line":64,"column":24},"end":{"line":64,"column":48}},"25":{"start":{"line":70,"column":4},"end":{"line":72,"column":6}},"26":{"start":{"line":71,"column":8},"end":{"line":71,"column":44}},"27":{"start":{"line":75,"column":24},"end":{"line":107,"column":3}},"28":{"start":{"line":76,"column":16},"end":{"line":102,"column":7}},"29":{"start":{"line":78,"column":8},"end":{"line":101,"column":27}},"30":{"start":{"line":79,"column":12},"end":{"line":100,"column":13}},"31":{"start":{"line":80,"column":16},"end":{"line":99,"column":17}},"32":{"start":{"line":82,"column":24},"end":{"line":82,"column":43}},"33":{"start":{"line":83,"column":24},"end":{"line":90,"column":27}},"34":{"start":{"line":93,"column":24},"end":{"line":93,"column":45}},"35":{"start":{"line":94,"column":24},"end":{"line":94,"column":63}},"36":{"start":{"line":98,"column":24},"end":{"line":98,"column":48}},"37":{"start":{"line":104,"column":4},"end":{"line":106,"column":6}},"38":{"start":{"line":105,"column":8},"end":{"line":105,"column":44}},"39":{"start":{"line":109,"column":21},"end":{"line":134,"column":3}},"40":{"start":{"line":110,"column":16},"end":{"line":129,"column":7}},"41":{"start":{"line":112,"column":8},"end":{"line":128,"column":27}},"42":{"start":{"line":113,"column":12},"end":{"line":127,"column":13}},"43":{"start":{"line":114,"column":16},"end":{"line":126,"column":17}},"44":{"start":{"line":116,"column":24},"end":{"line":116,"column":43}},"45":{"start":{"line":117,"column":24},"end":{"line":117,"column":67}},"46":{"start":{"line":120,"column":24},"end":{"line":120,"column":45}},"47":{"start":{"line":121,"column":24},"end":{"line":121,"column":63}},"48":{"start":{"line":125,"column":24},"end":{"line":125,"column":48}},"49":{"start":{"line":131,"column":4},"end":{"line":133,"column":6}},"50":{"start":{"line":132,"column":8},"end":{"line":132,"column":44}},"51":{"start":{"line":136,"column":24},"end":{"line":161,"column":3}},"52":{"start":{"line":137,"column":16},"end":{"line":156,"column":7}},"53":{"start":{"line":139,"column":8},"end":{"line":155,"column":27}},"54":{"start":{"line":140,"column":12},"end":{"line":154,"column":13}},"55":{"start":{"line":141,"column":16},"end":{"line":153,"column":17}},"56":{"start":{"line":143,"column":24},"end":{"line":143,"column":43}},"57":{"start":{"line":144,"column":24},"end":{"line":144,"column":64}},"58":{"start":{"line":147,"column":24},"end":{"line":147,"column":45}},"59":{"start":{"line":148,"column":24},"end":{"line":148,"column":63}},"60":{"start":{"line":152,"column":24},"end":{"line":152,"column":48}},"61":{"start":{"line":158,"column":4},"end":{"line":160,"column":6}},"62":{"start":{"line":159,"column":8},"end":{"line":159,"column":44}},"63":{"start":{"line":163,"column":20},"end":{"line":163,"column":56}},"64":{"start":{"line":165,"column":21},"end":{"line":165,"column":58}},"65":{"start":{"line":167,"column":39},"end":{"line":167,"column":93}},"66":{"start":{"line":169,"column":33},"end":{"line":169,"column":456}},"67":{"start":{"line":169,"column":64},"end":{"line":169,"column":89}},"68":{"start":{"line":169,"column":91},"end":{"line":169,"column":453}},"69":{"start":{"line":169,"column":165},"end":{"line":169,"column":263}},"70":{"start":{"line":169,"column":182},"end":{"line":169,"column":195}},"71":{"start":{"line":169,"column":209},"end":{"line":169,"column":219}},"72":{"start":{"line":169,"column":239},"end":{"line":169,"column":253}},"73":{"start":{"line":169,"column":254},"end":{"line":169,"column":261}},"74":{"start":{"line":169,"column":264},"end":{"line":169,"column":426}},"75":{"start":{"line":169,"column":281},"end":{"line":169,"column":296}},"76":{"start":{"line":169,"column":306},"end":{"line":169,"column":424}},"77":{"start":{"line":169,"column":360},"end":{"line":169,"column":380}},"78":{"start":{"line":169,"column":401},"end":{"line":169,"column":420}},"79":{"start":{"line":169,"column":429},"end":{"line":169,"column":449}},"80":{"start":{"line":171,"column":25},"end":{"line":177,"column":1}},"81":{"start":{"line":178,"column":0},"end":{"line":178,"column":37}}},"fnMap":{"0":{"name":"(anonymous_0)","decl":{"start":{"line":11,"column":24},"end":{"line":11,"column":25}},"loc":{"start":{"line":11,"column":36},"end":{"line":41,"column":1}},"line":11},"1":{"name":"_callee","decl":{"start":{"line":12,"column":83},"end":{"line":12,"column":90}},"loc":{"start":{"line":12,"column":134},"end":{"line":36,"column":5}},"line":12},"2":{"name":"_callee$","decl":{"start":{"line":14,"column":51},"end":{"line":14,"column":59}},"loc":{"start":{"line":14,"column":70},"end":{"line":35,"column":9}},"line":14},"3":{"name":"createAccessToken","decl":{"start":{"line":38,"column":20},"end":{"line":38,"column":37}},"loc":{"start":{"line":38,"column":57},"end":{"line":40,"column":5}},"line":38},"4":{"name":"(anonymous_4)","decl":{"start":{"line":43,"column":24},"end":{"line":43,"column":25}},"loc":{"start":{"line":43,"column":36},"end":{"line":73,"column":1}},"line":43},"5":{"name":"_callee2","decl":{"start":{"line":44,"column":84},"end":{"line":44,"column":92}},"loc":{"start":{"line":44,"column":106},"end":{"line":68,"column":5}},"line":44},"6":{"name":"_callee2$","decl":{"start":{"line":46,"column":51},"end":{"line":46,"column":60}},"loc":{"start":{"line":46,"column":72},"end":{"line":67,"column":9}},"line":46},"7":{"name":"deleteAccessToken","decl":{"start":{"line":70,"column":20},"end":{"line":70,"column":37}},"loc":{"start":{"line":70,"column":48},"end":{"line":72,"column":5}},"line":70},"8":{"name":"(anonymous_8)","decl":{"start":{"line":75,"column":24},"end":{"line":75,"column":25}},"loc":{"start":{"line":75,"column":36},"end":{"line":107,"column":1}},"line":75},"9":{"name":"_callee3","decl":{"start":{"line":76,"column":84},"end":{"line":76,"column":92}},"loc":{"start":{"line":76,"column":120},"end":{"line":102,"column":5}},"line":76},"10":{"name":"_callee3$","decl":{"start":{"line":78,"column":51},"end":{"line":78,"column":60}},"loc":{"start":{"line":78,"column":72},"end":{"line":101,"column":9}},"line":78},"11":{"name":"updateAccessToken","decl":{"start":{"line":104,"column":20},"end":{"line":104,"column":37}},"loc":{"start":{"line":104,"column":53},"end":{"line":106,"column":5}},"line":104},"12":{"name":"(anonymous_12)","decl":{"start":{"line":109,"column":21},"end":{"line":109,"column":22}},"loc":{"start":{"line":109,"column":33},"end":{"line":134,"column":1}},"line":109},"13":{"name":"_callee4","decl":{"start":{"line":110,"column":84},"end":{"line":110,"column":92}},"loc":{"start":{"line":110,"column":97},"end":{"line":129,"column":5}},"line":110},"14":{"name":"_callee4$","decl":{"start":{"line":112,"column":51},"end":{"line":112,"column":60}},"loc":{"start":{"line":112,"column":72},"end":{"line":128,"column":9}},"line":112},"15":{"name":"getAccessToken","decl":{"start":{"line":131,"column":20},"end":{"line":131,"column":34}},"loc":{"start":{"line":131,"column":41},"end":{"line":133,"column":5}},"line":131},"16":{"name":"(anonymous_16)","decl":{"start":{"line":136,"column":24},"end":{"line":136,"column":25}},"loc":{"start":{"line":136,"column":36},"end":{"line":161,"column":1}},"line":136},"17":{"name":"_callee5","decl":{"start":{"line":137,"column":84},"end":{"line":137,"column":92}},"loc":{"start":{"line":137,"column":95},"end":{"line":156,"column":5}},"line":137},"18":{"name":"_callee5$","decl":{"start":{"line":139,"column":51},"end":{"line":139,"column":60}},"loc":{"start":{"line":139,"column":72},"end":{"line":155,"column":9}},"line":139},"19":{"name":"getAllAccessToken","decl":{"start":{"line":158,"column":20},"end":{"line":158,"column":37}},"loc":{"start":{"line":158,"column":40},"end":{"line":160,"column":5}},"line":158},"20":{"name":"_interopRequireDefault","decl":{"start":{"line":167,"column":9},"end":{"line":167,"column":31}},"loc":{"start":{"line":167,"column":37},"end":{"line":167,"column":95}},"line":167},"21":{"name":"_asyncToGenerator","decl":{"start":{"line":169,"column":9},"end":{"line":169,"column":26}},"loc":{"start":{"line":169,"column":31},"end":{"line":169,"column":458}},"line":169},"22":{"name":"(anonymous_22)","decl":{"start":{"line":169,"column":40},"end":{"line":169,"column":41}},"loc":{"start":{"line":169,"column":52},"end":{"line":169,"column":455}},"line":169},"23":{"name":"(anonymous_23)","decl":{"start":{"line":169,"column":110},"end":{"line":169,"column":111}},"loc":{"start":{"line":169,"column":137},"end":{"line":169,"column":451}},"line":169},"24":{"name":"step","decl":{"start":{"line":169,"column":148},"end":{"line":169,"column":152}},"loc":{"start":{"line":169,"column":163},"end":{"line":169,"column":428}},"line":169},"25":{"name":"(anonymous_25)","decl":{"start":{"line":169,"column":341},"end":{"line":169,"column":342}},"loc":{"start":{"line":169,"column":358},"end":{"line":169,"column":382}},"line":169},"26":{"name":"(anonymous_26)","decl":{"start":{"line":169,"column":384},"end":{"line":169,"column":385}},"loc":{"start":{"line":169,"column":399},"end":{"line":169,"column":422}},"line":169}},"branchMap":{"0":{"loc":{"start":{"line":16,"column":16},"end":{"line":33,"column":17}},"type":"switch","locations":[{"start":{"line":17,"column":20},"end":{"line":24,"column":27}},{"start":{"line":26,"column":20},"end":{"line":28,"column":62}},{"start":{"line":30,"column":20},"end":{"line":30,"column":27}},{"start":{"line":31,"column":20},"end":{"line":32,"column":47}}],"line":16},"1":{"loc":{"start":{"line":48,"column":16},"end":{"line":65,"column":17}},"type":"switch","locations":[{"start":{"line":49,"column":20},"end":{"line":56,"column":27}},{"start":{"line":58,"column":20},"end":{"line":60,"column":63}},{"start":{"line":62,"column":20},"end":{"line":62,"column":27}},{"start":{"line":63,"column":20},"end":{"line":64,"column":48}}],"line":48},"2":{"loc":{"start":{"line":80,"column":16},"end":{"line":99,"column":17}},"type":"switch","locations":[{"start":{"line":81,"column":20},"end":{"line":90,"column":27}},{"start":{"line":92,"column":20},"end":{"line":94,"column":63}},{"start":{"line":96,"column":20},"end":{"line":96,"column":27}},{"start":{"line":97,"column":20},"end":{"line":98,"column":48}}],"line":80},"3":{"loc":{"start":{"line":114,"column":16},"end":{"line":126,"column":17}},"type":"switch","locations":[{"start":{"line":115,"column":20},"end":{"line":117,"column":67}},{"start":{"line":119,"column":20},"end":{"line":121,"column":63}},{"start":{"line":123,"column":20},"end":{"line":123,"column":27}},{"start":{"line":124,"column":20},"end":{"line":125,"column":48}}],"line":114},"4":{"loc":{"start":{"line":141,"column":16},"end":{"line":153,"column":17}},"type":"switch","locations":[{"start":{"line":142,"column":20},"end":{"line":144,"column":64}},{"start":{"line":146,"column":20},"end":{"line":148,"column":63}},{"start":{"line":150,"column":20},"end":{"line":150,"column":27}},{"start":{"line":151,"column":20},"end":{"line":152,"column":48}}],"line":141},"5":{"loc":{"start":{"line":167,"column":46},"end":{"line":167,"column":92}},"type":"cond-expr","locations":[{"start":{"line":167,"column":70},"end":{"line":167,"column":73}},{"start":{"line":167,"column":76},"end":{"line":167,"column":92}}],"line":167},"6":{"loc":{"start":{"line":167,"column":46},"end":{"line":167,"column":67}},"type":"binary-expr","locations":[{"start":{"line":167,"column":46},"end":{"line":167,"column":49}},{"start":{"line":167,"column":53},"end":{"line":167,"column":67}}],"line":167},"7":{"loc":{"start":{"line":169,"column":264},"end":{"line":169,"column":426}},"type":"if","locations":[{"start":{"line":169,"column":264},"end":{"line":169,"column":426}},{"start":{"line":169,"column":264},"end":{"line":169,"column":426}}],"line":169}},"s":{"0":1,"1":1,"2":1,"3":1,"4":1,"5":0,"6":0,"7":0,"8":0,"9":0,"10":0,"11":0,"12":0,"13":1,"14":0,"15":1,"16":1,"17":0,"18":0,"19":0,"20":0,"21":0,"22":0,"23":0,"24":0,"25":1,"26":0,"27":1,"28":1,"29":0,"30":0,"31":0,"32":0,"33":0,"34":0,"35":0,"36":0,"37":1,"38":0,"39":1,"40":1,"41":0,"42":0,"43":0,"44":0,"45":0,"46":0,"47":0,"48":0,"49":1,"50":0,"51":1,"52":1,"53":0,"54":0,"55":0,"56":0,"57":0,"58":0,"59":0,"60":0,"61":1,"62":0,"63":1,"64":1,"65":2,"66":5,"67":0,"68":0,"69":0,"70":0,"71":0,"72":0,"73":0,"74":0,"75":0,"76":0,"77":0,"78":0,"79":0,"80":1,"81":1},"f":{"0":1,"1":0,"2":0,"3":0,"4":1,"5":0,"6":0,"7":0,"8":1,"9":0,"10":0,"11":0,"12":1,"13":0,"14":0,"15":0,"16":1,"17":0,"18":0,"19":0,"20":2,"21":5,"22":0,"23":0,"24":0,"25":0,"26":0},"b":{"0":[0,0,0,0],"1":[0,0,0,0],"2":[0,0,0,0],"3":[0,0,0,0],"4":[0,0,0,0],"5":[1,1],"6":[2,2],"7":[0,0]},"_coverageSchema":"43e27e138ebf9cfc5966b082cf9a028302ed4184","hash":"ecb4729967bc267d7a78842e9317cadb91cd3708","contentHash":"49eca027a7ddb5f7cf50b58885b6b0fc"},"/Users/zhouli/WebstormProjects/node-blog/src/models/access_token.js":{"path":"/Users/zhouli/WebstormProjects/node-blog/src/models/access_token.js","statementMap":{"0":{"start":{"line":3,"column":0},"end":{"line":5,"column":3}},"1":{"start":{"line":7,"column":22},"end":{"line":7,"column":56}},"2":{"start":{"line":9,"column":23},"end":{"line":9,"column":62}},"3":{"start":{"line":11,"column":12},"end":{"line":11,"column":29}},"4":{"start":{"line":13,"column":13},"end":{"line":13,"column":42}},"5":{"start":{"line":15,"column":39},"end":{"line":15,"column":93}},"6":{"start":{"line":18,"column":16},"end":{"line":18,"column":50}},"7":{"start":{"line":19,"column":16},"end":{"line":19,"column":50}},"8":{"start":{"line":21,"column":19},"end":{"line":49,"column":2}},"9":{"start":{"line":51,"column":0},"end":{"line":51,"column":37}},"10":{"start":{"line":52,"column":0},"end":{"line":52,"column":39}},"11":{"start":{"line":54,"column":0},"end":{"line":54,"column":31}}},"fnMap":{"0":{"name":"_interopRequireDefault","decl":{"start":{"line":15,"column":9},"end":{"line":15,"column":31}},"loc":{"start":{"line":15,"column":37},"end":{"line":15,"column":95}},"line":15}},"branchMap":{"0":{"loc":{"start":{"line":15,"column":46},"end":{"line":15,"column":92}},"type":"cond-expr","locations":[{"start":{"line":15,"column":70},"end":{"line":15,"column":73}},{"start":{"line":15,"column":76},"end":{"line":15,"column":92}}],"line":15},"1":{"loc":{"start":{"line":15,"column":46},"end":{"line":15,"column":67}},"type":"binary-expr","locations":[{"start":{"line":15,"column":46},"end":{"line":15,"column":49}},{"start":{"line":15,"column":53},"end":{"line":15,"column":67}}],"line":15}},"s":{"0":1,"1":1,"2":1,"3":1,"4":1,"5":2,"6":1,"7":1,"8":1,"9":1,"10":1,"11":1},"f":{"0":2},"b":{"0":[2,0],"1":[2,2]},"_coverageSchema":"43e27e138ebf9cfc5966b082cf9a028302ed4184","hash":"4d0bfb2118e1621b183182af41ea98e726e6f1e8","contentHash":"943f3c34d35244dbea63b12a2bb27eb9"},"/Users/zhouli/WebstormProjects/node-blog/src/utils/sequelizeQuery.js":{"path":"/Users/zhouli/WebstormProjects/node-blog/src/utils/sequelizeQuery.js","statementMap":{"0":{"start":{"line":3,"column":0},"end":{"line":5,"column":3}},"1":{"start":{"line":7,"column":17},"end":{"line":7,"column":37}},"2":{"start":{"line":9,"column":18},"end":{"line":9,"column":52}},"3":{"start":{"line":11,"column":13},"end":{"line":11,"column":39}},"4":{"start":{"line":13,"column":14},"end":{"line":13,"column":44}},"5":{"start":{"line":15,"column":39},"end":{"line":15,"column":93}},"6":{"start":{"line":21,"column":16},"end":{"line":21,"column":37}},"7":{"start":{"line":22,"column":0},"end":{"line":22,"column":43}},"8":{"start":{"line":23,"column":16},"end":{"line":45,"column":2}},"9":{"start":{"line":46,"column":9},"end":{"line":49,"column":1}},"10":{"start":{"line":50,"column":0},"end":{"line":50,"column":21}}},"fnMap":{"0":{"name":"_interopRequireDefault","decl":{"start":{"line":15,"column":9},"end":{"line":15,"column":31}},"loc":{"start":{"line":15,"column":37},"end":{"line":15,"column":95}},"line":15}},"branchMap":{"0":{"loc":{"start":{"line":15,"column":46},"end":{"line":15,"column":92}},"type":"cond-expr","locations":[{"start":{"line":15,"column":70},"end":{"line":15,"column":73}},{"start":{"line":15,"column":76},"end":{"line":15,"column":92}}],"line":15},"1":{"loc":{"start":{"line":15,"column":46},"end":{"line":15,"column":67}},"type":"binary-expr","locations":[{"start":{"line":15,"column":46},"end":{"line":15,"column":49}},{"start":{"line":15,"column":53},"end":{"line":15,"column":67}}],"line":15}},"s":{"0":1,"1":1,"2":1,"3":1,"4":1,"5":2,"6":1,"7":1,"8":1,"9":1,"10":1},"f":{"0":2},"b":{"0":[1,1],"1":[2,2]},"_coverageSchema":"43e27e138ebf9cfc5966b082cf9a028302ed4184","hash":"5cc6be723a37ab11b8577c53f3795d39cb93742f","contentHash":"2649a9cfee34bb9a22826fa19ade50c2"},"/Users/zhouli/WebstormProjects/node-blog/src/config/index.js":{"path":"/Users/zhouli/WebstormProjects/node-blog/src/config/index.js","statementMap":{"0":{"start":{"line":3,"column":0},"end":{"line":5,"column":3}},"1":{"start":{"line":7,"column":17},"end":{"line":7,"column":43}},"2":{"start":{"line":9,"column":18},"end":{"line":9,"column":52}},"3":{"start":{"line":11,"column":18},"end":{"line":11,"column":45}},"4":{"start":{"line":13,"column":19},"end":{"line":13,"column":54}},"5":{"start":{"line":15,"column":18},"end":{"line":15,"column":45}},"6":{"start":{"line":17,"column":19},"end":{"line":17,"column":54}},"7":{"start":{"line":19,"column":39},"end":{"line":19,"column":93}},"8":{"start":{"line":21,"column":10},"end":{"line":21,"column":47}},"9":{"start":{"line":25,"column":11},"end":{"line":25,"column":30}},"10":{"start":{"line":26,"column":0},"end":{"line":29,"column":1}},"11":{"start":{"line":27,"column":4},"end":{"line":27,"column":32}},"12":{"start":{"line":28,"column":4},"end":{"line":28,"column":35}},"13":{"start":{"line":31,"column":0},"end":{"line":34,"column":1}},"14":{"start":{"line":32,"column":4},"end":{"line":32,"column":32}},"15":{"start":{"line":33,"column":4},"end":{"line":33,"column":29}},"16":{"start":{"line":35,"column":0},"end":{"line":35,"column":32}},"17":{"start":{"line":36,"column":0},"end":{"line":36,"column":23}}},"fnMap":{"0":{"name":"_interopRequireDefault","decl":{"start":{"line":19,"column":9},"end":{"line":19,"column":31}},"loc":{"start":{"line":19,"column":37},"end":{"line":19,"column":95}},"line":19}},"branchMap":{"0":{"loc":{"start":{"line":19,"column":46},"end":{"line":19,"column":92}},"type":"cond-expr","locations":[{"start":{"line":19,"column":70},"end":{"line":19,"column":73}},{"start":{"line":19,"column":76},"end":{"line":19,"column":92}}],"line":19},"1":{"loc":{"start":{"line":19,"column":46},"end":{"line":19,"column":67}},"type":"binary-expr","locations":[{"start":{"line":19,"column":46},"end":{"line":19,"column":49}},{"start":{"line":19,"column":53},"end":{"line":19,"column":67}}],"line":19},"2":{"loc":{"start":{"line":21,"column":10},"end":{"line":21,"column":47}},"type":"binary-expr","locations":[{"start":{"line":21,"column":10},"end":{"line":21,"column":30}},{"start":{"line":21,"column":34},"end":{"line":21,"column":47}}],"line":21},"3":{"loc":{"start":{"line":26,"column":0},"end":{"line":29,"column":1}},"type":"if","locations":[{"start":{"line":26,"column":0},"end":{"line":29,"column":1}},{"start":{"line":26,"column":0},"end":{"line":29,"column":1}}],"line":26},"4":{"loc":{"start":{"line":31,"column":0},"end":{"line":34,"column":1}},"type":"if","locations":[{"start":{"line":31,"column":0},"end":{"line":34,"column":1}},{"start":{"line":31,"column":0},"end":{"line":34,"column":1}}],"line":31}},"s":{"0":1,"1":1,"2":1,"3":1,"4":1,"5":1,"6":1,"7":3,"8":1,"9":1,"10":1,"11":0,"12":0,"13":1,"14":0,"15":0,"16":1,"17":1},"f":{"0":3},"b":{"0":[3,0],"1":[3,3],"2":[1,0],"3":[0,1],"4":[0,1]},"_coverageSchema":"43e27e138ebf9cfc5966b082cf9a028302ed4184","hash":"7128aad75af79fa410cbca9784300fb0c4b4ffad","contentHash":"eef30f4368888a0bbb029b75a77f7d5b"},"/Users/zhouli/WebstormProjects/node-blog/src/config/config.dev.js":{"path":"/Users/zhouli/WebstormProjects/node-blog/src/config/config.dev.js","statementMap":{"0":{"start":{"line":3,"column":0},"end":{"line":5,"column":3}},"1":{"start":{"line":7,"column":19},"end":{"line":7,"column":56}},"2":{"start":{"line":9,"column":20},"end":{"line":9,"column":56}},"3":{"start":{"line":11,"column":39},"end":{"line":11,"column":93}},"4":{"start":{"line":13,"column":13},"end":{"line":25,"column":1}},"5":{"start":{"line":29,"column":0},"end":{"line":29,"column":25}}},"fnMap":{"0":{"name":"_interopRequireDefault","decl":{"start":{"line":11,"column":9},"end":{"line":11,"column":31}},"loc":{"start":{"line":11,"column":37},"end":{"line":11,"column":95}},"line":11}},"branchMap":{"0":{"loc":{"start":{"line":11,"column":46},"end":{"line":11,"column":92}},"type":"cond-expr","locations":[{"start":{"line":11,"column":70},"end":{"line":11,"column":73}},{"start":{"line":11,"column":76},"end":{"line":11,"column":92}}],"line":11},"1":{"loc":{"start":{"line":11,"column":46},"end":{"line":11,"column":67}},"type":"binary-expr","locations":[{"start":{"line":11,"column":46},"end":{"line":11,"column":49}},{"start":{"line":11,"column":53},"end":{"line":11,"column":67}}],"line":11}},"s":{"0":1,"1":1,"2":1,"3":1,"4":1,"5":1},"f":{"0":1},"b":{"0":[1,0],"1":[1,1]},"_coverageSchema":"43e27e138ebf9cfc5966b082cf9a028302ed4184","hash":"8e5524d3ee47986784afa1f05e6a0048ce0048c3","contentHash":"dcffeafc43f7ed4aa2c80c2fc96ec605"},"/Users/zhouli/WebstormProjects/node-blog/settings/appSettings.js":{"path":"/Users/zhouli/WebstormProjects/node-blog/settings/appSettings.js","statementMap":{"0":{"start":{"line":3,"column":0},"end":{"line":5,"column":3}},"1":{"start":{"line":8,"column":0},"end":{"line":34,"column":2}}},"fnMap":{},"branchMap":{},"s":{"0":1,"1":1},"f":{},"b":{},"_coverageSchema":"43e27e138ebf9cfc5966b082cf9a028302ed4184","hash":"93982a59206fe5574176045620a74529720e398c","contentHash":"3d56222aea162d4d965fbc18ad3d5638"},"/Users/zhouli/WebstormProjects/node-blog/src/config/config.prod.js":{"path":"/Users/zhouli/WebstormProjects/node-blog/src/config/config.prod.js","statementMap":{"0":{"start":{"line":3,"column":0},"end":{"line":5,"column":3}},"1":{"start":{"line":7,"column":19},"end":{"line":7,"column":56}},"2":{"start":{"line":9,"column":20},"end":{"line":9,"column":56}},"3":{"start":{"line":11,"column":39},"end":{"line":11,"column":93}},"4":{"start":{"line":13,"column":13},"end":{"line":25,"column":1}},"5":{"start":{"line":29,"column":0},"end":{"line":29,"column":25}}},"fnMap":{"0":{"name":"_interopRequireDefault","decl":{"start":{"line":11,"column":9},"end":{"line":11,"column":31}},"loc":{"start":{"line":11,"column":37},"end":{"line":11,"column":95}},"line":11}},"branchMap":{"0":{"loc":{"start":{"line":11,"column":46},"end":{"line":11,"column":92}},"type":"cond-expr","locations":[{"start":{"line":11,"column":70},"end":{"line":11,"column":73}},{"start":{"line":11,"column":76},"end":{"line":11,"column":92}}],"line":11},"1":{"loc":{"start":{"line":11,"column":46},"end":{"line":11,"column":67}},"type":"binary-expr","locations":[{"start":{"line":11,"column":46},"end":{"line":11,"column":49}},{"start":{"line":11,"column":53},"end":{"line":11,"column":67}}],"line":11}},"s":{"0":1,"1":1,"2":1,"3":1,"4":1,"5":1},"f":{"0":1},"b":{"0":[1,0],"1":[1,1]},"_coverageSchema":"43e27e138ebf9cfc5966b082cf9a028302ed4184","hash":"8fd9bf4cb7a906977e48e1d8d1bdaeac13e409ea","contentHash":"4a5f33c31628141687430382aa5ab8b9"},"/Users/zhouli/WebstormProjects/node-blog/src/models/user.js":{"path":"/Users/zhouli/WebstormProjects/node-blog/src/models/user.js","statementMap":{"0":{"start":{"line":3,"column":0},"end":{"line":5,"column":3}},"1":{"start":{"line":7,"column":22},"end":{"line":7,"column":56}},"2":{"start":{"line":9,"column":23},"end":{"line":9,"column":62}},"3":{"start":{"line":11,"column":39},"end":{"line":11,"column":93}},"4":{"start":{"line":13,"column":16},"end":{"line":13,"column":50}},"5":{"start":{"line":14,"column":16},"end":{"line":14,"column":50}},"6":{"start":{"line":16,"column":11},"end":{"line":50,"column":2}},"7":{"start":{"line":51,"column":0},"end":{"line":51,"column":23}}},"fnMap":{"0":{"name":"_interopRequireDefault","decl":{"start":{"line":11,"column":9},"end":{"line":11,"column":31}},"loc":{"start":{"line":11,"column":37},"end":{"line":11,"column":95}},"line":11}},"branchMap":{"0":{"loc":{"start":{"line":11,"column":46},"end":{"line":11,"column":92}},"type":"cond-expr","locations":[{"start":{"line":11,"column":70},"end":{"line":11,"column":73}},{"start":{"line":11,"column":76},"end":{"line":11,"column":92}}],"line":11},"1":{"loc":{"start":{"line":11,"column":46},"end":{"line":11,"column":67}},"type":"binary-expr","locations":[{"start":{"line":11,"column":46},"end":{"line":11,"column":49}},{"start":{"line":11,"column":53},"end":{"line":11,"column":67}}],"line":11}},"s":{"0":1,"1":1,"2":1,"3":1,"4":1,"5":1,"6":1,"7":1},"f":{"0":1},"b":{"0":[1,0],"1":[1,1]},"_coverageSchema":"43e27e138ebf9cfc5966b082cf9a028302ed4184","hash":"78508e0bfeed9d7e1953117fda9d3dca34b38b52","contentHash":"eb0b6a87ed5b259dd08f3de0baddeb6d"},"/Users/zhouli/WebstormProjects/node-blog/src/service/comment/index.js":{"path":"/Users/zhouli/WebstormProjects/node-blog/src/service/comment/index.js","statementMap":{"0":{"start":{"line":3,"column":0},"end":{"line":5,"column":3}},"1":{"start":{"line":7,"column":22},"end":{"line":7,"column":49}},"2":{"start":{"line":9,"column":23},"end":{"line":9,"column":62}},"3":{"start":{"line":11,"column":39},"end":{"line":11,"column":93}},"4":{"start":{"line":13,"column":0},"end":{"line":15,"column":2}}},"fnMap":{"0":{"name":"_interopRequireDefault","decl":{"start":{"line":11,"column":9},"end":{"line":11,"column":31}},"loc":{"start":{"line":11,"column":37},"end":{"line":11,"column":95}},"line":11}},"branchMap":{"0":{"loc":{"start":{"line":11,"column":46},"end":{"line":11,"column":92}},"type":"cond-expr","locations":[{"start":{"line":11,"column":70},"end":{"line":11,"column":73}},{"start":{"line":11,"column":76},"end":{"line":11,"column":92}}],"line":11},"1":{"loc":{"start":{"line":11,"column":46},"end":{"line":11,"column":67}},"type":"binary-expr","locations":[{"start":{"line":11,"column":46},"end":{"line":11,"column":49}},{"start":{"line":11,"column":53},"end":{"line":11,"column":67}}],"line":11}},"s":{"0":1,"1":1,"2":1,"3":1,"4":1},"f":{"0":1},"b":{"0":[1,0],"1":[1,1]},"_coverageSchema":"43e27e138ebf9cfc5966b082cf9a028302ed4184","hash":"bb6bd394ca254b11105458cb4a0bb795d1ff63ad","contentHash":"4b196005a9a16607f634076e2e3beb6a"},"/Users/zhouli/WebstormProjects/node-blog/src/service/comment/commentService.js":{"path":"/Users/zhouli/WebstormProjects/node-blog/src/service/comment/commentService.js","statementMap":{"0":{"start":{"line":3,"column":0},"end":{"line":5,"column":3}},"1":{"start":{"line":7,"column":19},"end":{"line":7,"column":55}},"2":{"start":{"line":9,"column":20},"end":{"line":9,"column":56}},"3":{"start":{"line":11,"column":20},"end":{"line":97,"column":3}},"4":{"start":{"line":12,"column":15},"end":{"line":92,"column":7}},"5":{"start":{"line":14,"column":8},"end":{"line":91,"column":27}},"6":{"start":{"line":15,"column":12},"end":{"line":90,"column":13}},"7":{"start":{"line":16,"column":16},"end":{"line":89,"column":17}},"8":{"start":{"line":18,"column":24},"end":{"line":18,"column":35}},"9":{"start":{"line":19,"column":24},"end":{"line":19,"column":34}},"10":{"start":{"line":21,"column":24},"end":{"line":24,"column":25}},"11":{"start":{"line":22,"column":28},"end":{"line":22,"column":47}},"12":{"start":{"line":23,"column":28},"end":{"line":23,"column":34}},"13":{"start":{"line":26,"column":24},"end":{"line":73,"column":28}},"14":{"start":{"line":27,"column":40},"end":{"line":61,"column":31}},"15":{"start":{"line":28,"column":32},"end":{"line":60,"column":50}},"16":{"start":{"line":29,"column":36},"end":{"line":59,"column":37}},"17":{"start":{"line":30,"column":40},"end":{"line":58,"column":41}},"18":{"start":{"line":32,"column":48},"end":{"line":32,"column":66}},"19":{"start":{"line":33,"column":48},"end":{"line":36,"column":71}},"20":{"start":{"line":39,"column":48},"end":{"line":39,"column":68}},"21":{"start":{"line":40,"column":48},"end":{"line":40,"column":66}},"22":{"start":{"line":41,"column":48},"end":{"line":46,"column":51}},"23":{"start":{"line":49,"column":48},"end":{"line":49,"column":67}},"24":{"start":{"line":50,"column":48},"end":{"line":53,"column":51}},"25":{"start":{"line":57,"column":48},"end":{"line":57,"column":71}},"26":{"start":{"line":63,"column":28},"end":{"line":65,"column":30}},"27":{"start":{"line":64,"column":32},"end":{"line":64,"column":68}},"28":{"start":{"line":69,"column":28},"end":{"line":69,"column":43}},"29":{"start":{"line":72,"column":28},"end":{"line":72,"column":39}},"30":{"start":{"line":76,"column":24},"end":{"line":76,"column":43}},"31":{"start":{"line":77,"column":24},"end":{"line":80,"column":27}},"32":{"start":{"line":83,"column":24},"end":{"line":83,"column":45}},"33":{"start":{"line":84,"column":24},"end":{"line":84,"column":63}},"34":{"start":{"line":88,"column":24},"end":{"line":88,"column":48}},"35":{"start":{"line":94,"column":4},"end":{"line":96,"column":6}},"36":{"start":{"line":95,"column":8},"end":{"line":95,"column":43}},"37":{"start":{"line":99,"column":26},"end":{"line":128,"column":3}},"38":{"start":{"line":100,"column":16},"end":{"line":123,"column":7}},"39":{"start":{"line":102,"column":8},"end":{"line":122,"column":27}},"40":{"start":{"line":103,"column":12},"end":{"line":121,"column":13}},"41":{"start":{"line":104,"column":16},"end":{"line":120,"column":17}},"42":{"start":{"line":106,"column":24},"end":{"line":106,"column":43}},"43":{"start":{"line":107,"column":24},"end":{"line":111,"column":27}},"44":{"start":{"line":114,"column":24},"end":{"line":114,"column":45}},"45":{"start":{"line":115,"column":24},"end":{"line":115,"column":63}},"46":{"start":{"line":119,"column":24},"end":{"line":119,"column":48}},"47":{"start":{"line":125,"column":4},"end":{"line":127,"column":6}},"48":{"start":{"line":126,"column":8},"end":{"line":126,"column":44}},"49":{"start":{"line":130,"column":20},"end":{"line":160,"column":3}},"50":{"start":{"line":131,"column":16},"end":{"line":155,"column":7}},"51":{"start":{"line":133,"column":8},"end":{"line":154,"column":27}},"52":{"start":{"line":134,"column":12},"end":{"line":153,"column":13}},"53":{"start":{"line":135,"column":16},"end":{"line":152,"column":17}},"54":{"start":{"line":137,"column":24},"end":{"line":137,"column":43}},"55":{"start":{"line":138,"column":24},"end":{"line":143,"column":27}},"56":{"start":{"line":146,"column":24},"end":{"line":146,"column":45}},"57":{"start":{"line":147,"column":24},"end":{"line":147,"column":63}},"58":{"start":{"line":151,"column":24},"end":{"line":151,"column":48}},"59":{"start":{"line":157,"column":4},"end":{"line":159,"column":6}},"60":{"start":{"line":158,"column":8},"end":{"line":158,"column":44}},"61":{"start":{"line":162,"column":26},"end":{"line":193,"column":3}},"62":{"start":{"line":163,"column":16},"end":{"line":188,"column":7}},"63":{"start":{"line":165,"column":8},"end":{"line":187,"column":27}},"64":{"start":{"line":166,"column":12},"end":{"line":186,"column":13}},"65":{"start":{"line":167,"column":16},"end":{"line":185,"column":17}},"66":{"start":{"line":169,"column":24},"end":{"line":169,"column":43}},"67":{"start":{"line":170,"column":24},"end":{"line":176,"column":27}},"68":{"start":{"line":179,"column":24},"end":{"line":179,"column":45}},"69":{"start":{"line":180,"column":24},"end":{"line":180,"column":63}},"70":{"start":{"line":184,"column":24},"end":{"line":184,"column":48}},"71":{"start":{"line":190,"column":4},"end":{"line":192,"column":6}},"72":{"start":{"line":191,"column":8},"end":{"line":191,"column":44}},"73":{"start":{"line":195,"column":20},"end":{"line":227,"column":3}},"74":{"start":{"line":196,"column":16},"end":{"line":222,"column":7}},"75":{"start":{"line":198,"column":8},"end":{"line":221,"column":27}},"76":{"start":{"line":199,"column":12},"end":{"line":220,"column":13}},"77":{"start":{"line":200,"column":16},"end":{"line":219,"column":17}},"78":{"start":{"line":202,"column":24},"end":{"line":202,"column":43}},"79":{"start":{"line":203,"column":24},"end":{"line":210,"column":27}},"80":{"start":{"line":213,"column":24},"end":{"line":213,"column":45}},"81":{"start":{"line":214,"column":24},"end":{"line":214,"column":63}},"82":{"start":{"line":218,"column":24},"end":{"line":218,"column":48}},"83":{"start":{"line":224,"column":4},"end":{"line":226,"column":6}},"84":{"start":{"line":225,"column":8},"end":{"line":225,"column":44}},"85":{"start":{"line":229,"column":17},"end":{"line":254,"column":3}},"86":{"start":{"line":230,"column":16},"end":{"line":249,"column":7}},"87":{"start":{"line":232,"column":8},"end":{"line":248,"column":27}},"88":{"start":{"line":233,"column":12},"end":{"line":247,"column":13}},"89":{"start":{"line":234,"column":16},"end":{"line":246,"column":17}},"90":{"start":{"line":236,"column":24},"end":{"line":236,"column":43}},"91":{"start":{"line":237,"column":24},"end":{"line":237,"column":62}},"92":{"start":{"line":240,"column":24},"end":{"line":240,"column":45}},"93":{"start":{"line":241,"column":24},"end":{"line":241,"column":63}},"94":{"start":{"line":245,"column":24},"end":{"line":245,"column":48}},"95":{"start":{"line":251,"column":4},"end":{"line":253,"column":6}},"96":{"start":{"line":252,"column":8},"end":{"line":252,"column":44}},"97":{"start":{"line":256,"column":20},"end":{"line":281,"column":3}},"98":{"start":{"line":257,"column":16},"end":{"line":276,"column":7}},"99":{"start":{"line":259,"column":8},"end":{"line":275,"column":27}},"100":{"start":{"line":260,"column":12},"end":{"line":274,"column":13}},"101":{"start":{"line":261,"column":16},"end":{"line":273,"column":17}},"102":{"start":{"line":263,"column":24},"end":{"line":263,"column":43}},"103":{"start":{"line":264,"column":24},"end":{"line":264,"column":59}},"104":{"start":{"line":267,"column":24},"end":{"line":267,"column":45}},"105":{"start":{"line":268,"column":24},"end":{"line":268,"column":63}},"106":{"start":{"line":272,"column":24},"end":{"line":272,"column":48}},"107":{"start":{"line":278,"column":4},"end":{"line":280,"column":6}},"108":{"start":{"line":279,"column":8},"end":{"line":279,"column":44}},"109":{"start":{"line":283,"column":15},"end":{"line":283,"column":46}},"110":{"start":{"line":285,"column":16},"end":{"line":285,"column":48}},"111":{"start":{"line":287,"column":22},"end":{"line":287,"column":59}},"112":{"start":{"line":289,"column":23},"end":{"line":289,"column":62}},"113":{"start":{"line":291,"column":20},"end":{"line":291,"column":56}},"114":{"start":{"line":293,"column":21},"end":{"line":293,"column":58}},"115":{"start":{"line":295,"column":39},"end":{"line":295,"column":93}},"116":{"start":{"line":297,"column":33},"end":{"line":297,"column":456}},"117":{"start":{"line":297,"column":64},"end":{"line":297,"column":89}},"118":{"start":{"line":297,"column":91},"end":{"line":297,"column":453}},"119":{"start":{"line":297,"column":165},"end":{"line":297,"column":263}},"120":{"start":{"line":297,"column":182},"end":{"line":297,"column":195}},"121":{"start":{"line":297,"column":209},"end":{"line":297,"column":219}},"122":{"start":{"line":297,"column":239},"end":{"line":297,"column":253}},"123":{"start":{"line":297,"column":254},"end":{"line":297,"column":261}},"124":{"start":{"line":297,"column":264},"end":{"line":297,"column":426}},"125":{"start":{"line":297,"column":281},"end":{"line":297,"column":296}},"126":{"start":{"line":297,"column":306},"end":{"line":297,"column":424}},"127":{"start":{"line":297,"column":360},"end":{"line":297,"column":380}},"128":{"start":{"line":297,"column":401},"end":{"line":297,"column":420}},"129":{"start":{"line":297,"column":429},"end":{"line":297,"column":449}},"130":{"start":{"line":299,"column":21},"end":{"line":307,"column":1}},"131":{"start":{"line":308,"column":0},"end":{"line":308,"column":33}}},"fnMap":{"0":{"name":"(anonymous_0)","decl":{"start":{"line":11,"column":20},"end":{"line":11,"column":21}},"loc":{"start":{"line":11,"column":32},"end":{"line":97,"column":1}},"line":11},"1":{"name":"_callee2","decl":{"start":{"line":12,"column":83},"end":{"line":12,"column":91}},"loc":{"start":{"line":12,"column":119},"end":{"line":92,"column":5}},"line":12},"2":{"name":"_callee2$","decl":{"start":{"line":14,"column":51},"end":{"line":14,"column":60}},"loc":{"start":{"line":14,"column":72},"end":{"line":91,"column":9}},"line":14},"3":{"name":"(anonymous_3)","decl":{"start":{"line":26,"column":105},"end":{"line":26,"column":106}},"loc":{"start":{"line":26,"column":117},"end":{"line":66,"column":25}},"line":26},"4":{"name":"_callee","decl":{"start":{"line":27,"column":108},"end":{"line":27,"column":115}},"loc":{"start":{"line":27,"column":119},"end":{"line":61,"column":29}},"line":27},"5":{"name":"_callee$","decl":{"start":{"line":28,"column":75},"end":{"line":28,"column":83}},"loc":{"start":{"line":28,"column":94},"end":{"line":60,"column":33}},"line":28},"6":{"name":"(anonymous_6)","decl":{"start":{"line":63,"column":35},"end":{"line":63,"column":36}},"loc":{"start":{"line":63,"column":50},"end":{"line":65,"column":29}},"line":63},"7":{"name":"(anonymous_7)","decl":{"start":{"line":66,"column":34},"end":{"line":66,"column":35}},"loc":{"start":{"line":66,"column":53},"end":{"line":70,"column":25}},"line":66},"8":{"name":"(anonymous_8)","decl":{"start":{"line":70,"column":33},"end":{"line":70,"column":34}},"loc":{"start":{"line":70,"column":48},"end":{"line":73,"column":25}},"line":70},"9":{"name":"createComment","decl":{"start":{"line":94,"column":20},"end":{"line":94,"column":33}},"loc":{"start":{"line":94,"column":48},"end":{"line":96,"column":5}},"line":94},"10":{"name":"(anonymous_10)","decl":{"start":{"line":99,"column":26},"end":{"line":99,"column":27}},"loc":{"start":{"line":99,"column":38},"end":{"line":128,"column":1}},"line":99},"11":{"name":"_callee3","decl":{"start":{"line":100,"column":84},"end":{"line":100,"column":92}},"loc":{"start":{"line":100,"column":97},"end":{"line":123,"column":5}},"line":100},"12":{"name":"_callee3$","decl":{"start":{"line":102,"column":51},"end":{"line":102,"column":60}},"loc":{"start":{"line":102,"column":72},"end":{"line":122,"column":9}},"line":102},"13":{"name":"deleteCommentByRoot","decl":{"start":{"line":125,"column":20},"end":{"line":125,"column":39}},"loc":{"start":{"line":125,"column":45},"end":{"line":127,"column":5}},"line":125},"14":{"name":"(anonymous_14)","decl":{"start":{"line":130,"column":20},"end":{"line":130,"column":21}},"loc":{"start":{"line":130,"column":32},"end":{"line":160,"column":1}},"line":130},"15":{"name":"_callee4","decl":{"start":{"line":131,"column":84},"end":{"line":131,"column":92}},"loc":{"start":{"line":131,"column":106},"end":{"line":155,"column":5}},"line":131},"16":{"name":"_callee4$","decl":{"start":{"line":133,"column":51},"end":{"line":133,"column":60}},"loc":{"start":{"line":133,"column":72},"end":{"line":154,"column":9}},"line":133},"17":{"name":"deleteComment","decl":{"start":{"line":157,"column":20},"end":{"line":157,"column":33}},"loc":{"start":{"line":157,"column":44},"end":{"line":159,"column":5}},"line":157},"18":{"name":"(anonymous_18)","decl":{"start":{"line":162,"column":26},"end":{"line":162,"column":27}},"loc":{"start":{"line":162,"column":38},"end":{"line":193,"column":1}},"line":162},"19":{"name":"_callee5","decl":{"start":{"line":163,"column":84},"end":{"line":163,"column":92}},"loc":{"start":{"line":163,"column":106},"end":{"line":188,"column":5}},"line":163},"20":{"name":"_callee5$","decl":{"start":{"line":165,"column":51},"end":{"line":165,"column":60}},"loc":{"start":{"line":165,"column":72},"end":{"line":187,"column":9}},"line":165},"21":{"name":"updateCommentByRoot","decl":{"start":{"line":190,"column":20},"end":{"line":190,"column":39}},"loc":{"start":{"line":190,"column":50},"end":{"line":192,"column":5}},"line":190},"22":{"name":"(anonymous_22)","decl":{"start":{"line":195,"column":20},"end":{"line":195,"column":21}},"loc":{"start":{"line":195,"column":32},"end":{"line":227,"column":1}},"line":195},"23":{"name":"_callee6","decl":{"start":{"line":196,"column":84},"end":{"line":196,"column":92}},"loc":{"start":{"line":196,"column":115},"end":{"line":222,"column":5}},"line":196},"24":{"name":"_callee6$","decl":{"start":{"line":198,"column":51},"end":{"line":198,"column":60}},"loc":{"start":{"line":198,"column":72},"end":{"line":221,"column":9}},"line":198},"25":{"name":"updateComment","decl":{"start":{"line":224,"column":20},"end":{"line":224,"column":33}},"loc":{"start":{"line":224,"column":52},"end":{"line":226,"column":5}},"line":224},"26":{"name":"(anonymous_26)","decl":{"start":{"line":229,"column":17},"end":{"line":229,"column":18}},"loc":{"start":{"line":229,"column":29},"end":{"line":254,"column":1}},"line":229},"27":{"name":"_callee7","decl":{"start":{"line":230,"column":84},"end":{"line":230,"column":92}},"loc":{"start":{"line":230,"column":97},"end":{"line":249,"column":5}},"line":230},"28":{"name":"_callee7$","decl":{"start":{"line":232,"column":51},"end":{"line":232,"column":60}},"loc":{"start":{"line":232,"column":72},"end":{"line":248,"column":9}},"line":232},"29":{"name":"getComment","decl":{"start":{"line":251,"column":20},"end":{"line":251,"column":30}},"loc":{"start":{"line":251,"column":37},"end":{"line":253,"column":5}},"line":251},"30":{"name":"(anonymous_30)","decl":{"start":{"line":256,"column":20},"end":{"line":256,"column":21}},"loc":{"start":{"line":256,"column":32},"end":{"line":281,"column":1}},"line":256},"31":{"name":"_callee8","decl":{"start":{"line":257,"column":84},"end":{"line":257,"column":92}},"loc":{"start":{"line":257,"column":95},"end":{"line":276,"column":5}},"line":257},"32":{"name":"_callee8$","decl":{"start":{"line":259,"column":51},"end":{"line":259,"column":60}},"loc":{"start":{"line":259,"column":72},"end":{"line":275,"column":9}},"line":259},"33":{"name":"getAllComment","decl":{"start":{"line":278,"column":20},"end":{"line":278,"column":33}},"loc":{"start":{"line":278,"column":36},"end":{"line":280,"column":5}},"line":278},"34":{"name":"_interopRequireDefault","decl":{"start":{"line":295,"column":9},"end":{"line":295,"column":31}},"loc":{"start":{"line":295,"column":37},"end":{"line":295,"column":95}},"line":295},"35":{"name":"_asyncToGenerator","decl":{"start":{"line":297,"column":9},"end":{"line":297,"column":26}},"loc":{"start":{"line":297,"column":31},"end":{"line":297,"column":458}},"line":297},"36":{"name":"(anonymous_36)","decl":{"start":{"line":297,"column":40},"end":{"line":297,"column":41}},"loc":{"start":{"line":297,"column":52},"end":{"line":297,"column":455}},"line":297},"37":{"name":"(anonymous_37)","decl":{"start":{"line":297,"column":110},"end":{"line":297,"column":111}},"loc":{"start":{"line":297,"column":137},"end":{"line":297,"column":451}},"line":297},"38":{"name":"step","decl":{"start":{"line":297,"column":148},"end":{"line":297,"column":152}},"loc":{"start":{"line":297,"column":163},"end":{"line":297,"column":428}},"line":297},"39":{"name":"(anonymous_39)","decl":{"start":{"line":297,"column":341},"end":{"line":297,"column":342}},"loc":{"start":{"line":297,"column":358},"end":{"line":297,"column":382}},"line":297},"40":{"name":"(anonymous_40)","decl":{"start":{"line":297,"column":384},"end":{"line":297,"column":385}},"loc":{"start":{"line":297,"column":399},"end":{"line":297,"column":422}},"line":297}},"branchMap":{"0":{"loc":{"start":{"line":16,"column":16},"end":{"line":89,"column":17}},"type":"switch","locations":[{"start":{"line":17,"column":20},"end":{"line":73,"column":28}},{"start":{"line":75,"column":20},"end":{"line":80,"column":27}},{"start":{"line":82,"column":20},"end":{"line":84,"column":63}},{"start":{"line":86,"column":20},"end":{"line":86,"column":28}},{"start":{"line":87,"column":20},"end":{"line":88,"column":48}}],"line":16},"1":{"loc":{"start":{"line":21,"column":24},"end":{"line":24,"column":25}},"type":"if","locations":[{"start":{"line":21,"column":24},"end":{"line":24,"column":25}},{"start":{"line":21,"column":24},"end":{"line":24,"column":25}}],"line":21},"2":{"loc":{"start":{"line":30,"column":40},"end":{"line":58,"column":41}},"type":"switch","locations":[{"start":{"line":31,"column":44},"end":{"line":36,"column":71}},{"start":{"line":38,"column":44},"end":{"line":46,"column":51}},{"start":{"line":48,"column":44},"end":{"line":53,"column":51}},{"start":{"line":55,"column":44},"end":{"line":55,"column":51}},{"start":{"line":56,"column":44},"end":{"line":57,"column":71}}],"line":30},"3":{"loc":{"start":{"line":104,"column":16},"end":{"line":120,"column":17}},"type":"switch","locations":[{"start":{"line":105,"column":20},"end":{"line":111,"column":27}},{"start":{"line":113,"column":20},"end":{"line":115,"column":63}},{"start":{"line":117,"column":20},"end":{"line":117,"column":27}},{"start":{"line":118,"column":20},"end":{"line":119,"column":48}}],"line":104},"4":{"loc":{"start":{"line":135,"column":16},"end":{"line":152,"column":17}},"type":"switch","locations":[{"start":{"line":136,"column":20},"end":{"line":143,"column":27}},{"start":{"line":145,"column":20},"end":{"line":147,"column":63}},{"start":{"line":149,"column":20},"end":{"line":149,"column":27}},{"start":{"line":150,"column":20},"end":{"line":151,"column":48}}],"line":135},"5":{"loc":{"start":{"line":167,"column":16},"end":{"line":185,"column":17}},"type":"switch","locations":[{"start":{"line":168,"column":20},"end":{"line":176,"column":27}},{"start":{"line":178,"column":20},"end":{"line":180,"column":63}},{"start":{"line":182,"column":20},"end":{"line":182,"column":27}},{"start":{"line":183,"column":20},"end":{"line":184,"column":48}}],"line":167},"6":{"loc":{"start":{"line":200,"column":16},"end":{"line":219,"column":17}},"type":"switch","locations":[{"start":{"line":201,"column":20},"end":{"line":210,"column":27}},{"start":{"line":212,"column":20},"end":{"line":214,"column":63}},{"start":{"line":216,"column":20},"end":{"line":216,"column":27}},{"start":{"line":217,"column":20},"end":{"line":218,"column":48}}],"line":200},"7":{"loc":{"start":{"line":234,"column":16},"end":{"line":246,"column":17}},"type":"switch","locations":[{"start":{"line":235,"column":20},"end":{"line":237,"column":62}},{"start":{"line":239,"column":20},"end":{"line":241,"column":63}},{"start":{"line":243,"column":20},"end":{"line":243,"column":27}},{"start":{"line":244,"column":20},"end":{"line":245,"column":48}}],"line":234},"8":{"loc":{"start":{"line":261,"column":16},"end":{"line":273,"column":17}},"type":"switch","locations":[{"start":{"line":262,"column":20},"end":{"line":264,"column":59}},{"start":{"line":266,"column":20},"end":{"line":268,"column":63}},{"start":{"line":270,"column":20},"end":{"line":270,"column":27}},{"start":{"line":271,"column":20},"end":{"line":272,"column":48}}],"line":261},"9":{"loc":{"start":{"line":295,"column":46},"end":{"line":295,"column":92}},"type":"cond-expr","locations":[{"start":{"line":295,"column":70},"end":{"line":295,"column":73}},{"start":{"line":295,"column":76},"end":{"line":295,"column":92}}],"line":295},"10":{"loc":{"start":{"line":295,"column":46},"end":{"line":295,"column":67}},"type":"binary-expr","locations":[{"start":{"line":295,"column":46},"end":{"line":295,"column":49}},{"start":{"line":295,"column":53},"end":{"line":295,"column":67}}],"line":295},"11":{"loc":{"start":{"line":297,"column":264},"end":{"line":297,"column":426}},"type":"if","locations":[{"start":{"line":297,"column":264},"end":{"line":297,"column":426}},{"start":{"line":297,"column":264},"end":{"line":297,"column":426}}],"line":297}},"s":{"0":1,"1":1,"2":1,"3":1,"4":1,"5":0,"6":0,"7":0,"8":0,"9":0,"10":0,"11":0,"12":0,"13":0,"14":0,"15":0,"16":0,"17":0,"18":0,"19":0,"20":0,"21":0,"22":0,"23":0,"24":0,"25":0,"26":0,"27":0,"28":0,"29":0,"30":0,"31":0,"32":0,"33":0,"34":0,"35":1,"36":0,"37":1,"38":1,"39":0,"40":0,"41":0,"42":0,"43":0,"44":0,"45":0,"46":0,"47":1,"48":0,"49":1,"50":1,"51":0,"52":0,"53":0,"54":0,"55":0,"56":0,"57":0,"58":0,"59":1,"60":0,"61":1,"62":1,"63":0,"64":0,"65":0,"66":0,"67":0,"68":0,"69":0,"70":0,"71":1,"72":0,"73":1,"74":1,"75":0,"76":0,"77":0,"78":0,"79":0,"80":0,"81":0,"82":0,"83":1,"84":0,"85":1,"86":1,"87":0,"88":0,"89":0,"90":0,"91":0,"92":0,"93":0,"94":0,"95":1,"96":0,"97":1,"98":1,"99":0,"100":0,"101":0,"102":0,"103":0,"104":0,"105":0,"106":0,"107":1,"108":0,"109":1,"110":1,"111":1,"112":1,"113":1,"114":1,"115":4,"116":7,"117":0,"118":0,"119":0,"120":0,"121":0,"122":0,"123":0,"124":0,"125":0,"126":0,"127":0,"128":0,"129":0,"130":1,"131":1},"f":{"0":1,"1":0,"2":0,"3":0,"4":0,"5":0,"6":0,"7":0,"8":0,"9":0,"10":1,"11":0,"12":0,"13":0,"14":1,"15":0,"16":0,"17":0,"18":1,"19":0,"20":0,"21":0,"22":1,"23":0,"24":0,"25":0,"26":1,"27":0,"28":0,"29":0,"30":1,"31":0,"32":0,"33":0,"34":4,"35":7,"36":0,"37":0,"38":0,"39":0,"40":0},"b":{"0":[0,0,0,0,0],"1":[0,0],"2":[0,0,0,0,0],"3":[0,0,0,0],"4":[0,0,0,0],"5":[0,0,0,0],"6":[0,0,0,0],"7":[0,0,0,0],"8":[0,0,0,0],"9":[3,1],"10":[4,4],"11":[0,0]},"_coverageSchema":"43e27e138ebf9cfc5966b082cf9a028302ed4184","hash":"91ba04825d8949af126fc744f6eec5d3ef8f65ec","contentHash":"24ab15351ed34bb29560e88b34a18afe"},"/Users/zhouli/WebstormProjects/node-blog/src/models/comment.js":{"path":"/Users/zhouli/WebstormProjects/node-blog/src/models/comment.js","statementMap":{"0":{"start":{"line":3,"column":0},"end":{"line":5,"column":3}},"1":{"start":{"line":7,"column":22},"end":{"line":7,"column":56}},"2":{"start":{"line":9,"column":23},"end":{"line":9,"column":62}},"3":{"start":{"line":11,"column":39},"end":{"line":11,"column":93}},"4":{"start":{"line":13,"column":16},"end":{"line":13,"column":50}},"5":{"start":{"line":14,"column":16},"end":{"line":14,"column":50}},"6":{"start":{"line":16,"column":14},"end":{"line":38,"column":2}},"7":{"start":{"line":39,"column":0},"end":{"line":39,"column":26}}},"fnMap":{"0":{"name":"_interopRequireDefault","decl":{"start":{"line":11,"column":9},"end":{"line":11,"column":31}},"loc":{"start":{"line":11,"column":37},"end":{"line":11,"column":95}},"line":11}},"branchMap":{"0":{"loc":{"start":{"line":11,"column":46},"end":{"line":11,"column":92}},"type":"cond-expr","locations":[{"start":{"line":11,"column":70},"end":{"line":11,"column":73}},{"start":{"line":11,"column":76},"end":{"line":11,"column":92}}],"line":11},"1":{"loc":{"start":{"line":11,"column":46},"end":{"line":11,"column":67}},"type":"binary-expr","locations":[{"start":{"line":11,"column":46},"end":{"line":11,"column":49}},{"start":{"line":11,"column":53},"end":{"line":11,"column":67}}],"line":11}},"s":{"0":1,"1":1,"2":1,"3":1,"4":1,"5":1,"6":1,"7":1},"f":{"0":1},"b":{"0":[1,0],"1":[1,1]},"_coverageSchema":"43e27e138ebf9cfc5966b082cf9a028302ed4184","hash":"f62d1e3a0555c1b7716385d51020423aa0f70edd","contentHash":"4bb6fd6e2004a922dd8196d33fb4f0de"},"/Users/zhouli/WebstormProjects/node-blog/src/models/post_comment.js":{"path":"/Users/zhouli/WebstormProjects/node-blog/src/models/post_comment.js","statementMap":{"0":{"start":{"line":3,"column":0},"end":{"line":5,"column":3}},"1":{"start":{"line":7,"column":22},"end":{"line":7,"column":56}},"2":{"start":{"line":9,"column":23},"end":{"line":9,"column":62}},"3":{"start":{"line":11,"column":12},"end":{"line":11,"column":29}},"4":{"start":{"line":13,"column":13},"end":{"line":13,"column":42}},"5":{"start":{"line":15,"column":15},"end":{"line":15,"column":35}},"6":{"start":{"line":17,"column":16},"end":{"line":17,"column":48}},"7":{"start":{"line":19,"column":39},"end":{"line":19,"column":93}},"8":{"start":{"line":21,"column":16},"end":{"line":21,"column":50}},"9":{"start":{"line":22,"column":16},"end":{"line":22,"column":50}},"10":{"start":{"line":24,"column":19},"end":{"line":49,"column":2}},"11":{"start":{"line":51,"column":0},"end":{"line":51,"column":113}},"12":{"start":{"line":52,"column":0},"end":{"line":52,"column":113}},"13":{"start":{"line":53,"column":0},"end":{"line":53,"column":31}}},"fnMap":{"0":{"name":"_interopRequireDefault","decl":{"start":{"line":19,"column":9},"end":{"line":19,"column":31}},"loc":{"start":{"line":19,"column":37},"end":{"line":19,"column":95}},"line":19}},"branchMap":{"0":{"loc":{"start":{"line":19,"column":46},"end":{"line":19,"column":92}},"type":"cond-expr","locations":[{"start":{"line":19,"column":70},"end":{"line":19,"column":73}},{"start":{"line":19,"column":76},"end":{"line":19,"column":92}}],"line":19},"1":{"loc":{"start":{"line":19,"column":46},"end":{"line":19,"column":67}},"type":"binary-expr","locations":[{"start":{"line":19,"column":46},"end":{"line":19,"column":49}},{"start":{"line":19,"column":53},"end":{"line":19,"column":67}}],"line":19}},"s":{"0":1,"1":1,"2":1,"3":1,"4":1,"5":1,"6":1,"7":3,"8":1,"9":1,"10":1,"11":1,"12":1,"13":1},"f":{"0":3},"b":{"0":[3,0],"1":[3,3]},"_coverageSchema":"43e27e138ebf9cfc5966b082cf9a028302ed4184","hash":"286c6e6b20c90700994271a2afb153e48b89f847","contentHash":"8d2c0a06ccf9e89b571fa082d8964a18"},"/Users/zhouli/WebstormProjects/node-blog/src/models/post.js":{"path":"/Users/zhouli/WebstormProjects/node-blog/src/models/post.js","statementMap":{"0":{"start":{"line":3,"column":0},"end":{"line":5,"column":3}},"1":{"start":{"line":7,"column":22},"end":{"line":7,"column":56}},"2":{"start":{"line":9,"column":23},"end":{"line":9,"column":62}},"3":{"start":{"line":11,"column":39},"end":{"line":11,"column":93}},"4":{"start":{"line":13,"column":16},"end":{"line":13,"column":50}},"5":{"start":{"line":14,"column":16},"end":{"line":14,"column":50}},"6":{"start":{"line":16,"column":11},"end":{"line":56,"column":2}},"7":{"start":{"line":57,"column":0},"end":{"line":57,"column":23}}},"fnMap":{"0":{"name":"_interopRequireDefault","decl":{"start":{"line":11,"column":9},"end":{"line":11,"column":31}},"loc":{"start":{"line":11,"column":37},"end":{"line":11,"column":95}},"line":11}},"branchMap":{"0":{"loc":{"start":{"line":11,"column":46},"end":{"line":11,"column":92}},"type":"cond-expr","locations":[{"start":{"line":11,"column":70},"end":{"line":11,"column":73}},{"start":{"line":11,"column":76},"end":{"line":11,"column":92}}],"line":11},"1":{"loc":{"start":{"line":11,"column":46},"end":{"line":11,"column":67}},"type":"binary-expr","locations":[{"start":{"line":11,"column":46},"end":{"line":11,"column":49}},{"start":{"line":11,"column":53},"end":{"line":11,"column":67}}],"line":11}},"s":{"0":1,"1":1,"2":1,"3":1,"4":1,"5":1,"6":1,"7":1},"f":{"0":1},"b":{"0":[1,0],"1":[1,1]},"_coverageSchema":"43e27e138ebf9cfc5966b082cf9a028302ed4184","hash":"d0a17e931ab0f5c6e1d73a3b8f47cb7521b92981","contentHash":"61b1f9e8e5fa1f2dafb1df577189b5bb"},"/Users/zhouli/WebstormProjects/node-blog/src/service/image/index.js":{"path":"/Users/zhouli/WebstormProjects/node-blog/src/service/image/index.js","statementMap":{"0":{"start":{"line":3,"column":0},"end":{"line":5,"column":3}},"1":{"start":{"line":7,"column":20},"end":{"line":7,"column":45}},"2":{"start":{"line":9,"column":21},"end":{"line":9,"column":58}},"3":{"start":{"line":11,"column":39},"end":{"line":11,"column":93}},"4":{"start":{"line":13,"column":0},"end":{"line":15,"column":2}}},"fnMap":{"0":{"name":"_interopRequireDefault","decl":{"start":{"line":11,"column":9},"end":{"line":11,"column":31}},"loc":{"start":{"line":11,"column":37},"end":{"line":11,"column":95}},"line":11}},"branchMap":{"0":{"loc":{"start":{"line":11,"column":46},"end":{"line":11,"column":92}},"type":"cond-expr","locations":[{"start":{"line":11,"column":70},"end":{"line":11,"column":73}},{"start":{"line":11,"column":76},"end":{"line":11,"column":92}}],"line":11},"1":{"loc":{"start":{"line":11,"column":46},"end":{"line":11,"column":67}},"type":"binary-expr","locations":[{"start":{"line":11,"column":46},"end":{"line":11,"column":49}},{"start":{"line":11,"column":53},"end":{"line":11,"column":67}}],"line":11}},"s":{"0":1,"1":1,"2":1,"3":1,"4":1},"f":{"0":1},"b":{"0":[1,0],"1":[1,1]},"_coverageSchema":"43e27e138ebf9cfc5966b082cf9a028302ed4184","hash":"1f08da9296e4f97d35e9ebbe23b4d0025d15ee61","contentHash":"d3ed3e3ada349f815145248248fca646"},"/Users/zhouli/WebstormProjects/node-blog/src/service/image/imageService.js":{"path":"/Users/zhouli/WebstormProjects/node-blog/src/service/image/imageService.js","statementMap":{"0":{"start":{"line":3,"column":0},"end":{"line":5,"column":3}},"1":{"start":{"line":7,"column":19},"end":{"line":7,"column":55}},"2":{"start":{"line":9,"column":20},"end":{"line":9,"column":56}},"3":{"start":{"line":11,"column":18},"end":{"line":41,"column":3}},"4":{"start":{"line":12,"column":15},"end":{"line":36,"column":7}},"5":{"start":{"line":14,"column":8},"end":{"line":35,"column":26}},"6":{"start":{"line":15,"column":12},"end":{"line":34,"column":13}},"7":{"start":{"line":16,"column":16},"end":{"line":33,"column":17}},"8":{"start":{"line":18,"column":24},"end":{"line":18,"column":42}},"9":{"start":{"line":19,"column":24},"end":{"line":24,"column":27}},"10":{"start":{"line":27,"column":24},"end":{"line":27,"column":44}},"11":{"start":{"line":28,"column":24},"end":{"line":28,"column":62}},"12":{"start":{"line":32,"column":24},"end":{"line":32,"column":47}},"13":{"start":{"line":38,"column":4},"end":{"line":40,"column":6}},"14":{"start":{"line":39,"column":8},"end":{"line":39,"column":43}},"15":{"start":{"line":43,"column":18},"end":{"line":73,"column":3}},"16":{"start":{"line":44,"column":16},"end":{"line":68,"column":7}},"17":{"start":{"line":46,"column":8},"end":{"line":67,"column":27}},"18":{"start":{"line":47,"column":12},"end":{"line":66,"column":13}},"19":{"start":{"line":48,"column":16},"end":{"line":65,"column":17}},"20":{"start":{"line":50,"column":24},"end":{"line":50,"column":43}},"21":{"start":{"line":51,"column":24},"end":{"line":56,"column":27}},"22":{"start":{"line":59,"column":24},"end":{"line":59,"column":45}},"23":{"start":{"line":60,"column":24},"end":{"line":60,"column":63}},"24":{"start":{"line":64,"column":24},"end":{"line":64,"column":48}},"25":{"start":{"line":70,"column":4},"end":{"line":72,"column":6}},"26":{"start":{"line":71,"column":8},"end":{"line":71,"column":44}},"27":{"start":{"line":75,"column":18},"end":{"line":109,"column":3}},"28":{"start":{"line":76,"column":16},"end":{"line":104,"column":7}},"29":{"start":{"line":78,"column":8},"end":{"line":103,"column":27}},"30":{"start":{"line":79,"column":12},"end":{"line":102,"column":13}},"31":{"start":{"line":80,"column":16},"end":{"line":101,"column":17}},"32":{"start":{"line":82,"column":24},"end":{"line":82,"column":43}},"33":{"start":{"line":83,"column":24},"end":{"line":92,"column":27}},"34":{"start":{"line":95,"column":24},"end":{"line":95,"column":45}},"35":{"start":{"line":96,"column":24},"end":{"line":96,"column":63}},"36":{"start":{"line":100,"column":24},"end":{"line":100,"column":48}},"37":{"start":{"line":106,"column":4},"end":{"line":108,"column":6}},"38":{"start":{"line":107,"column":8},"end":{"line":107,"column":44}},"39":{"start":{"line":111,"column":15},"end":{"line":136,"column":3}},"40":{"start":{"line":112,"column":16},"end":{"line":131,"column":7}},"41":{"start":{"line":114,"column":8},"end":{"line":130,"column":27}},"42":{"start":{"line":115,"column":12},"end":{"line":129,"column":13}},"43":{"start":{"line":116,"column":16},"end":{"line":128,"column":17}},"44":{"start":{"line":118,"column":24},"end":{"line":118,"column":43}},"45":{"start":{"line":119,"column":24},"end":{"line":119,"column":60}},"46":{"start":{"line":122,"column":24},"end":{"line":122,"column":45}},"47":{"start":{"line":123,"column":24},"end":{"line":123,"column":63}},"48":{"start":{"line":127,"column":24},"end":{"line":127,"column":48}},"49":{"start":{"line":133,"column":4},"end":{"line":135,"column":6}},"50":{"start":{"line":134,"column":8},"end":{"line":134,"column":44}},"51":{"start":{"line":138,"column":18},"end":{"line":163,"column":3}},"52":{"start":{"line":139,"column":16},"end":{"line":158,"column":7}},"53":{"start":{"line":141,"column":8},"end":{"line":157,"column":27}},"54":{"start":{"line":142,"column":12},"end":{"line":156,"column":13}},"55":{"start":{"line":143,"column":16},"end":{"line":155,"column":17}},"56":{"start":{"line":145,"column":24},"end":{"line":145,"column":43}},"57":{"start":{"line":146,"column":24},"end":{"line":146,"column":57}},"58":{"start":{"line":149,"column":24},"end":{"line":149,"column":45}},"59":{"start":{"line":150,"column":24},"end":{"line":150,"column":63}},"60":{"start":{"line":154,"column":24},"end":{"line":154,"column":48}},"61":{"start":{"line":160,"column":4},"end":{"line":162,"column":6}},"62":{"start":{"line":161,"column":8},"end":{"line":161,"column":44}},"63":{"start":{"line":165,"column":13},"end":{"line":165,"column":42}},"64":{"start":{"line":167,"column":14},"end":{"line":167,"column":44}},"65":{"start":{"line":169,"column":39},"end":{"line":169,"column":93}},"66":{"start":{"line":171,"column":33},"end":{"line":171,"column":456}},"67":{"start":{"line":171,"column":64},"end":{"line":171,"column":89}},"68":{"start":{"line":171,"column":91},"end":{"line":171,"column":453}},"69":{"start":{"line":171,"column":165},"end":{"line":171,"column":263}},"70":{"start":{"line":171,"column":182},"end":{"line":171,"column":195}},"71":{"start":{"line":171,"column":209},"end":{"line":171,"column":219}},"72":{"start":{"line":171,"column":239},"end":{"line":171,"column":253}},"73":{"start":{"line":171,"column":254},"end":{"line":171,"column":261}},"74":{"start":{"line":171,"column":264},"end":{"line":171,"column":426}},"75":{"start":{"line":171,"column":281},"end":{"line":171,"column":296}},"76":{"start":{"line":171,"column":306},"end":{"line":171,"column":424}},"77":{"start":{"line":171,"column":360},"end":{"line":171,"column":380}},"78":{"start":{"line":171,"column":401},"end":{"line":171,"column":420}},"79":{"start":{"line":171,"column":429},"end":{"line":171,"column":449}},"80":{"start":{"line":173,"column":19},"end":{"line":179,"column":1}},"81":{"start":{"line":180,"column":0},"end":{"line":180,"column":31}}},"fnMap":{"0":{"name":"(anonymous_0)","decl":{"start":{"line":11,"column":18},"end":{"line":11,"column":19}},"loc":{"start":{"line":11,"column":30},"end":{"line":41,"column":1}},"line":11},"1":{"name":"_callee","decl":{"start":{"line":12,"column":83},"end":{"line":12,"column":90}},"loc":{"start":{"line":12,"column":118},"end":{"line":36,"column":5}},"line":12},"2":{"name":"_callee$","decl":{"start":{"line":14,"column":51},"end":{"line":14,"column":59}},"loc":{"start":{"line":14,"column":70},"end":{"line":35,"column":9}},"line":14},"3":{"name":"createImage","decl":{"start":{"line":38,"column":20},"end":{"line":38,"column":31}},"loc":{"start":{"line":38,"column":51},"end":{"line":40,"column":5}},"line":38},"4":{"name":"(anonymous_4)","decl":{"start":{"line":43,"column":18},"end":{"line":43,"column":19}},"loc":{"start":{"line":43,"column":30},"end":{"line":73,"column":1}},"line":43},"5":{"name":"_callee2","decl":{"start":{"line":44,"column":84},"end":{"line":44,"column":92}},"loc":{"start":{"line":44,"column":106},"end":{"line":68,"column":5}},"line":44},"6":{"name":"_callee2$","decl":{"start":{"line":46,"column":51},"end":{"line":46,"column":60}},"loc":{"start":{"line":46,"column":72},"end":{"line":67,"column":9}},"line":46},"7":{"name":"deleteImage","decl":{"start":{"line":70,"column":20},"end":{"line":70,"column":31}},"loc":{"start":{"line":70,"column":42},"end":{"line":72,"column":5}},"line":70},"8":{"name":"(anonymous_8)","decl":{"start":{"line":75,"column":18},"end":{"line":75,"column":19}},"loc":{"start":{"line":75,"column":30},"end":{"line":109,"column":1}},"line":75},"9":{"name":"_callee3","decl":{"start":{"line":76,"column":84},"end":{"line":76,"column":92}},"loc":{"start":{"line":76,"column":124},"end":{"line":104,"column":5}},"line":76},"10":{"name":"_callee3$","decl":{"start":{"line":78,"column":51},"end":{"line":78,"column":60}},"loc":{"start":{"line":78,"column":72},"end":{"line":103,"column":9}},"line":78},"11":{"name":"updateImage","decl":{"start":{"line":106,"column":20},"end":{"line":106,"column":31}},"loc":{"start":{"line":106,"column":59},"end":{"line":108,"column":5}},"line":106},"12":{"name":"(anonymous_12)","decl":{"start":{"line":111,"column":15},"end":{"line":111,"column":16}},"loc":{"start":{"line":111,"column":27},"end":{"line":136,"column":1}},"line":111},"13":{"name":"_callee4","decl":{"start":{"line":112,"column":84},"end":{"line":112,"column":92}},"loc":{"start":{"line":112,"column":97},"end":{"line":131,"column":5}},"line":112},"14":{"name":"_callee4$","decl":{"start":{"line":114,"column":51},"end":{"line":114,"column":60}},"loc":{"start":{"line":114,"column":72},"end":{"line":130,"column":9}},"line":114},"15":{"name":"getImage","decl":{"start":{"line":133,"column":20},"end":{"line":133,"column":28}},"loc":{"start":{"line":133,"column":35},"end":{"line":135,"column":5}},"line":133},"16":{"name":"(anonymous_16)","decl":{"start":{"line":138,"column":18},"end":{"line":138,"column":19}},"loc":{"start":{"line":138,"column":30},"end":{"line":163,"column":1}},"line":138},"17":{"name":"_callee5","decl":{"start":{"line":139,"column":84},"end":{"line":139,"column":92}},"loc":{"start":{"line":139,"column":95},"end":{"line":158,"column":5}},"line":139},"18":{"name":"_callee5$","decl":{"start":{"line":141,"column":51},"end":{"line":141,"column":60}},"loc":{"start":{"line":141,"column":72},"end":{"line":157,"column":9}},"line":141},"19":{"name":"getAllImage","decl":{"start":{"line":160,"column":20},"end":{"line":160,"column":31}},"loc":{"start":{"line":160,"column":34},"end":{"line":162,"column":5}},"line":160},"20":{"name":"_interopRequireDefault","decl":{"start":{"line":169,"column":9},"end":{"line":169,"column":31}},"loc":{"start":{"line":169,"column":37},"end":{"line":169,"column":95}},"line":169},"21":{"name":"_asyncToGenerator","decl":{"start":{"line":171,"column":9},"end":{"line":171,"column":26}},"loc":{"start":{"line":171,"column":31},"end":{"line":171,"column":458}},"line":171},"22":{"name":"(anonymous_22)","decl":{"start":{"line":171,"column":40},"end":{"line":171,"column":41}},"loc":{"start":{"line":171,"column":52},"end":{"line":171,"column":455}},"line":171},"23":{"name":"(anonymous_23)","decl":{"start":{"line":171,"column":110},"end":{"line":171,"column":111}},"loc":{"start":{"line":171,"column":137},"end":{"line":171,"column":451}},"line":171},"24":{"name":"step","decl":{"start":{"line":171,"column":148},"end":{"line":171,"column":152}},"loc":{"start":{"line":171,"column":163},"end":{"line":171,"column":428}},"line":171},"25":{"name":"(anonymous_25)","decl":{"start":{"line":171,"column":341},"end":{"line":171,"column":342}},"loc":{"start":{"line":171,"column":358},"end":{"line":171,"column":382}},"line":171},"26":{"name":"(anonymous_26)","decl":{"start":{"line":171,"column":384},"end":{"line":171,"column":385}},"loc":{"start":{"line":171,"column":399},"end":{"line":171,"column":422}},"line":171}},"branchMap":{"0":{"loc":{"start":{"line":16,"column":16},"end":{"line":33,"column":17}},"type":"switch","locations":[{"start":{"line":17,"column":20},"end":{"line":24,"column":27}},{"start":{"line":26,"column":20},"end":{"line":28,"column":62}},{"start":{"line":30,"column":20},"end":{"line":30,"column":27}},{"start":{"line":31,"column":20},"end":{"line":32,"column":47}}],"line":16},"1":{"loc":{"start":{"line":48,"column":16},"end":{"line":65,"column":17}},"type":"switch","locations":[{"start":{"line":49,"column":20},"end":{"line":56,"column":27}},{"start":{"line":58,"column":20},"end":{"line":60,"column":63}},{"start":{"line":62,"column":20},"end":{"line":62,"column":27}},{"start":{"line":63,"column":20},"end":{"line":64,"column":48}}],"line":48},"2":{"loc":{"start":{"line":80,"column":16},"end":{"line":101,"column":17}},"type":"switch","locations":[{"start":{"line":81,"column":20},"end":{"line":92,"column":27}},{"start":{"line":94,"column":20},"end":{"line":96,"column":63}},{"start":{"line":98,"column":20},"end":{"line":98,"column":27}},{"start":{"line":99,"column":20},"end":{"line":100,"column":48}}],"line":80},"3":{"loc":{"start":{"line":116,"column":16},"end":{"line":128,"column":17}},"type":"switch","locations":[{"start":{"line":117,"column":20},"end":{"line":119,"column":60}},{"start":{"line":121,"column":20},"end":{"line":123,"column":63}},{"start":{"line":125,"column":20},"end":{"line":125,"column":27}},{"start":{"line":126,"column":20},"end":{"line":127,"column":48}}],"line":116},"4":{"loc":{"start":{"line":143,"column":16},"end":{"line":155,"column":17}},"type":"switch","locations":[{"start":{"line":144,"column":20},"end":{"line":146,"column":57}},{"start":{"line":148,"column":20},"end":{"line":150,"column":63}},{"start":{"line":152,"column":20},"end":{"line":152,"column":27}},{"start":{"line":153,"column":20},"end":{"line":154,"column":48}}],"line":143},"5":{"loc":{"start":{"line":169,"column":46},"end":{"line":169,"column":92}},"type":"cond-expr","locations":[{"start":{"line":169,"column":70},"end":{"line":169,"column":73}},{"start":{"line":169,"column":76},"end":{"line":169,"column":92}}],"line":169},"6":{"loc":{"start":{"line":169,"column":46},"end":{"line":169,"column":67}},"type":"binary-expr","locations":[{"start":{"line":169,"column":46},"end":{"line":169,"column":49}},{"start":{"line":169,"column":53},"end":{"line":169,"column":67}}],"line":169},"7":{"loc":{"start":{"line":171,"column":264},"end":{"line":171,"column":426}},"type":"if","locations":[{"start":{"line":171,"column":264},"end":{"line":171,"column":426}},{"start":{"line":171,"column":264},"end":{"line":171,"column":426}}],"line":171}},"s":{"0":1,"1":1,"2":1,"3":1,"4":1,"5":0,"6":0,"7":0,"8":0,"9":0,"10":0,"11":0,"12":0,"13":1,"14":0,"15":1,"16":1,"17":0,"18":0,"19":0,"20":0,"21":0,"22":0,"23":0,"24":0,"25":1,"26":0,"27":1,"28":1,"29":0,"30":0,"31":0,"32":0,"33":0,"34":0,"35":0,"36":0,"37":1,"38":0,"39":1,"40":1,"41":0,"42":0,"43":0,"44":0,"45":0,"46":0,"47":0,"48":0,"49":1,"50":0,"51":1,"52":1,"53":0,"54":0,"55":0,"56":0,"57":0,"58":0,"59":0,"60":0,"61":1,"62":0,"63":1,"64":1,"65":2,"66":5,"67":0,"68":0,"69":0,"70":0,"71":0,"72":0,"73":0,"74":0,"75":0,"76":0,"77":0,"78":0,"79":0,"80":1,"81":1},"f":{"0":1,"1":0,"2":0,"3":0,"4":1,"5":0,"6":0,"7":0,"8":1,"9":0,"10":0,"11":0,"12":1,"13":0,"14":0,"15":0,"16":1,"17":0,"18":0,"19":0,"20":2,"21":5,"22":0,"23":0,"24":0,"25":0,"26":0},"b":{"0":[0,0,0,0],"1":[0,0,0,0],"2":[0,0,0,0],"3":[0,0,0,0],"4":[0,0,0,0],"5":[1,1],"6":[2,2],"7":[0,0]},"_coverageSchema":"43e27e138ebf9cfc5966b082cf9a028302ed4184","hash":"0143d5477d22aef374cb41af4d337b584c09749b","contentHash":"ebd338483a0683f188414eda475800a9"},"/Users/zhouli/WebstormProjects/node-blog/src/models/image.js":{"path":"/Users/zhouli/WebstormProjects/node-blog/src/models/image.js","statementMap":{"0":{"start":{"line":3,"column":0},"end":{"line":5,"column":3}},"1":{"start":{"line":7,"column":22},"end":{"line":7,"column":56}},"2":{"start":{"line":9,"column":23},"end":{"line":9,"column":62}},"3":{"start":{"line":11,"column":39},"end":{"line":11,"column":93}},"4":{"start":{"line":13,"column":16},"end":{"line":13,"column":50}},"5":{"start":{"line":14,"column":16},"end":{"line":14,"column":50}},"6":{"start":{"line":16,"column":12},"end":{"line":46,"column":2}},"7":{"start":{"line":47,"column":0},"end":{"line":47,"column":24}}},"fnMap":{"0":{"name":"_interopRequireDefault","decl":{"start":{"line":11,"column":9},"end":{"line":11,"column":31}},"loc":{"start":{"line":11,"column":37},"end":{"line":11,"column":95}},"line":11}},"branchMap":{"0":{"loc":{"start":{"line":11,"column":46},"end":{"line":11,"column":92}},"type":"cond-expr","locations":[{"start":{"line":11,"column":70},"end":{"line":11,"column":73}},{"start":{"line":11,"column":76},"end":{"line":11,"column":92}}],"line":11},"1":{"loc":{"start":{"line":11,"column":46},"end":{"line":11,"column":67}},"type":"binary-expr","locations":[{"start":{"line":11,"column":46},"end":{"line":11,"column":49}},{"start":{"line":11,"column":53},"end":{"line":11,"column":67}}],"line":11}},"s":{"0":1,"1":1,"2":1,"3":1,"4":1,"5":1,"6":1,"7":1},"f":{"0":1},"b":{"0":[1,0],"1":[1,1]},"_coverageSchema":"43e27e138ebf9cfc5966b082cf9a028302ed4184","hash":"8b413d52bb98a93a4a221ebf60d00de3288dc493","contentHash":"1a03e33c80e22ddea585a97fc43b6a42"},"/Users/zhouli/WebstormProjects/node-blog/src/service/permission/index.js":{"path":"/Users/zhouli/WebstormProjects/node-blog/src/service/permission/index.js","statementMap":{"0":{"start":{"line":3,"column":0},"end":{"line":5,"column":3}},"1":{"start":{"line":7,"column":25},"end":{"line":7,"column":55}},"2":{"start":{"line":9,"column":26},"end":{"line":9,"column":68}},"3":{"start":{"line":11,"column":39},"end":{"line":11,"column":93}},"4":{"start":{"line":13,"column":0},"end":{"line":15,"column":2}}},"fnMap":{"0":{"name":"_interopRequireDefault","decl":{"start":{"line":11,"column":9},"end":{"line":11,"column":31}},"loc":{"start":{"line":11,"column":37},"end":{"line":11,"column":95}},"line":11}},"branchMap":{"0":{"loc":{"start":{"line":11,"column":46},"end":{"line":11,"column":92}},"type":"cond-expr","locations":[{"start":{"line":11,"column":70},"end":{"line":11,"column":73}},{"start":{"line":11,"column":76},"end":{"line":11,"column":92}}],"line":11},"1":{"loc":{"start":{"line":11,"column":46},"end":{"line":11,"column":67}},"type":"binary-expr","locations":[{"start":{"line":11,"column":4
[...]
n":1}},"line":33},"2":{"name":"(anonymous_2)","decl":{"start":{"line":34,"column":23},"end":{"line":34,"column":24}},"loc":{"start":{"line":34,"column":50},"end":{"line":49,"column":5}},"line":34},"3":{"name":"(anonymous_3)","decl":{"start":{"line":35,"column":27},"end":{"line":35,"column":28}},"loc":{"start":{"line":35,"column":54},"end":{"line":48,"column":9}},"line":35},"4":{"name":"(anonymous_4)","decl":{"start":{"line":39,"column":46},"end":{"line":39,"column":47}},"loc":{"start":{"line":39,"column":67},"end":{"line":46,"column":17}},"line":39}},"branchMap":{"0":{"loc":{"start":{"line":15,"column":46},"end":{"line":15,"column":92}},"type":"cond-expr","locations":[{"start":{"line":15,"column":70},"end":{"line":15,"column":73}},{"start":{"line":15,"column":76},"end":{"line":15,"column":92}}],"line":15},"1":{"loc":{"start":{"line":15,"column":46},"end":{"line":15,"column":67}},"type":"binary-expr","locations":[{"start":{"line":15,"column":46},"end":{"line":15,"column":49}},{"start":{"line":15,"column":53},"end":{"line":15,"column":67}}],"line":15},"2":{"loc":{"start":{"line":36,"column":12},"end":{"line":47,"column":13}},"type":"if","locations":[{"start":{"line":36,"column":12},"end":{"line":47,"column":13}},{"start":{"line":36,"column":12},"end":{"line":47,"column":13}}],"line":36},"3":{"loc":{"start":{"line":40,"column":20},"end":{"line":44,"column":21}},"type":"if","locations":[{"start":{"line":40,"column":20},"end":{"line":44,"column":21}},{"start":{"line":40,"column":20},"end":{"line":44,"column":21}}],"line":40}},"s":{"0":1,"1":1,"2":1,"3":1,"4":1,"5":2,"6":1,"7":1,"8":1,"9":0,"10":0,"11":0,"12":0,"13":0,"14":0,"15":0,"16":0,"17":0,"18":1},"f":{"0":2,"1":0,"2":0,"3":0,"4":0},"b":{"0":[1,1],"1":[2,2],"2":[0,0],"3":[0,0]},"_coverageSchema":"43e27e138ebf9cfc5966b082cf9a028302ed4184","hash":"41e587e753600d8b2867f7ddbd023e10fe5a3911","contentHash":"12ebd5661fd457f2228113e7212a69e5"},"/Users/zhouli/WebstormProjects/node-blog/src/service/userRole/index.js":{"path":"/Users/zhouli/WebstormProjects/node-blog/src/service/userRole/index.js","statementMap":{"0":{"start":{"line":3,"column":0},"end":{"line":5,"column":3}},"1":{"start":{"line":7,"column":23},"end":{"line":7,"column":51}},"2":{"start":{"line":9,"column":24},"end":{"line":9,"column":64}},"3":{"start":{"line":11,"column":39},"end":{"line":11,"column":93}},"4":{"start":{"line":13,"column":0},"end":{"line":15,"column":2}}},"fnMap":{"0":{"name":"_interopRequireDefault","decl":{"start":{"line":11,"column":9},"end":{"line":11,"column":31}},"loc":{"start":{"line":11,"column":37},"end":{"line":11,"column":95}},"line":11}},"branchMap":{"0":{"loc":{"start":{"line":11,"column":46},"end":{"line":11,"column":92}},"type":"cond-expr","locations":[{"start":{"line":11,"column":70},"end":{"line":11,"column":73}},{"start":{"line":11,"column":76},"end":{"line":11,"column":92}}],"line":11},"1":{"loc":{"start":{"line":11,"column":46},"end":{"line":11,"column":67}},"type":"binary-expr","locations":[{"start":{"line":11,"column":46},"end":{"line":11,"column":49}},{"start":{"line":11,"column":53},"end":{"line":11,"column":67}}],"line":11}},"s":{"0":1,"1":1,"2":1,"3":1,"4":1},"f":{"0":1},"b":{"0":[1,0],"1":[1,1]},"_coverageSchema":"43e27e138ebf9cfc5966b082cf9a028302ed4184","hash":"c892d0c04d18e6af2ea65b5f57f495152c8e4551","contentHash":"cee50560673404dda762144d85e82a04"},"/Users/zhouli/WebstormProjects/node-blog/src/service/userRole/userRoleService.js":{"path":"/Users/zhouli/WebstormProjects/node-blog/src/service/userRole/userRoleService.js","statementMap":{"0":{"start":{"line":3,"column":0},"end":{"line":5,"column":3}},"1":{"start":{"line":7,"column":19},"end":{"line":7,"column":55}},"2":{"start":{"line":9,"column":20},"end":{"line":9,"column":56}},"3":{"start":{"line":11,"column":21},"end":{"line":40,"column":3}},"4":{"start":{"line":12,"column":15},"end":{"line":35,"column":7}},"5":{"start":{"line":14,"column":8},"end":{"line":34,"column":26}},"6":{"start":{"line":15,"column":12},"end":{"line":33,"column":13}},"7":{"start":{"line":16,"column":16},"end":{"line":32,"column":17}},"8":{"start":{"line":18,"column":24},"end":{"line":18,"column":42}},"9":{"start":{"line":19,"column":24},"end":{"line":23,"column":27}},"10":{"start":{"line":26,"column":24},"end":{"line":26,"column":44}},"11":{"start":{"line":27,"column":24},"end":{"line":27,"column":62}},"12":{"start":{"line":31,"column":24},"end":{"line":31,"column":47}},"13":{"start":{"line":37,"column":4},"end":{"line":39,"column":6}},"14":{"start":{"line":38,"column":8},"end":{"line":38,"column":43}},"15":{"start":{"line":42,"column":21},"end":{"line":72,"column":3}},"16":{"start":{"line":43,"column":16},"end":{"line":67,"column":7}},"17":{"start":{"line":45,"column":8},"end":{"line":66,"column":27}},"18":{"start":{"line":46,"column":12},"end":{"line":65,"column":13}},"19":{"start":{"line":47,"column":16},"end":{"line":64,"column":17}},"20":{"start":{"line":49,"column":24},"end":{"line":49,"column":43}},"21":{"start":{"line":50,"column":24},"end":{"line":55,"column":27}},"22":{"start":{"line":58,"column":24},"end":{"line":58,"column":45}},"23":{"start":{"line":59,"column":24},"end":{"line":59,"column":63}},"24":{"start":{"line":63,"column":24},"end":{"line":63,"column":48}},"25":{"start":{"line":69,"column":4},"end":{"line":71,"column":6}},"26":{"start":{"line":70,"column":8},"end":{"line":70,"column":44}},"27":{"start":{"line":74,"column":21},"end":{"line":106,"column":3}},"28":{"start":{"line":75,"column":16},"end":{"line":101,"column":7}},"29":{"start":{"line":77,"column":8},"end":{"line":100,"column":27}},"30":{"start":{"line":78,"column":12},"end":{"line":99,"column":13}},"31":{"start":{"line":79,"column":16},"end":{"line":98,"column":17}},"32":{"start":{"line":81,"column":24},"end":{"line":81,"column":43}},"33":{"start":{"line":82,"column":24},"end":{"line":89,"column":27}},"34":{"start":{"line":92,"column":24},"end":{"line":92,"column":45}},"35":{"start":{"line":93,"column":24},"end":{"line":93,"column":63}},"36":{"start":{"line":97,"column":24},"end":{"line":97,"column":48}},"37":{"start":{"line":103,"column":4},"end":{"line":105,"column":6}},"38":{"start":{"line":104,"column":8},"end":{"line":104,"column":44}},"39":{"start":{"line":108,"column":18},"end":{"line":133,"column":3}},"40":{"start":{"line":109,"column":16},"end":{"line":128,"column":7}},"41":{"start":{"line":111,"column":8},"end":{"line":127,"column":27}},"42":{"start":{"line":112,"column":12},"end":{"line":126,"column":13}},"43":{"start":{"line":113,"column":16},"end":{"line":125,"column":17}},"44":{"start":{"line":115,"column":24},"end":{"line":115,"column":43}},"45":{"start":{"line":116,"column":24},"end":{"line":116,"column":64}},"46":{"start":{"line":119,"column":24},"end":{"line":119,"column":45}},"47":{"start":{"line":120,"column":24},"end":{"line":120,"column":63}},"48":{"start":{"line":124,"column":24},"end":{"line":124,"column":48}},"49":{"start":{"line":130,"column":4},"end":{"line":132,"column":6}},"50":{"start":{"line":131,"column":8},"end":{"line":131,"column":44}},"51":{"start":{"line":135,"column":21},"end":{"line":160,"column":3}},"52":{"start":{"line":136,"column":16},"end":{"line":155,"column":7}},"53":{"start":{"line":138,"column":8},"end":{"line":154,"column":27}},"54":{"start":{"line":139,"column":12},"end":{"line":153,"column":13}},"55":{"start":{"line":140,"column":16},"end":{"line":152,"column":17}},"56":{"start":{"line":142,"column":24},"end":{"line":142,"column":43}},"57":{"start":{"line":143,"column":24},"end":{"line":143,"column":61}},"58":{"start":{"line":146,"column":24},"end":{"line":146,"column":45}},"59":{"start":{"line":147,"column":24},"end":{"line":147,"column":63}},"60":{"start":{"line":151,"column":24},"end":{"line":151,"column":48}},"61":{"start":{"line":157,"column":4},"end":{"line":159,"column":6}},"62":{"start":{"line":158,"column":8},"end":{"line":158,"column":44}},"63":{"start":{"line":162,"column":17},"end":{"line":162,"column":50}},"64":{"start":{"line":164,"column":18},"end":{"line":164,"column":52}},"65":{"start":{"line":166,"column":39},"end":{"line":166,"column":93}},"66":{"start":{"line":168,"column":33},"end":{"line":168,"column":456}},"67":{"start":{"line":168,"column":64},"end":{"line":168,"column":89}},"68":{"start":{"line":168,"column":91},"end":{"line":168,"column":453}},"69":{"start":{"line":168,"column":165},"end":{"line":168,"column":263}},"70":{"start":{"line":168,"column":182},"end":{"line":168,"column":195}},"71":{"start":{"line":168,"column":209},"end":{"line":168,"column":219}},"72":{"start":{"line":168,"column":239},"end":{"line":168,"column":253}},"73":{"start":{"line":168,"column":254},"end":{"line":168,"column":261}},"74":{"start":{"line":168,"column":264},"end":{"line":168,"column":426}},"75":{"start":{"line":168,"column":281},"end":{"line":168,"column":296}},"76":{"start":{"line":168,"column":306},"end":{"line":168,"column":424}},"77":{"start":{"line":168,"column":360},"end":{"line":168,"column":380}},"78":{"start":{"line":168,"column":401},"end":{"line":168,"column":420}},"79":{"start":{"line":168,"column":429},"end":{"line":168,"column":449}},"80":{"start":{"line":170,"column":22},"end":{"line":176,"column":1}},"81":{"start":{"line":177,"column":0},"end":{"line":177,"column":34}}},"fnMap":{"0":{"name":"(anonymous_0)","decl":{"start":{"line":11,"column":21},"end":{"line":11,"column":22}},"loc":{"start":{"line":11,"column":33},"end":{"line":40,"column":1}},"line":11},"1":{"name":"_callee","decl":{"start":{"line":12,"column":83},"end":{"line":12,"column":90}},"loc":{"start":{"line":12,"column":121},"end":{"line":35,"column":5}},"line":12},"2":{"name":"_callee$","decl":{"start":{"line":14,"column":51},"end":{"line":14,"column":59}},"loc":{"start":{"line":14,"column":70},"end":{"line":34,"column":9}},"line":14},"3":{"name":"createUserRole","decl":{"start":{"line":37,"column":20},"end":{"line":37,"column":34}},"loc":{"start":{"line":37,"column":49},"end":{"line":39,"column":5}},"line":37},"4":{"name":"(anonymous_4)","decl":{"start":{"line":42,"column":21},"end":{"line":42,"column":22}},"loc":{"start":{"line":42,"column":33},"end":{"line":72,"column":1}},"line":42},"5":{"name":"_callee2","decl":{"start":{"line":43,"column":84},"end":{"line":43,"column":92}},"loc":{"start":{"line":43,"column":106},"end":{"line":67,"column":5}},"line":43},"6":{"name":"_callee2$","decl":{"start":{"line":45,"column":51},"end":{"line":45,"column":60}},"loc":{"start":{"line":45,"column":72},"end":{"line":66,"column":9}},"line":45},"7":{"name":"deleteUserRole","decl":{"start":{"line":69,"column":20},"end":{"line":69,"column":34}},"loc":{"start":{"line":69,"column":45},"end":{"line":71,"column":5}},"line":69},"8":{"name":"(anonymous_8)","decl":{"start":{"line":74,"column":21},"end":{"line":74,"column":22}},"loc":{"start":{"line":74,"column":33},"end":{"line":106,"column":1}},"line":74},"9":{"name":"_callee3","decl":{"start":{"line":75,"column":84},"end":{"line":75,"column":92}},"loc":{"start":{"line":75,"column":115},"end":{"line":101,"column":5}},"line":75},"10":{"name":"_callee3$","decl":{"start":{"line":77,"column":51},"end":{"line":77,"column":60}},"loc":{"start":{"line":77,"column":72},"end":{"line":100,"column":9}},"line":77},"11":{"name":"updateUserRole","decl":{"start":{"line":103,"column":20},"end":{"line":103,"column":34}},"loc":{"start":{"line":103,"column":50},"end":{"line":105,"column":5}},"line":103},"12":{"name":"(anonymous_12)","decl":{"start":{"line":108,"column":18},"end":{"line":108,"column":19}},"loc":{"start":{"line":108,"column":30},"end":{"line":133,"column":1}},"line":108},"13":{"name":"_callee4","decl":{"start":{"line":109,"column":84},"end":{"line":109,"column":92}},"loc":{"start":{"line":109,"column":97},"end":{"line":128,"column":5}},"line":109},"14":{"name":"_callee4$","decl":{"start":{"line":111,"column":51},"end":{"line":111,"column":60}},"loc":{"start":{"line":111,"column":72},"end":{"line":127,"column":9}},"line":111},"15":{"name":"getUserRole","decl":{"start":{"line":130,"column":20},"end":{"line":130,"column":31}},"loc":{"start":{"line":130,"column":37},"end":{"line":132,"column":5}},"line":130},"16":{"name":"(anonymous_16)","decl":{"start":{"line":135,"column":21},"end":{"line":135,"column":22}},"loc":{"start":{"line":135,"column":33},"end":{"line":160,"column":1}},"line":135},"17":{"name":"_callee5","decl":{"start":{"line":136,"column":84},"end":{"line":136,"column":92}},"loc":{"start":{"line":136,"column":95},"end":{"line":155,"column":5}},"line":136},"18":{"name":"_callee5$","decl":{"start":{"line":138,"column":51},"end":{"line":138,"column":60}},"loc":{"start":{"line":138,"column":72},"end":{"line":154,"column":9}},"line":138},"19":{"name":"getAllUserRole","decl":{"start":{"line":157,"column":20},"end":{"line":157,"column":34}},"loc":{"start":{"line":157,"column":37},"end":{"line":159,"column":5}},"line":157},"20":{"name":"_interopRequireDefault","decl":{"start":{"line":166,"column":9},"end":{"line":166,"column":31}},"loc":{"start":{"line":166,"column":37},"end":{"line":166,"column":95}},"line":166},"21":{"name":"_asyncToGenerator","decl":{"start":{"line":168,"column":9},"end":{"line":168,"column":26}},"loc":{"start":{"line":168,"column":31},"end":{"line":168,"column":458}},"line":168},"22":{"name":"(anonymous_22)","decl":{"start":{"line":168,"column":40},"end":{"line":168,"column":41}},"loc":{"start":{"line":168,"column":52},"end":{"line":168,"column":455}},"line":168},"23":{"name":"(anonymous_23)","decl":{"start":{"line":168,"column":110},"end":{"line":168,"column":111}},"loc":{"start":{"line":168,"column":137},"end":{"line":168,"column":451}},"line":168},"24":{"name":"step","decl":{"start":{"line":168,"column":148},"end":{"line":168,"column":152}},"loc":{"start":{"line":168,"column":163},"end":{"line":168,"column":428}},"line":168},"25":{"name":"(anonymous_25)","decl":{"start":{"line":168,"column":341},"end":{"line":168,"column":342}},"loc":{"start":{"line":168,"column":358},"end":{"line":168,"column":382}},"line":168},"26":{"name":"(anonymous_26)","decl":{"start":{"line":168,"column":384},"end":{"line":168,"column":385}},"loc":{"start":{"line":168,"column":399},"end":{"line":168,"column":422}},"line":168}},"branchMap":{"0":{"loc":{"start":{"line":16,"column":16},"end":{"line":32,"column":17}},"type":"switch","locations":[{"start":{"line":17,"column":20},"end":{"line":23,"column":27}},{"start":{"line":25,"column":20},"end":{"line":27,"column":62}},{"start":{"line":29,"column":20},"end":{"line":29,"column":27}},{"start":{"line":30,"column":20},"end":{"line":31,"column":47}}],"line":16},"1":{"loc":{"start":{"line":47,"column":16},"end":{"line":64,"column":17}},"type":"switch","locations":[{"start":{"line":48,"column":20},"end":{"line":55,"column":27}},{"start":{"line":57,"column":20},"end":{"line":59,"column":63}},{"start":{"line":61,"column":20},"end":{"line":61,"column":27}},{"start":{"line":62,"column":20},"end":{"line":63,"column":48}}],"line":47},"2":{"loc":{"start":{"line":79,"column":16},"end":{"line":98,"column":17}},"type":"switch","locations":[{"start":{"line":80,"column":20},"end":{"line":89,"column":27}},{"start":{"line":91,"column":20},"end":{"line":93,"column":63}},{"start":{"line":95,"column":20},"end":{"line":95,"column":27}},{"start":{"line":96,"column":20},"end":{"line":97,"column":48}}],"line":79},"3":{"loc":{"start":{"line":113,"column":16},"end":{"line":125,"column":17}},"type":"switch","locations":[{"start":{"line":114,"column":20},"end":{"line":116,"column":64}},{"start":{"line":118,"column":20},"end":{"line":120,"column":63}},{"start":{"line":122,"column":20},"end":{"line":122,"column":27}},{"start":{"line":123,"column":20},"end":{"line":124,"column":48}}],"line":113},"4":{"loc":{"start":{"line":140,"column":16},"end":{"line":152,"column":17}},"type":"switch","locations":[{"start":{"line":141,"column":20},"end":{"line":143,"column":61}},{"start":{"line":145,"column":20},"end":{"line":147,"column":63}},{"start":{"line":149,"column":20},"end":{"line":149,"column":27}},{"start":{"line":150,"column":20},"end":{"line":151,"column":48}}],"line":140},"5":{"loc":{"start":{"line":166,"column":46},"end":{"line":166,"column":92}},"type":"cond-expr","locations":[{"start":{"line":166,"column":70},"end":{"line":166,"column":73}},{"start":{"line":166,"column":76},"end":{"line":166,"column":92}}],"line":166},"6":{"loc":{"start":{"line":166,"column":46},"end":{"line":166,"column":67}},"type":"binary-expr","locations":[{"start":{"line":166,"column":46},"end":{"line":166,"column":49}},{"start":{"line":166,"column":53},"end":{"line":166,"column":67}}],"line":166},"7":{"loc":{"start":{"line":168,"column":264},"end":{"line":168,"column":426}},"type":"if","locations":[{"start":{"line":168,"column":264},"end":{"line":168,"column":426}},{"start":{"line":168,"column":264},"end":{"line":168,"column":426}}],"line":168}},"s":{"0":1,"1":1,"2":1,"3":1,"4":1,"5":0,"6":0,"7":0,"8":0,"9":0,"10":0,"11":0,"12":0,"13":1,"14":0,"15":1,"16":1,"17":0,"18":0,"19":0,"20":0,"21":0,"22":0,"23":0,"24":0,"25":1,"26":0,"27":1,"28":1,"29":0,"30":0,"31":0,"32":0,"33":0,"34":0,"35":0,"36":0,"37":1,"38":0,"39":1,"40":1,"41":0,"42":0,"43":0,"44":0,"45":0,"46":0,"47":0,"48":0,"49":1,"50":0,"51":1,"52":1,"53":0,"54":0,"55":0,"56":0,"57":0,"58":0,"59":0,"60":0,"61":1,"62":0,"63":1,"64":1,"65":2,"66":5,"67":0,"68":0,"69":0,"70":0,"71":0,"72":0,"73":0,"74":0,"75":0,"76":0,"77":0,"78":0,"79":0,"80":1,"81":1},"f":{"0":1,"1":0,"2":0,"3":0,"4":1,"5":0,"6":0,"7":0,"8":1,"9":0,"10":0,"11":0,"12":1,"13":0,"14":0,"15":0,"16":1,"17":0,"18":0,"19":0,"20":2,"21":5,"22":0,"23":0,"24":0,"25":0,"26":0},"b":{"0":[0,0,0,0],"1":[0,0,0,0],"2":[0,0,0,0],"3":[0,0,0,0],"4":[0,0,0,0],"5":[1,1],"6":[2,2],"7":[0,0]},"_coverageSchema":"43e27e138ebf9cfc5966b082cf9a028302ed4184","hash":"36ac8608928335784baf976ce529bdac84fa9647","contentHash":"8a958ac5febc74180814326e1f4760fe"},"/Users/zhouli/WebstormProjects/node-blog/src/models/user_role.js":{"path":"/Users/zhouli/WebstormProjects/node-blog/src/models/user_role.js","statementMap":{"0":{"start":{"line":3,"column":0},"end":{"line":5,"column":3}},"1":{"start":{"line":7,"column":22},"end":{"line":7,"column":56}},"2":{"start":{"line":9,"column":23},"end":{"line":9,"column":62}},"3":{"start":{"line":11,"column":12},"end":{"line":11,"column":29}},"4":{"start":{"line":13,"column":13},"end":{"line":13,"column":42}},"5":{"start":{"line":15,"column":12},"end":{"line":15,"column":29}},"6":{"start":{"line":17,"column":13},"end":{"line":17,"column":42}},"7":{"start":{"line":19,"column":39},"end":{"line":19,"column":93}},"8":{"start":{"line":21,"column":16},"end":{"line":21,"column":50}},"9":{"start":{"line":22,"column":16},"end":{"line":22,"column":50}},"10":{"start":{"line":24,"column":16},"end":{"line":57,"column":2}},"11":{"start":{"line":60,"column":0},"end":{"line":60,"column":104}},"12":{"start":{"line":61,"column":0},"end":{"line":61,"column":104}},"13":{"start":{"line":63,"column":0},"end":{"line":63,"column":28}}},"fnMap":{"0":{"name":"_interopRequireDefault","decl":{"start":{"line":19,"column":9},"end":{"line":19,"column":31}},"loc":{"start":{"line":19,"column":37},"end":{"line":19,"column":95}},"line":19}},"branchMap":{"0":{"loc":{"start":{"line":19,"column":46},"end":{"line":19,"column":92}},"type":"cond-expr","locations":[{"start":{"line":19,"column":70},"end":{"line":19,"column":73}},{"start":{"line":19,"column":76},"end":{"line":19,"column":92}}],"line":19},"1":{"loc":{"start":{"line":19,"column":46},"end":{"line":19,"column":67}},"type":"binary-expr","locations":[{"start":{"line":19,"column":46},"end":{"line":19,"column":49}},{"start":{"line":19,"column":53},"end":{"line":19,"column":67}}],"line":19}},"s":{"0":1,"1":1,"2":1,"3":1,"4":1,"5":1,"6":1,"7":3,"8":1,"9":1,"10":1,"11":1,"12":1,"13":1},"f":{"0":3},"b":{"0":[3,0],"1":[3,3]},"_coverageSchema":"43e27e138ebf9cfc5966b082cf9a028302ed4184","hash":"dbfd4525ace095b28b2b66dd3193e29862fcf9ea","contentHash":"f649748f35556b8423f9eb047b2236fe"}}