{"/Users/zhouli/mygithub/node-blog/src/service/index.js":{"path":"/Users/zhouli/mygithub/node-blog/src/service/index.js","statementMap":{"0":{"start":{"line":3,"column":0},"end":{"line":5,"column":3}},"1":{"start":{"line":7,"column":19},"end":{"line":7,"column":43}},"2":{"start":{"line":9,"column":20},"end":{"line":9,"column":56}},"3":{"start":{"line":11,"column":15},"end":{"line":11,"column":35}},"4":{"start":{"line":13,"column":16},"end":{"line":13,"column":48}},"5":{"start":{"line":15,"column":13},"end":{"line":15,"column":31}},"6":{"start":{"line":17,"column":14},"end":{"line":17,"column":44}},"7":{"start":{"line":19,"column":18},"end":{"line":19,"column":41}},"8":{"start":{"line":21,"column":19},"end":{"line":21,"column":54}},"9":{"start":{"line":23,"column":12},"end":{"line":23,"column":29}},"10":{"start":{"line":25,"column":13},"end":{"line":25,"column":42}},"11":{"start":{"line":27,"column":19},"end":{"line":27,"column":43}},"12":{"start":{"line":29,"column":20},"end":{"line":29,"column":56}},"13":{"start":{"line":31,"column":16},"end":{"line":31,"column":37}},"14":{"start":{"line":33,"column":17},"end":{"line":33,"column":50}},"15":{"start":{"line":35,"column":16},"end":{"line":35,"column":37}},"16":{"start":{"line":37,"column":17},"end":{"line":37,"column":50}},"17":{"start":{"line":39,"column":15},"end":{"line":39,"column":35}},"18":{"start":{"line":41,"column":16},"end":{"line":41,"column":48}},"19":{"start":{"line":43,"column":20},"end":{"line":43,"column":45}},"20":{"start":{"line":45,"column":21},"end":{"line":45,"column":58}},"21":{"start":{"line":47,"column":12},"end":{"line":47,"column":29}},"22":{"start":{"line":49,"column":13},"end":{"line":49,"column":42}},"23":{"start":{"line":51,"column":22},"end":{"line":51,"column":49}},"24":{"start":{"line":53,"column":23},"end":{"line":53,"column":62}},"25":{"start":{"line":55,"column":11},"end":{"line":55,"column":27}},"26":{"start":{"line":57,"column":12},"end":{"line":57,"column":40}},"27":{"start":{"line":59,"column":12},"end":{"line":59,"column":29}},"28":{"start":{"line":61,"column":13},"end":{"line":61,"column":42}},"29":{"start":{"line":63,"column":16},"end":{"line":63,"column":37}},"30":{"start":{"line":65,"column":17},"end":{"line":65,"column":50}},"31":{"start":{"line":67,"column":39},"end":{"line":67,"column":93}},"32":{"start":{"line":69,"column":0},"end":{"line":85,"column":2}}},"fnMap":{"0":{"name":"_interopRequireDefault","decl":{"start":{"line":67,"column":9},"end":{"line":67,"column":31}},"loc":{"start":{"line":67,"column":37},"end":{"line":67,"column":95}},"line":67}},"branchMap":{"0":{"loc":{"start":{"line":67,"column":46},"end":{"line":67,"column":92}},"type":"cond-expr","locations":[{"start":{"line":67,"column":70},"end":{"line":67,"column":73}},{"start":{"line":67,"column":76},"end":{"line":67,"column":92}}],"line":67},"1":{"loc":{"start":{"line":67,"column":46},"end":{"line":67,"column":67}},"type":"binary-expr","locations":[{"start":{"line":67,"column":46},"end":{"line":67,"column":49}},{"start":{"line":67,"column":53},"end":{"line":67,"column":67}}],"line":67}},"s":{"0":1,"1":1,"2":1,"3":1,"4":1,"5":1,"6":1,"7":1,"8":1,"9":1,"10":1,"11":1,"12":1,"13":1,"14":1,"15":1,"16":1,"17":1,"18":1,"19":1,"20":1,"21":1,"22":1,"23":1,"24":1,"25":1,"26":1,"27":1,"28":1,"29":1,"30":1,"31":15,"32":1},"f":{"0":15},"b":{"0":[15,0],"1":[15,15]},"_coverageSchema":"43e27e138ebf9cfc5966b082cf9a028302ed4184","hash":"ee45c0c490a2774af5ab218dce35daa637a2d0c6","contentHash":"93cca7600561239fdfd3f1e3ceade321"},"/Users/zhouli/mygithub/node-blog/src/service/accessToken/index.js":{"path":"/Users/zhouli/mygithub/node-blog/src/service/accessToken/index.js","statementMap":{"0":{"start":{"line":3,"column":0},"end":{"line":5,"column":3}},"1":{"start":{"line":7,"column":26},"end":{"line":7,"column":57}},"2":{"start":{"line":9,"column":27},"end":{"line":9,"column":70}},"3":{"start":{"line":11,"column":39},"end":{"line":11,"column":93}},"4":{"start":{"line":13,"column":0},"end":{"line":15,"column":2}}},"fnMap":{"0":{"name":"_interopRequireDefault","decl":{"start":{"line":11,"column":9},"end":{"line":11,"column":31}},"loc":{"start":{"line":11,"column":37},"end":{"line":11,"column":95}},"line":11}},"branchMap":{"0":{"loc":{"start":{"line":11,"column":46},"end":{"line":11,"column":92}},"type":"cond-expr","locations":[{"start":{"line":11,"column":70},"end":{"line":11,"column":73}},{"start":{"line":11,"column":76},"end":{"line":11,"column":92}}],"line":11},"1":{"loc":{"start":{"line":11,"column":46},"end":{"line":11,"column":67}},"type":"binary-expr","locations":[{"start":{"line":11,"column":46},"end":{"line":11,"column":49}},{"start":{"line":11,"column":53},"end":{"line":11,"column":67}}],"line":11}},"s":{"0":1,"1":1,"2":1,"3":1,"4":1},"f":{"0":1},"b":{"0":[1,0],"1":[1,1]},"_coverageSchema":"43e27e138ebf9cfc5966b082cf9a028302ed4184","hash":"a4094c94b0bb6355d2307c82faa01eeabbb78ff4","contentHash":"6d7754ed872c9c1de64e91769a52ad3e"},"/Users/zhouli/mygithub/node-blog/src/service/accessToken/accessTokenService.js":{"path":"/Users/zhouli/mygithub/node-blog/src/service/accessToken/accessTokenService.js","statementMap":{"0":{"start":{"line":3,"column":0},"end":{"line":5,"column":3}},"1":{"start":{"line":7,"column":19},"end":{"line":7,"column":55}},"2":{"start":{"line":9,"column":20},"end":{"line":9,"column":56}},"3":{"start":{"line":11,"column":24},"end":{"line":41,"column":3}},"4":{"start":{"line":12,"column":15},"end":{"line":36,"column":7}},"5":{"start":{"line":14,"column":8},"end":{"line":35,"column":26}},"6":{"start":{"line":15,"column":12},"end":{"line":34,"column":13}},"7":{"start":{"line":16,"column":16},"end":{"line":33,"column":17}},"8":{"start":{"line":18,"column":24},"end":{"line":18,"column":42}},"9":{"start":{"line":19,"column":24},"end":{"line":24,"column":27}},"10":{"start":{"line":27,"column":24},"end":{"line":27,"column":44}},"11":{"start":{"line":28,"column":24},"end":{"line":28,"column":62}},"12":{"start":{"line":32,"column":24},"end":{"line":32,"column":47}},"13":{"start":{"line":38,"column":4},"end":{"line":40,"column":6}},"14":{"start":{"line":39,"column":8},"end":{"line":39,"column":43}},"15":{"start":{"line":43,"column":24},"end":{"line":73,"column":3}},"16":{"start":{"line":44,"column":16},"end":{"line":68,"column":7}},"17":{"start":{"line":46,"column":8},"end":{"line":67,"column":27}},"18":{"start":{"line":47,"column":12},"end":{"line":66,"column":13}},"19":{"start":{"line":48,"column":16},"end":{"line":65,"column":17}},"20":{"start":{"line":50,"column":24},"end":{"line":50,"column":43}},"21":{"start":{"line":51,"column":24},"end":{"line":56,"column":27}},"22":{"start":{"line":59,"column":24},"end":{"line":59,"column":45}},"23":{"start":{"line":60,"column":24},"end":{"line":60,"column":63}},"24":{"start":{"line":64,"column":24},"end":{"line":64,"column":48}},"25":{"start":{"line":70,"column":4},"end":{"line":72,"column":6}},"26":{"start":{"line":71,"column":8},"end":{"line":71,"column":44}},"27":{"start":{"line":75,"column":24},"end":{"line":107,"column":3}},"28":{"start":{"line":76,"column":16},"end":{"line":102,"column":7}},"29":{"start":{"line":78,"column":8},"end":{"line":101,"column":27}},"30":{"start":{"line":79,"column":12},"end":{"line":100,"column":13}},"31":{"start":{"line":80,"column":16},"end":{"line":99,"column":17}},"32":{"start":{"line":82,"column":24},"end":{"line":82,"column":43}},"33":{"start":{"line":83,"column":24},"end":{"line":90,"column":27}},"34":{"start":{"line":93,"column":24},"end":{"line":93,"column":45}},"35":{"start":{"line":94,"column":24},"end":{"line":94,"column":63}},"36":{"start":{"line":98,"column":24},"end":{"line":98,"column":48}},"37":{"start":{"line":104,"column":4},"end":{"line":106,"column":6}},"38":{"start":{"line":105,"column":8},"end":{"line":105,"column":44}},"39":{"start":{"line":109,"column":21},"end":{"line":134,"column":3}},"40":{"start":{"line":110,"column":16},"end":{"line":129,"column":7}},"41":{"start":{"line":112,"column":8},"end":{"line":128,"column":27}},"42":{"start":{"line":113,"column":12},"end":{"line":127,"column":13}},"43":{"start":{"line":114,"column":16},"end":{"line":126,"column":17}},"44":{"start":{"line":116,"column":24},"end":{"line":116,"column":43}},"45":{"start":{"line":117,"column":24},"end":{"line":117,"column":67}},"46":{"start":{"line":120,"column":24},"end":{"line":120,"column":45}},"47":{"start":{"line":121,"column":24},"end":{"line":121,"column":63}},"48":{"start":{"line":125,"column":24},"end":{"line":125,"column":48}},"49":{"start":{"line":131,"column":4},"end":{"line":133,"column":6}},"50":{"start":{"line":132,"column":8},"end":{"line":132,"column":44}},"51":{"start":{"line":136,"column":24},"end":{"line":161,"column":3}},"52":{"start":{"line":137,"column":16},"end":{"line":156,"column":7}},"53":{"start":{"line":139,"column":8},"end":{"line":155,"column":27}},"54":{"start":{"line":140,"column":12},"end":{"line":154,"column":13}},"55":{"start":{"line":141,"column":16},"end":{"line":153,"column":17}},"56":{"start":{"line":143,"column":24},"end":{"line":143,"column":43}},"57":{"start":{"line":144,"column":24},"end":{"line":144,"column":64}},"58":{"start":{"line":147,"column":24},"end":{"line":147,"column":45}},"59":{"start":{"line":148,"column":24},"end":{"line":148,"column":63}},"60":{"start":{"line":152,"column":24},"end":{"line":152,"column":48}},"61":{"start":{"line":158,"column":4},"end":{"line":160,"column":6}},"62":{"start":{"line":159,"column":8},"end":{"line":159,"column":44}},"63":{"start":{"line":163,"column":20},"end":{"line":163,"column":56}},"64":{"start":{"line":165,"column":21},"end":{"line":165,"column":58}},"65":{"start":{"line":167,"column":39},"end":{"line":167,"column":93}},"66":{"start":{"line":169,"column":33},"end":{"line":169,"column":456}},"67":{"start":{"line":169,"column":64},"end":{"line":169,"column":89}},"68":{"start":{"line":169,"column":91},"end":{"line":169,"column":453}},"69":{"start":{"line":169,"column":165},"end":{"line":169,"column":263}},"70":{"start":{"line":169,"column":182},"end":{"line":169,"column":195}},"71":{"start":{"line":169,"column":209},"end":{"line":169,"column":219}},"72":{"start":{"line":169,"column":239},"end":{"line":169,"column":253}},"73":{"start":{"line":169,"column":254},"end":{"line":169,"column":261}},"74":{"start":{"line":169,"column":264},"end":{"line":169,"column":426}},"75":{"start":{"line":169,"column":281},"end":{"line":169,"column":296}},"76":{"start":{"line":169,"column":306},"end":{"line":169,"column":424}},"77":{"start":{"line":169,"column":360},"end":{"line":169,"column":380}},"78":{"start":{"line":169,"column":401},"end":{"line":169,"column":420}},"79":{"start":{"line":169,"column":429},"end":{"line":169,"column":449}},"80":{"start":{"line":171,"column":25},"end":{"line":177,"column":1}},"81":{"start":{"line":178,"column":0},"end":{"line":178,"column":37}}},"fnMap":{"0":{"name":"(anonymous_0)","decl":{"start":{"line":11,"column":24},"end":{"line":11,"column":25}},"loc":{"start":{"line":11,"column":36},"end":{"line":41,"column":1}},"line":11},"1":{"name":"_callee","decl":{"start":{"line":12,"column":83},"end":{"line":12,"column":90}},"loc":{"start":{"line":12,"column":134},"end":{"line":36,"column":5}},"line":12},"2":{"name":"_callee$","decl":{"start":{"line":14,"column":51},"end":{"line":14,"column":59}},"loc":{"start":{"line":14,"column":70},"end":{"line":35,"column":9}},"line":14},"3":{"name":"createAccessToken","decl":{"start":{"line":38,"column":20},"end":{"line":38,"column":37}},"loc":{"start":{"line":38,"column":57},"end":{"line":40,"column":5}},"line":38},"4":{"name":"(anonymous_4)","decl":{"start":{"line":43,"column":24},"end":{"line":43,"column":25}},"loc":{"start":{"line":43,"column":36},"end":{"line":73,"column":1}},"line":43},"5":{"name":"_callee2","decl":{"start":{"line":44,"column":84},"end":{"line":44,"column":92}},"loc":{"start":{"line":44,"column":106},"end":{"line":68,"column":5}},"line":44},"6":{"name":"_callee2$","decl":{"start":{"line":46,"column":51},"end":{"line":46,"column":60}},"loc":{"start":{"line":46,"column":72},"end":{"line":67,"column":9}},"line":46},"7":{"name":"deleteAccessToken","decl":{"start":{"line":70,"column":20},"end":{"line":70,"column":37}},"loc":{"start":{"line":70,"column":48},"end":{"line":72,"column":5}},"line":70},"8":{"name":"(anonymous_8)","decl":{"start":{"line":75,"column":24},"end":{"line":75,"column":25}},"loc":{"start":{"line":75,"column":36},"end":{"line":107,"column":1}},"line":75},"9":{"name":"_callee3","decl":{"start":{"line":76,"column":84},"end":{"line":76,"column":92}},"loc":{"start":{"line":76,"column":120},"end":{"line":102,"column":5}},"line":76},"10":{"name":"_callee3$","decl":{"start":{"line":78,"column":51},"end":{"line":78,"column":60}},"loc":{"start":{"line":78,"column":72},"end":{"line":101,"column":9}},"line":78},"11":{"name":"updateAccessToken","decl":{"start":{"line":104,"column":20},"end":{"line":104,"column":37}},"loc":{"start":{"line":104,"column":53},"end":{"line":106,"column":5}},"line":104},"12":{"name":"(anonymous_12)","decl":{"start":{"line":109,"column":21},"end":{"line":109,"column":22}},"loc":{"start":{"line":109,"column":33},"end":{"line":134,"column":1}},"line":109},"13":{"name":"_callee4","decl":{"start":{"line":110,"column":84},"end":{"line":110,"column":92}},"loc":{"start":{"line":110,"column":97},"end":{"line":129,"column":5}},"line":110},"14":{"name":"_callee4$","decl":{"start":{"line":112,"column":51},"end":{"line":112,"column":60}},"loc":{"start":{"line":112,"column":72},"end":{"line":128,"column":9}},"line":112},"15":{"name":"getAccessToken","decl":{"start":{"line":131,"column":20},"end":{"line":131,"column":34}},"loc":{"start":{"line":131,"column":41},"end":{"line":133,"column":5}},"line":131},"16":{"name":"(anonymous_16)","decl":{"start":{"line":136,"column":24},"end":{"line":136,"column":25}},"loc":{"start":{"line":136,"column":36},"end":{"line":161,"column":1}},"line":136},"17":{"name":"_callee5","decl":{"start":{"line":137,"column":84},"end":{"line":137,"column":92}},"loc":{"start":{"line":137,"column":95},"end":{"line":156,"column":5}},"line":137},"18":{"name":"_callee5$","decl":{"start":{"line":139,"column":51},"end":{"line":139,"column":60}},"loc":{"start":{"line":139,"column":72},"end":{"line":155,"column":9}},"line":139},"19":{"name":"getAllAccessToken","decl":{"start":{"line":158,"column":20},"end":{"line":158,"column":37}},"loc":{"start":{"line":158,"column":40},"end":{"line":160,"column":5}},"line":158},"20":{"name":"_interopRequireDefault","decl":{"start":{"line":167,"column":9},"end":{"line":167,"column":31}},"loc":{"start":{"line":167,"column":37},"end":{"line":167,"column":95}},"line":167},"21":{"name":"_asyncToGenerator","decl":{"start":{"line":169,"column":9},"end":{"line":169,"column":26}},"loc":{"start":{"line":169,"column":31},"end":{"line":169,"column":458}},"line":169},"22":{"name":"(anonymous_22)","decl":{"start":{"line":169,"column":40},"end":{"line":169,"column":41}},"loc":{"start":{"line":169,"column":52},"end":{"line":169,"column":455}},"line":169},"23":{"name":"(anonymous_23)","decl":{"start":{"line":169,"column":110},"end":{"line":169,"column":111}},"loc":{"start":{"line":169,"column":137},"end":{"line":169,"column":451}},"line":169},"24":{"name":"step","decl":{"start":{"line":169,"column":148},"end":{"line":169,"column":152}},"loc":{"start":{"line":169,"column":163},"end":{"line":169,"column":428}},"line":169},"25":{"name":"(anonymous_25)","decl":{"start":{"line":169,"column":341},"end":{"line":169,"column":342}},"loc":{"start":{"line":169,"column":358},"end":{"line":169,"column":382}},"line":169},"26":{"name":"(anonymous_26)","decl":{"start":{"line":169,"column":384},"end":{"line":169,"column":385}},"loc":{"start":{"line":169,"column":399},"end":{"line":169,"column":422}},"line":169}},"branchMap":{"0":{"loc":{"start":{"line":16,"column":16},"end":{"line":33,"column":17}},"type":"switch","locations":[{"start":{"line":17,"column":20},"end":{"line":24,"column":27}},{"start":{"line":26,"column":20},"end":{"line":28,"column":62}},{"start":{"line":30,"column":20},"end":{"line":30,"column":27}},{"start":{"line":31,"column":20},"end":{"line":32,"column":47}}],"line":16},"1":{"loc":{"start":{"line":48,"column":16},"end":{"line":65,"column":17}},"type":"switch","locations":[{"start":{"line":49,"column":20},"end":{"line":56,"column":27}},{"start":{"line":58,"column":20},"end":{"line":60,"column":63}},{"start":{"line":62,"column":20},"end":{"line":62,"column":27}},{"start":{"line":63,"column":20},"end":{"line":64,"column":48}}],"line":48},"2":{"loc":{"start":{"line":80,"column":16},"end":{"line":99,"column":17}},"type":"switch","locations":[{"start":{"line":81,"column":20},"end":{"line":90,"column":27}},{"start":{"line":92,"column":20},"end":{"line":94,"column":63}},{"start":{"line":96,"column":20},"end":{"line":96,"column":27}},{"start":{"line":97,"column":20},"end":{"line":98,"column":48}}],"line":80},"3":{"loc":{"start":{"line":114,"column":16},"end":{"line":126,"column":17}},"type":"switch","locations":[{"start":{"line":115,"column":20},"end":{"line":117,"column":67}},{"start":{"line":119,"column":20},"end":{"line":121,"column":63}},{"start":{"line":123,"column":20},"end":{"line":123,"column":27}},{"start":{"line":124,"column":20},"end":{"line":125,"column":48}}],"line":114},"4":{"loc":{"start":{"line":141,"column":16},"end":{"line":153,"column":17}},"type":"switch","locations":[{"start":{"line":142,"column":20},"end":{"line":144,"column":64}},{"start":{"line":146,"column":20},"end":{"line":148,"column":63}},{"start":{"line":150,"column":20},"end":{"line":150,"column":27}},{"start":{"line":151,"column":20},"end":{"line":152,"column":48}}],"line":141},"5":{"loc":{"start":{"line":167,"column":46},"end":{"line":167,"column":92}},"type":"cond-expr","locations":[{"start":{"line":167,"column":70},"end":{"line":167,"column":73}},{"start":{"line":167,"column":76},"end":{"line":167,"column":92}}],"line":167},"6":{"loc":{"start":{"line":167,"column":46},"end":{"line":167,"column":67}},"type":"binary-expr","locations":[{"start":{"line":167,"column":46},"end":{"line":167,"column":49}},{"start":{"line":167,"column":53},"end":{"line":167,"column":67}}],"line":167},"7":{"loc":{"start":{"line":169,"column":264},"end":{"line":169,"column":426}},"type":"if","locations":[{"start":{"line":169,"column":264},"end":{"line":169,"column":426}},{"start":{"line":169,"column":264},"end":{"line":169,"column":426}}],"line":169}},"s":{"0":1,"1":1,"2":1,"3":1,"4":1,"5":1,"6":3,"7":3,"8":1,"9":1,"10":1,"11":1,"12":1,"13":1,"14":1,"15":1,"16":1,"17":0,"18":0,"19":0,"20":0,"21":0,"22":0,"23":0,"24":0,"25":1,"26":0,"27":1,"28":1,"29":0,"30":0,"31":0,"32":0,"33":0,"34":0,"35":0,"36":0,"37":1,"38":0,"39":1,"40":1,"41":0,"42":0,"43":0,"44":0,"45":0,"46":0,"47":0,"48":0,"49":1,"50":0,"51":1,"52":1,"53":1,"54":3,"55":3,"56":1,"57":1,"58":1,"59":1,"60":1,"61":1,"62":1,"63":1,"64":1,"65":2,"66":5,"67":2,"68":2,"69":4,"70":4,"71":4,"72":0,"73":0,"74":4,"75":2,"76":2,"77":2,"78":0,"79":2,"80":1,"81":1},"f":{"0":1,"1":1,"2":3,"3":1,"4":1,"5":0,"6":0,"7":0,"8":1,"9":0,"10":0,"11":0,"12":1,"13":0,"14":0,"15":0,"16":1,"17":1,"18":3,"19":1,"20":2,"21":5,"22":2,"23":2,"24":4,"25":2,"26":0},"b":{"0":[1,1,0,1],"1":[0,0,0,0],"2":[0,0,0,0],"3":[0,0,0,0],"4":[1,1,0,1],"5":[1,1],"6":[2,2],"7":[2,2]},"_coverageSchema":"43e27e138ebf9cfc5966b082cf9a028302ed4184","hash":"4c8a973a9518e7df7af300dcf65b376afe3608e1","contentHash":"e2b0927b00e889f2f0f34d929680e671"},"/Users/zhouli/mygithub/node-blog/src/models/access_token.js":{"path":"/Users/zhouli/mygithub/node-blog/src/models/access_token.js","statementMap":{"0":{"start":{"line":3,"column":0},"end":{"line":5,"column":3}},"1":{"start":{"line":7,"column":22},"end":{"line":7,"column":56}},"2":{"start":{"line":9,"column":23},"end":{"line":9,"column":62}},"3":{"start":{"line":11,"column":12},"end":{"line":11,"column":29}},"4":{"start":{"line":13,"column":13},"end":{"line":13,"column":42}},"5":{"start":{"line":15,"column":39},"end":{"line":15,"column":93}},"6":{"start":{"line":18,"column":16},"end":{"line":18,"column":50}},"7":{"start":{"line":19,"column":16},"end":{"line":19,"column":50}},"8":{"start":{"line":21,"column":19},"end":{"line":49,"column":2}},"9":{"start":{"line":51,"column":0},"end":{"line":51,"column":37}},"10":{"start":{"line":52,"column":0},"end":{"line":52,"column":39}},"11":{"start":{"line":54,"column":0},"end":{"line":54,"column":31}}},"fnMap":{"0":{"name":"_interopRequireDefault","decl":{"start":{"line":15,"column":9},"end":{"line":15,"column":31}},"loc":{"start":{"line":15,"column":37},"end":{"line":15,"column":95}},"line":15}},"branchMap":{"0":{"loc":{"start":{"line":15,"column":46},"end":{"line":15,"column":92}},"type":"cond-expr","locations":[{"start":{"line":15,"column":70},"end":{"line":15,"column":73}},{"start":{"line":15,"column":76},"end":{"line":15,"column":92}}],"line":15},"1":{"loc":{"start":{"line":15,"column":46},"end":{"line":15,"column":67}},"type":"binary-expr","locations":[{"start":{"line":15,"column":46},"end":{"line":15,"column":49}},{"start":{"line":15,"column":53},"end":{"line":15,"column":67}}],"line":15}},"s":{"0":1,"1":1,"2":1,"3":1,"4":1,"5":2,"6":1,"7":1,"8":1,"9":1,"10":1,"11":1},"f":{"0":2},"b":{"0":[2,0],"1":[2,2]},"_coverageSchema":"43e27e138ebf9cfc5966b082cf9a028302ed4184","hash":"c7586ee1b5d8f279f2c6e08b296e06dcaaeac1b9","contentHash":"4c80d71ff7ae1e29098e0e34aed49622"},"/Users/zhouli/mygithub/node-blog/src/utils/sequelizeQuery.js":{"path":"/Users/zhouli/mygithub/node-blog/src/utils/sequelizeQuery.js","statementMap":{"0":{"start":{"line":3,"column":0},"end":{"line":5,"column":3}},"1":{"start":{"line":7,"column":17},"end":{"line":7,"column":37}},"2":{"start":{"line":9,"column":18},"end":{"line":9,"column":52}},"3":{"start":{"line":11,"column":13},"end":{"line":11,"column":39}},"4":{"start":{"line":13,"column":14},"end":{"line":13,"column":44}},"5":{"start":{"line":15,"column":39},"end":{"line":15,"column":93}},"6":{"start":{"line":21,"column":16},"end":{"line":21,"column":37}},"7":{"start":{"line":22,"column":0},"end":{"line":22,"column":43}},"8":{"start":{"line":23,"column":16},"end":{"line":45,"column":2}},"9":{"start":{"line":46,"column":9},"end":{"line":49,"column":1}},"10":{"start":{"line":50,"column":0},"end":{"line":50,"column":21}}},"fnMap":{"0":{"name":"_interopRequireDefault","decl":{"start":{"line":15,"column":9},"end":{"line":15,"column":31}},"loc":{"start":{"line":15,"column":37},"end":{"line":15,"column":95}},"line":15}},"branchMap":{"0":{"loc":{"start":{"line":15,"column":46},"end":{"line":15,"column":92}},"type":"cond-expr","locations":[{"start":{"line":15,"column":70},"end":{"line":15,"column":73}},{"start":{"line":15,"column":76},"end":{"line":15,"column":92}}],"line":15},"1":{"loc":{"start":{"line":15,"column":46},"end":{"line":15,"column":67}},"type":"binary-expr","locations":[{"start":{"line":15,"column":46},"end":{"line":15,"column":49}},{"start":{"line":15,"column":53},"end":{"line":15,"column":67}}],"line":15}},"s":{"0":1,"1":1,"2":1,"3":1,"4":1,"5":2,"6":1,"7":1,"8":1,"9":1,"10":1},"f":{"0":2},"b":{"0":[1,1],"1":[2,2]},"_coverageSchema":"43e27e138ebf9cfc5966b082cf9a028302ed4184","hash":"d11f07e63aa8a31bab57297e3d4e6aca85ec0a34","contentHash":"7624ce249bf2254d8753d93d25f439db"},"/Users/zhouli/mygithub/node-blog/src/config/index.js":{"path":"/Users/zhouli/mygithub/node-blog/src/config/index.js","statementMap":{"0":{"start":{"line":3,"column":0},"end":{"line":5,"column":3}},"1":{"start":{"line":7,"column":17},"end":{"line":7,"column":43}},"2":{"start":{"line":9,"column":18},"end":{"line":9,"column":52}},"3":{"start":{"line":11,"column":18},"end":{"line":11,"column":45}},"4":{"start":{"line":13,"column":19},"end":{"line":13,"column":54}},"5":{"start":{"line":15,"column":18},"end":{"line":15,"column":45}},"6":{"start":{"line":17,"column":19},"end":{"line":17,"column":54}},"7":{"start":{"line":19,"column":39},"end":{"line":19,"column":93}},"8":{"start":{"line":21,"column":10},"end":{"line":21,"column":47}},"9":{"start":{"line":25,"column":11},"end":{"line":25,"column":30}},"10":{"start":{"line":26,"column":0},"end":{"line":29,"column":1}},"11":{"start":{"line":27,"column":4},"end":{"line":27,"column":32}},"12":{"start":{"line":28,"column":4},"end":{"line":28,"column":35}},"13":{"start":{"line":31,"column":0},"end":{"line":34,"column":1}},"14":{"start":{"line":32,"column":4},"end":{"line":32,"column":32}},"15":{"start":{"line":33,"column":4},"end":{"line":33,"column":29}},"16":{"start":{"line":35,"column":0},"end":{"line":35,"column":32}},"17":{"start":{"line":36,"column":0},"end":{"line":36,"column":23}}},"fnMap":{"0":{"name":"_interopRequireDefault","decl":{"start":{"line":19,"column":9},"end":{"line":19,"column":31}},"loc":{"start":{"line":19,"column":37},"end":{"line":19,"column":95}},"line":19}},"branchMap":{"0":{"loc":{"start":{"line":19,"column":46},"end":{"line":19,"column":92}},"type":"cond-expr","locations":[{"start":{"line":19,"column":70},"end":{"line":19,"column":73}},{"start":{"line":19,"column":76},"end":{"line":19,"column":92}}],"line":19},"1":{"loc":{"start":{"line":19,"column":46},"end":{"line":19,"column":67}},"type":"binary-expr","locations":[{"start":{"line":19,"column":46},"end":{"line":19,"column":49}},{"start":{"line":19,"column":53},"end":{"line":19,"column":67}}],"line":19},"2":{"loc":{"start":{"line":21,"column":10},"end":{"line":21,"column":47}},"type":"binary-expr","locations":[{"start":{"line":21,"column":10},"end":{"line":21,"column":30}},{"start":{"line":21,"column":34},"end":{"line":21,"column":47}}],"line":21},"3":{"loc":{"start":{"line":26,"column":0},"end":{"line":29,"column":1}},"type":"if","locations":[{"start":{"line":26,"column":0},"end":{"line":29,"column":1}},{"start":{"line":26,"column":0},"end":{"line":29,"column":1}}],"line":26},"4":{"loc":{"start":{"line":31,"column":0},"end":{"line":34,"column":1}},"type":"if","locations":[{"start":{"line":31,"column":0},"end":{"line":34,"column":1}},{"start":{"line":31,"column":0},"end":{"line":34,"column":1}}],"line":31}},"s":{"0":1,"1":1,"2":1,"3":1,"4":1,"5":1,"6":1,"7":3,"8":1,"9":1,"10":1,"11":0,"12":0,"13":1,"14":0,"15":0,"16":1,"17":1},"f":{"0":3},"b":{"0":[3,0],"1":[3,3],"2":[1,0],"3":[0,1],"4":[0,1]},"_coverageSchema":"43e27e138ebf9cfc5966b082cf9a028302ed4184","hash":"73e844d0def269a5f48cc266ff008aa93b2c3d37","contentHash":"b398ad116f19df08e1328ddfaa200160"},"/Users/zhouli/mygithub/node-blog/src/config/config.dev.js":{"path":"/Users/zhouli/mygithub/node-blog/src/config/config.dev.js","statementMap":{"0":{"start":{"line":3,"column":0},"end":{"line":5,"column":3}},"1":{"start":{"line":7,"column":19},"end":{"line":7,"column":56}},"2":{"start":{"line":9,"column":20},"end":{"line":9,"column":56}},"3":{"start":{"line":11,"column":39},"end":{"line":11,"column":93}},"4":{"start":{"line":13,"column":13},"end":{"line":25,"column":1}},"5":{"start":{"line":29,"column":0},"end":{"line":29,"column":25}}},"fnMap":{"0":{"name":"_interopRequireDefault","decl":{"start":{"line":11,"column":9},"end":{"line":11,"column":31}},"loc":{"start":{"line":11,"column":37},"end":{"line":11,"column":95}},"line":11}},"branchMap":{"0":{"loc":{"start":{"line":11,"column":46},"end":{"line":11,"column":92}},"type":"cond-expr","locations":[{"start":{"line":11,"column":70},"end":{"line":11,"column":73}},{"start":{"line":11,"column":76},"end":{"line":11,"column":92}}],"line":11},"1":{"loc":{"start":{"line":11,"column":46},"end":{"line":11,"column":67}},"type":"binary-expr","locations":[{"start":{"line":11,"column":46},"end":{"line":11,"column":49}},{"start":{"line":11,"column":53},"end":{"line":11,"column":67}}],"line":11}},"s":{"0":1,"1":1,"2":1,"3":1,"4":1,"5":1},"f":{"0":1},"b":{"0":[1,0],"1":[1,1]},"_coverageSchema":"43e27e138ebf9cfc5966b082cf9a028302ed4184","hash":"411f2311d4bbbbc912f11d5f100b0fefb50ea66f","contentHash":"d07f18ab37ec0df170921af010518661"},"/Users/zhouli/mygithub/node-blog/settings/appSettings.js":{"path":"/Users/zhouli/mygithub/node-blog/settings/appSettings.js","statementMap":{"0":{"start":{"line":3,"column":0},"end":{"line":5,"column":3}},"1":{"start":{"line":8,"column":0},"end":{"line":43,"column":2}}},"fnMap":{},"branchMap":{},"s":{"0":1,"1":1},"f":{},"b":{},"_coverageSchema":"43e27e138ebf9cfc5966b082cf9a028302ed4184","hash":"6bb94d11f434e71a7a4d80eee562f0114ff7c00c","contentHash":"58cf67ac74a427317125b177fdc8d70a"},"/Users/zhouli/mygithub/node-blog/src/config/config.prod.js":{"path":"/Users/zhouli/mygithub/node-blog/src/config/config.prod.js","statementMap":{"0":{"start":{"line":3,"column":0},"end":{"line":5,"column":3}},"1":{"start":{"line":7,"column":19},"end":{"line":7,"column":56}},"2":{"start":{"line":9,"column":20},"end":{"line":9,"column":56}},"3":{"start":{"line":11,"column":39},"end":{"line":11,"column":93}},"4":{"start":{"line":13,"column":13},"end":{"line":25,"column":1}},"5":{"start":{"line":29,"column":0},"end":{"line":29,"column":25}}},"fnMap":{"0":{"name":"_interopRequireDefault","decl":{"start":{"line":11,"column":9},"end":{"line":11,"column":31}},"loc":{"start":{"line":11,"column":37},"end":{"line":11,"column":95}},"line":11}},"branchMap":{"0":{"loc":{"start":{"line":11,"column":46},"end":{"line":11,"column":92}},"type":"cond-expr","locations":[{"start":{"line":11,"column":70},"end":{"line":11,"column":73}},{"start":{"line":11,"column":76},"end":{"line":11,"column":92}}],"line":11},"1":{"loc":{"start":{"line":11,"column":46},"end":{"line":11,"column":67}},"type":"binary-expr","locations":[{"start":{"line":11,"column":46},"end":{"line":11,"column":49}},{"start":{"line":11,"column":53},"end":{"line":11,"column":67}}],"line":11}},"s":{"0":1,"1":1,"2":1,"3":1,"4":1,"5":1},"f":{"0":1},"b":{"0":[1,0],"1":[1,1]},"_coverageSchema":"43e27e138ebf9cfc5966b082cf9a028302ed4184","hash":"a0247268c63e1eb7e726c6808528310509b9c08b","contentHash":"48595e58d4d26b1155ce60048cb05e90"},"/Users/zhouli/mygithub/node-blog/src/models/user.js":{"path":"/Users/zhouli/mygithub/node-blog/src/models/user.js","statementMap":{"0":{"start":{"line":3,"column":0},"end":{"line":5,"column":3}},"1":{"start":{"line":7,"column":22},"end":{"line":7,"column":56}},"2":{"start":{"line":9,"column":23},"end":{"line":9,"column":62}},"3":{"start":{"line":11,"column":39},"end":{"line":11,"column":93}},"4":{"start":{"line":13,"column":16},"end":{"line":13,"column":50}},"5":{"start":{"line":14,"column":16},"end":{"line":14,"column":50}},"6":{"start":{"line":16,"column":11},"end":{"line":50,"column":2}},"7":{"start":{"line":51,"column":0},"end":{"line":51,"column":23}}},"fnMap":{"0":{"name":"_interopRequireDefault","decl":{"start":{"line":11,"column":9},"end":{"line":11,"column":31}},"loc":{"start":{"line":11,"column":37},"end":{"line":11,"column":95}},"line":11}},"branchMap":{"0":{"loc":{"start":{"line":11,"column":46},"end":{"line":11,"column":92}},"type":"cond-expr","locations":[{"start":{"line":11,"column":70},"end":{"line":11,"column":73}},{"start":{"line":11,"column":76},"end":{"line":11,"column":92}}],"line":11},"1":{"loc":{"start":{"line":11,"column":46},"end":{"line":11,"column":67}},"type":"binary-expr","locations":[{"start":{"line":11,"column":46},"end":{"line":11,"column":49}},{"start":{"line":11,"column":53},"end":{"line":11,"column":67}}],"line":11}},"s":{"0":1,"1":1,"2":1,"3":1,"4":1,"5":1,"6":1,"7":1},"f":{"0":1},"b":{"0":[1,0],"1":[1,1]},"_coverageSchema":"43e27e138ebf9cfc5966b082cf9a028302ed4184","hash":"a5a30514dd6ab81dfe29c1bc251ad993d45eb9ec","contentHash":"98e64099344c9f6b45e8bf52c2ed4fcf"},"/Users/zhouli/mygithub/node-blog/src/service/comment/index.js":{"path":"/Users/zhouli/mygithub/node-blog/src/service/comment/index.js","statementMap":{"0":{"start":{"line":3,"column":0},"end":{"line":5,"column":3}},"1":{"start":{"line":7,"column":22},"end":{"line":7,"column":49}},"2":{"start":{"line":9,"column":23},"end":{"line":9,"column":62}},"3":{"start":{"line":11,"column":39},"end":{"line":11,"column":93}},"4":{"start":{"line":13,"column":0},"end":{"line":15,"column":2}}},"fnMap":{"0":{"name":"_interopRequireDefault","decl":{"start":{"line":11,"column":9},"end":{"line":11,"column":31}},"loc":{"start":{"line":11,"column":37},"end":{"line":11,"column":95}},"line":11}},"branchMap":{"0":{"loc":{"start":{"line":11,"column":46},"end":{"line":11,"column":92}},"type":"cond-expr","locations":[{"start":{"line":11,"column":70},"end":{"line":11,"column":73}},{"start":{"line":11,"column":76},"end":{"line":11,"column":92}}],"line":11},"1":{"loc":{"start":{"line":11,"column":46},"end":{"line":11,"column":67}},"type":"binary-expr","locations":[{"start":{"line":11,"column":46},"end":{"line":11,"column":49}},{"start":{"line":11,"column":53},"end":{"line":11,"column":67}}],"line":11}},"s":{"0":1,"1":1,"2":1,"3":1,"4":1},"f":{"0":1},"b":{"0":[1,0],"1":[1,1]},"_coverageSchema":"43e27e138ebf9cfc5966b082cf9a028302ed4184","hash":"869438146252a2e21ea555356eada755a315fa9d","contentHash":"584a51fb99ba7e2884e4e6257828fafa"},"/Users/zhouli/mygithub/node-blog/src/service/comment/commentService.js":{"path":"/Users/zhouli/mygithub/node-blog/src/service/comment/commentService.js","statementMap":{"0":{"start":{"line":3,"column":0},"end":{"line":5,"column":3}},"1":{"start":{"line":7,"column":19},"end":{"line":7,"column":55}},"2":{"start":{"line":9,"column":20},"end":{"line":9,"column":56}},"3":{"start":{"line":11,"column":20},"end":{"line":97,"column":3}},"4":{"start":{"line":12,"column":15},"end":{"line":92,"column":7}},"5":{"start":{"line":14,"column":8},"end":{"line":91,"column":27}},"6":{"start":{"line":15,"column":12},"end":{"line":90,"column":13}},"7":{"start":{"line":16,"column":16},"end":{"line":89,"column":17}},"8":{"start":{"line":18,"column":24},"end":{"line":18,"column":35}},"9":{"start":{"line":19,"column":24},"end":{"line":19,"column":34}},"10":{"start":{"line":21,"column":24},"end":{"line":24,"column":25}},"11":{"start":{"line":22,"column":28},"end":{"line":22,"column":47}},"12":{"start":{"line":23,"column":28},"end":{"line":23,"column":34}},"13":{"start":{"line":26,"column":24},"end":{"line":73,"column":28}},"14":{"start":{"line":27,"column":40},"end":{"line":61,"column":31}},"15":{"start":{"line":28,"column":32},"end":{"line":60,"column":50}},"16":{"start":{"line":29,"column":36},"end":{"line":59,"column":37}},"17":{"start":{"line":30,"column":40},"end":{"line":58,"column":41}},"18":{"start":{"line":32,"column":48},"end":{"line":32,"column":66}},"19":{"start":{"line":33,"column":48},"end":{"line":36,"column":71}},"20":{"start":{"line":39,"column":48},"end":{"line":39,"column":68}},"21":{"start":{"line":40,"column":48},"end":{"line":40,"column":66}},"22":{"start":{"line":41,"column":48},"end":{"line":46,"column":51}},"23":{"start":{"line":49,"column":48},"end":{"line":49,"column":67}},"24":{"start":{"line":50,"column":48},"end":{"line":53,"column":51}},"25":{"start":{"line":57,"column":48},"end":{"line":57,"column":71}},"26":{"start":{"line":63,"column":28},"end":{"line":65,"column":30}},"27":{"start":{"line":64,"column":32},"end":{"line":64,"column":68}},"28":{"start":{"line":69,"column":28},"end":{"line":69,"column":43}},"29":{"start":{"line":72,"column":28},"end":{"line":72,"column":39}},"30":{"start":{"line":76,"column":24},"end":{"line":76,"column":43}},"31":{"start":{"line":77,"column":24},"end":{"line":80,"column":27}},"32":{"start":{"line":83,"column":24},"end":{"line":83,"column":45}},"33":{"start":{"line":84,"column":24},"end":{"line":84,"column":63}},"34":{"start":{"line":88,"column":24},"end":{"line":88,"column":48}},"35":{"start":{"line":94,"column":4},"end":{"line":96,"column":6}},"36":{"start":{"line":95,"column":8},"end":{"line":95,"column":43}},"37":{"start":{"line":99,"column":26},"end":{"line":128,"column":3}},"38":{"start":{"line":100,"column":16},"end":{"line":123,"column":7}},"39":{"start":{"line":102,"column":8},"end":{"line":122,"column":27}},"40":{"start":{"line":103,"column":12},"end":{"line":121,"column":13}},"41":{"start":{"line":104,"column":16},"end":{"line":120,"column":17}},"42":{"start":{"line":106,"column":24},"end":{"line":106,"column":43}},"43":{"start":{"line":107,"column":24},"end":{"line":111,"column":27}},"44":{"start":{"line":114,"column":24},"end":{"line":114,"column":45}},"45":{"start":{"line":115,"column":24},"end":{"line":115,"column":63}},"46":{"start":{"line":119,"column":24},"end":{"line":119,"column":48}},"47":{"start":{"line":125,"column":4},"end":{"line":127,"column":6}},"48":{"start":{"line":126,"column":8},"end":{"line":126,"column":44}},"49":{"start":{"line":130,"column":20},"end":{"line":160,"column":3}},"50":{"start":{"line":131,"column":16},"end":{"line":155,"column":7}},"51":{"start":{"line":133,"column":8},"end":{"line":154,"column":27}},"52":{"start":{"line":134,"column":12},"end":{"line":153,"column":13}},"53":{"start":{"line":135,"column":16},"end":{"line":152,"column":17}},"54":{"start":{"line":137,"column":24},"end":{"line":137,"column":43}},"55":{"start":{"line":138,"column":24},"end":{"line":143,"column":27}},"56":{"start":{"line":146,"column":24},"end":{"line":146,"column":45}},"57":{"start":{"line":147,"column":24},"end":{"line":147,"column":63}},"58":{"start":{"line":151,"column":24},"end":{"line":151,"column":48}},"59":{"start":{"line":157,"column":4},"end":{"line":159,"column":6}},"60":{"start":{"line":158,"column":8},"end":{"line":158,"column":44}},"61":{"start":{"line":162,"column":26},"end":{"line":191,"column":3}},"62":{"start":{"line":163,"column":16},"end":{"line":186,"column":7}},"63":{"start":{"line":164,"column":8},"end":{"line":185,"column":27}},"64":{"start":{"line":165,"column":12},"end":{"line":184,"column":13}},"65":{"start":{"line":166,"column":16},"end":{"line":183,"column":17}},"66":{"start":{"line":168,"column":24},"end":{"line":168,"column":43}},"67":{"start":{"line":169,"column":24},"end":{"line":175,"column":27}},"68":{"start":{"line":178,"column":24},"end":{"line":178,"column":74}},"69":{"start":{"line":182,"column":24},"end":{"line":182,"column":48}},"70":{"start":{"line":188,"column":4},"end":{"line":190,"column":6}},"71":{"start":{"line":189,"column":8},"end":{"line":189,"column":44}},"72":{"start":{"line":193,"column":20},"end":{"line":223,"column":3}},"73":{"start":{"line":194,"column":16},"end":{"line":218,"column":7}},"74":{"start":{"line":195,"column":8},"end":{"line":217,"column":27}},"75":{"start":{"line":196,"column":12},"end":{"line":216,"column":13}},"76":{"start":{"line":197,"column":16},"end":{"line":215,"column":17}},"77":{"start":{"line":199,"column":24},"end":{"line":199,"column":43}},"78":{"start":{"line":200,"column":24},"end":{"line":207,"column":27}},"79":{"start":{"line":210,"column":24},"end":{"line":210,"column":74}},"80":{"start":{"line":214,"column":24},"end":{"line":214,"column":48}},"81":{"start":{"line":220,"column":4},"end":{"line":222,"column":6}},"82":{"start":{"line":221,"column":8},"end":{"line":221,"column":44}},"83":{"start":{"line":225,"column":17},"end":{"line":248,"column":3}},"84":{"start":{"line":226,"column":16},"end":{"line":243,"column":7}},"85":{"start":{"line":227,"column":8},"end":{"line":242,"column":27}},"86":{"start":{"line":228,"column":12},"end":{"line":241,"column":13}},"87":{"start":{"line":229,"column":16},"end":{"line":240,"column":17}},"88":{"start":{"line":231,"column":24},"end":{"line":231,"column":43}},"89":{"start":{"line":232,"column":24},"end":{"line":232,"column":62}},"90":{"start":{"line":235,"column":24},"end":{"line":235,"column":74}},"91":{"start":{"line":239,"column":24},"end":{"line":239,"column":48}},"92":{"start":{"line":245,"column":4},"end":{"line":247,"column":6}},"93":{"start":{"line":246,"column":8},"end":{"line":246,"column":44}},"94":{"start":{"line":250,"column":20},"end":{"line":273,"column":3}},"95":{"start":{"line":251,"column":16},"end":{"line":268,"column":7}},"96":{"start":{"line":252,"column":8},"end":{"line":267,"column":27}},"97":{"start":{"line":253,"column":12},"end":{"line":266,"column":13}},"98":{"start":{"line":254,"column":16},"end":{"line":265,"column":17}},"99":{"start":{"line":256,"column":24},"end":{"line":256,"column":43}},"100":{"start":{"line":257,"column":24},"end":{"line":257,"column":59}},"101":{"start":{"line":260,"column":24},"end":{"line":260,"column":74}},"102":{"start":{"line":264,"column":24},"end":{"line":264,"column":48}},"103":{"start":{"line":270,"column":4},"end":{"line":272,"column":6}},"104":{"start":{"line":271,"column":8},"end":{"line":271,"column":44}},"105":{"start":{"line":275,"column":15},"end":{"line":275,"column":46}},"106":{"start":{"line":277,"column":16},"end":{"line":277,"column":48}},"107":{"start":{"line":279,"column":22},"end":{"line":279,"column":59}},"108":{"start":{"line":281,"column":23},"end":{"line":281,"column":62}},"109":{"start":{"line":283,"column":20},"end":{"line":283,"column":56}},"110":{"start":{"line":285,"column":21},"end":{"line":285,"column":58}},"111":{"start":{"line":287,"column":39},"end":{"line":287,"column":93}},"112":{"start":{"line":289,"column":33},"end":{"line":289,"column":456}},"113":{"start":{"line":289,"column":64},"end":{"line":289,"column":89}},"114":{"start":{"line":289,"column":91},"end":{"line":289,"column":453}},"115":{"start":{"line":289,"column":165},"end":{"line":289,"column":263}},"116":{"start":{"line":289,"column":182},"end":{"line":289,"column":195}},"117":{"start":{"line":289,"column":209},"end":{"line":289,"column":219}},"118":{"start":{"line":289,"column":239},"end":{"line":289,"column":253}},"119":{"start":{"line":289,"column":254},"end":{"line":289,"column":261}},"120":{"start":{"line":289,"column":264},"end":{"line":289,"column":426}},"121":{"start":{"line":289,"column":281},"end":{"line":289,"column":296}},"122":{"start":{"line":289,"column":306},"end":{"line":289,"column":424}},"123":{"start":{"line":289,"column":360},"end":{"line":289,"column":380}},"124":{"start":{"line":289,"column":401},"end":{"line":289,"column":420}},"125":{"start":{"line":289,"column":429},"end":{"line":289,"column":449}},"126":{"start":{"line":291,"column":21},"end":{"line":299,"column":1}},"127":{"start":{"line":300,"column":0},"end":{"line":300,"column":33}}},"fnMap":{"0":{"name":"(anonymous_0)","decl":{"start":{"line":11,"column":20},"end":{"line":11,"column":21}},"loc":{"start":{"line":11,"column":32},"end":{"line":97,"column":1}},"line":11},"1":{"name":"_callee2","decl":{"start":{"line":12,"column":83},"end":{"line":12,"column":91}},"loc":{"start":{"line":12,"column":119},"end":{"line":92,"column":5}},"line":12},"2":{"name":"_callee2$","decl":{"start":{"line":14,"column":51},"end":{"line":14,"column":60}},"loc":{"start":{"line":14,"column":72},"end":{"line":91,"column":9}},"line":14},"3":{"name":"(anonymous_3)","decl":{"start":{"line":26,"column":105},"end":{"line":26,"column":106}},"loc":{"start":{"line":26,"column":117},"end":{"line":66,"column":25}},"line":26},"4":{"name":"_callee","decl":{"start":{"line":27,"column":108},"end":{"line":27,"column":115}},"loc":{"start":{"line":27,"column":119},"end":{"line":61,"column":29}},"line":27},"5":{"name":"_callee$","decl":{"start":{"line":28,"column":75},"end":{"line":28,"column":83}},"loc":{"start":{"line":28,"column":94},"end":{"line":60,"column":33}},"line":28},"6":{"name":"(anonymous_6)","decl":{"start":{"line":63,"column":35},"end":{"line":63,"column":36}},"loc":{"start":{"line":63,"column":50},"end":{"line":65,"column":29}},"line":63},"7":{"name":"(anonymous_7)","decl":{"start":{"line":66,"column":34},"end":{"line":66,"column":35}},"loc":{"start":{"line":66,"column":53},"end":{"line":70,"column":25}},"line":66},"8":{"name":"(anonymous_8)","decl":{"start":{"line":70,"column":33},"end":{"line":70,"column":34}},"loc":{"start":{"line":70,"column":48},"end":{"line":73,"column":25}},"line":70},"9":{"name":"createComment","decl":{"start":{"line":94,"column":20},"end":{"line":94,"column":33}},"loc":{"start":{"line":94,"column":48},"end":{"line":96,"column":5}},"line":94},"10":{"name":"(anonymous_10)","decl":{"start":{"line":99,"column":26},"end":{"line":99,"column":27}},"loc":{"start":{"line":99,"column":38},"end":{"line":128,"column":1}},"line":99},"11":{"name":"_callee3","decl":{"start":{"line":100,"column":84},"end":{"line":100,"column":92}},"loc":{"start":{"line":100,"column":97},"end":{"line":123,"column":5}},"line":100},"12":{"name":"_callee3$","decl":{"start":{"line":102,"column":51},"end":{"line":102,"column":60}},"loc":{"start":{"line":102,"column":72},"end":{"line":122,"column":9}},"line":102},"13":{"name":"deleteCommentByRoot","decl":{"start":{"line":125,"column":20},"end":{"line":125,"column":39}},"loc":{"start":{"line":125,"column":45},"end":{"line":127,"column":5}},"line":125},"14":{"name":"(anonymous_14)","decl":{"start":{"line":130,"column":20},"end":{"line":130,"column":21}},"loc":{"start":{"line":130,"column":32},"end":{"line":160,"column":1}},"line":130},"15":{"name":"_callee4","decl":{"start":{"line":131,"column":84},"end":{"line":131,"column":92}},"loc":{"start":{"line":131,"column":106},"end":{"line":155,"column":5}},"line":131},"16":{"name":"_callee4$","decl":{"start":{"line":133,"column":51},"end":{"line":133,"column":60}},"loc":{"start":{"line":133,"column":72},"end":{"line":154,"column":9}},"line":133},"17":{"name":"deleteComment","decl":{"start":{"line":157,"column":20},"end":{"line":157,"column":33}},"loc":{"start":{"line":157,"column":44},"end":{"line":159,"column":5}},"line":157},"18":{"name":"(anonymous_18)","decl":{"start":{"line":162,"column":26},"end":{"line":162,"column":27}},"loc":{"start":{"line":162,"column":38},"end":{"line":191,"column":1}},"line":162},"19":{"name":"_callee5","decl":{"start":{"line":163,"column":84},"end":{"line":163,"column":92}},"loc":{"start":{"line":163,"column":106},"end":{"line":186,"column":5}},"line":163},"20":{"name":"_callee5$","decl":{"start":{"line":164,"column":51},"end":{"line":164,"column":60}},"loc":{"start":{"line":164,"column":72},"end":{"line":185,"column":9}},"line":164},"21":{"name":"updateCommentByRoot","decl":{"start":{"line":188,"column":20},"end":{"line":188,"column":39}},"loc":{"start":{"line":188,"column":50},"end":{"line":190,"column":5}},"line":188},"22":{"name":"(anonymous_22)","decl":{"start":{"line":193,"column":20},"end":{"line":193,"column":21}},"loc":{"start":{"line":193,"column":32},"end":{"line":223,"column":1}},"line":193},"23":{"name":"_callee6","decl":{"start":{"line":194,"column":84},"end":{"line":194,"column":92}},"loc":{"start":{"line":194,"column":115},"end":{"line":218,"column":5}},"line":194},"24":{"name":"_callee6$","decl":{"start":{"line":195,"column":51},"end":{"line":195,"column":60}},"loc":{"start":{"line":195,"column":72},"end":{"line":217,"column":9}},"line":195},"25":{"name":"updateComment","decl":{"start":{"line":220,"column":20},"end":{"line":220,"column":33}},"loc":{"start":{"line":220,"column":52},"end":{"line":222,"column":5}},"line":220},"26":{"name":"(anonymous_26)","decl":{"start":{"line":225,"column":17},"end":{"line":225,"column":18}},"loc":{"start":{"line":225,"column":29},"end":{"line":248,"column":1}},"line":225},"27":{"name":"_callee7","decl":{"start":{"line":226,"column":84},"end":{"line":226,"column":92}},"loc":{"start":{"line":226,"column":97},"end":{"line":243,"column":5}},"line":226},"28":{"name":"_callee7$","decl":{"start":{"line":227,"column":51},"end":{"line":227,"column":60}},"loc":{"start":{"line":227,"column":72},"end":{"line":242,"column":9}},"line":227},"29":{"name":"getComment","decl":{"start":{"line":245,"column":20},"end":{"line":245,"column":30}},"loc":{"start":{"line":245,"column":37},"end":{"line":247,"column":5}},"line":245},"30":{"name":"(anonymous_30)","decl":{"start":{"line":250,"column":20},"end":{"line":250,"column":21}},"loc":{"start":{"line":250,"column":32},"end":{"line":273,"column":1}},"line":250},"31":{"name":"_callee8","decl":{"start":{"line":251,"column":84},"end":{"line":251,"column":92}},"loc":{"start":{"line":251,"column":95},"end":{"line":268,"column":5}},"line":251},"32":{"name":"_callee8$","decl":{"start":{"line":252,"column":51},"end":{"line":252,"column":60}},"loc":{"start":{"line":252,"column":72},"end":{"line":267,"column":9}},"line":252},"33":{"name":"getAllComment","decl":{"start":{"line":270,"column":20},"end":{"line":270,"column":33}},"loc":{"start":{"line":270,"column":36},"end":{"line":272,"column":5}},"line":270},"34":{"name":"_interopRequireDefault","decl":{"start":{"line":287,"column":9},"end":{"line":287,"column":31}},"loc":{"start":{"line":287,"column":37},"end":{"line":287,"column":95}},"line":287},"35":{"name":"_asyncToGenerator","decl":{"start":{"line":289,"column":9},"end":{"line":289,"column":26}},"loc":{"start":{"line":289,"column":31},"end":{"line":289,"column":458}},"line":289},"36":{"name":"(anonymous_36)","decl":{"start":{"line":289,"column":40},"end":{"line":289,"column":41}},"loc":{"start":{"line":289,"column":52},"end":{"line":289,"column":455}},"line":289},"37":{"name":"(anonymous_37)","decl":{"start":{"line":289,"column":110},"end":{"line":289,"column":111}},"loc":{"start":{"line":289,"column":137},"end":{"line":289,"column":451}},"line":289},"38":{"name":"step","decl":{"start":{"line":289,"column":148},"end":{"line":289,"column":152}},"loc":{"start":{"line":289,"column":163},"end":{"line":289,"column":428}},"line":289},"39":{"name":"(anonymous_39)","decl":{"start":{"line":289,"column":341},"end":{"line":289,"column":342}},"loc":{"start":{"line":289,"column":358},"end":{"line":289,"column":382}},"line":289},"40":{"name":"(anonymous_40)","decl":{"start":{"line":289,"column":384},"end":{"line":289,"column":385}},"loc":{"start":{"line":289,"column":399},"end":{"line":289,"column":422}},"line":289}},"branchMap":{"0":{"loc":{"start":{"line":16,"column":16},"end":{"line":89,"column":17}},"type":"switch","locations":[{"start":{"line":17,"column":20},"end":{"line":73,"column":28}},{"start":{"line":75,"column":20},"end":{"line":80,"column":27}},{"start":{"line":82,"column":20},"end":{"line":84,"column":63}},{"start":{"line":86,"column":20},"end":{"line":86,"column":28}},{"start":{"line":87,"column":20},"end":{"line":88,"column":48}}],"line":16},"1":{"loc":{"start":{"line":21,"column":24},"end":{"line":24,"column":25}},"type":"if","locations":[{"start":{"line":21,"column":24},"end":{"line":24,"column":25}},{"start":{"line":21,"column":24},"end":{"line":24,"column":25}}],"line":21},"2":{"loc":{"start":{"line":30,"column":40},"end":{"line":58,"column":41}},"type":"switch","locations":[{"start":{"line":31,"column":44},"end":{"line":36,"column":71}},{"start":{"line":38,"column":44},"end":{"line":46,"column":51}},{"start":{"line":48,"column":44},"end":{"line":53,"column":51}},{"start":{"line":55,"column":44},"end":{"line":55,"column":51}},{"start":{"line":56,"column":44},"end":{"line":57,"column":71}}],"line":30},"3":{"loc":{"start":{"line":104,"column":16},"end":{"line":120,"column":17}},"type":"switch","locations":[{"start":{"line":105,"column":20},"end":{"line":111,"column":27}},{"start":{"line":113,"column":20},"end":{"line":115,"column":63}},{"start":{"line":117,"column":20},"end":{"line":117,"column":27}},{"start":{"line":118,"column":20},"end":{"line":119,"column":48}}],"line":104},"4":{"loc":{"start":{"line":135,"column":16},"end":{"line":152,"column":17}},"type":"switch","locations":[{"start":{"line":136,"column":20},"end":{"line":143,"column":27}},{"start":{"line":145,"column":20},"end":{"line":147,"column":63}},{"start":{"line":149,"column":20},"end":{"line":149,"column":27}},{"start":{"line":150,"column":20},"end":{"line":151,"column":48}}],"line":135},"5":{"loc":{"start":{"line":166,"column":16},"end":{"line":183,"column":17}},"type":"switch","locations":[{"start":{"line":167,"column":20},"end":{"line":175,"column":27}},{"start":{"line":177,"column":20},"end":{"line":178,"column":74}},{"start":{"line":180,"column":20},"end":{"line":180,"column":27}},{"start":{"line":181,"column":20},"end":{"line":182,"column":48}}],"line":166},"6":{"loc":{"start":{"line":197,"column":16},"end":{"line":215,"column":17}},"type":"switch","locations":[{"start":{"line":198,"column":20},"end":{"line":207,"column":27}},{"start":{"line":209,"column":20},"end":{"line":210,"column":74}},{"start":{"line":212,"column":20},"end":{"line":212,"column":27}},{"start":{"line":213,"column":20},"end":{"line":214,"column":48}}],"line":197},"7":{"loc":{"start":{"line":229,"column":16},"end":{"line":240,"column":17}},"type":"switch","locations":[{"start":{"line":230,"column":20},"end":{"line":232,"column":62}},{"start":{"line":234,"column":20},"end":{"line":235,"column":74}},{"start":{"line":237,"column":20},"end":{"line":237,"column":27}},{"start":{"line":238,"column":20},"end":{"line":239,"column":48}}],"line":229},"8":{"loc":{"start":{"line":254,"column":16},"end":{"line":265,"column":17}},"type":"switch","locations":[{"start":{"line":255,"column":20},"end":{"line":257,"column":59}},{"start":{"line":259,"column":20},"end":{"line":260,"column":74}},{"start":{"line":262,"column":20},"end":{"line":262,"column":27}},{"start":{"line":263,"column":20},"end":{"line":264,"column":48}}],"line":254},"9":{"loc":{"start":{"line":287,"column":46},"end":{"line":287,"column":92}},"type":"cond-expr","locations":[{"start":{"line":287,"column":70},"end":{"line":287,"column":73}},{"start":{"line":287,"column":76},"end":{"line":287,"column":92}}],"line":287},"10":{"loc":{"start":{"line":287,"column":46},"end":{"line":287,"column":67}},"type":"binary-expr","locations":[{"start":{"line":287,"column":46},"end":{"line":287,"column":49}},{"start":{"line":287,"column":53},"end":{"line":287,"column":67}}],"line":287},"11":{"loc":{"start":{"line":289,"column":264},"end":{"line":289,"column":426}},"type":"if","locations":[{"start":{"line":289,"column":264},"end":{"line":289,"column":426}},{"start":{"line":289,"column":264},"end":{"line":289,"column":426}}],"line":289}},"s":{"0":1,"1":1,"2":1,"3":1,"4":1,"5":0,"6":0,"7":0,"8":0,"9":0,"10":0,"11":0,"12":0,"13":0,"14":0,"15":0,"16":0,"17":0,"18":0,"19":0,"20":0,"21":0,"22":0,"23":0,"24":0,"25":0,"26":0,"27":0,"28":0,"29":0,"30":0,"31":0,"32":0,"33":0,"34":0,"35":1,"36":0,"37":1,"38":1,"39":0,"40":0,"41":0,"42":0,"43":0,"44":0,"45":0,"46":0,"47":1,"48":0,"49":1,"50":1,"51":0,"52":0,"53":0,"54":0,"55":0,"56":0,"57":0,"58":0,"59":1,"60":0,"61":1,"62":1,"63":0,"64":0,"65":0,"66":0,"67":0,"68":0,"69":0,"70":1,"71":0,"72":1,"73":1,"74":0,"75":0,"76":0,"77":0,"78":0,"79":0,"80":0,"81":1,"82":0,"83":1,"84":1,"85":0,"86":0,"87":0,"88":0,"89":0,"90":0,"91":0,"92":1,"93":0,"94":1,"95":1,"96":0,"97":0,"98":0,"99":0,"100":0,"101":0,"102":0,"103":1,"104":0,"105":1,"106":1,"107":1,"108":1,"109":1,"110":1,"111":4,"112":7,"113":0,"114":0,"115":0,"116":0,"117":0,"118":0,"119":0,"120":0,"121":0,"122":0,"123":0,"124":0,"125":0,"126":1,"127":1},"f":{"0":1,"1":0,"2":0,"3":0,"4":0,"5":0,"6":0,"7":0,"8":0,"9":0,"10":1,"11":0,"12":0,"13":0,"14":1,"15":0,"16":0,"17":0,"18":1,"19":0,"20":0,"21":0,"22":1,"23":0,"24":0,"25":0,"26":1,"27":0,"28":0,"29":0,"30":1,"31":0,"32":0,"33":0,"34":4,"35":7,"36":0,"37":0,"38":0,"39":0,"40":0},"b":{"0":[0,0,0,0,0],"1":[0,0],"2":[0,0,0,0,0],"3":[0,0,0,0],"4":[0,0,0,0],"5":[0,0,0,0],"6":[0,0,0,0],"7":[0,0,0,0],"8":[0,0,0,0],"9":[3,1],"10":[4,4],"11":[0,0]},"_coverageSchema":"43e27e138ebf9cfc5966b082cf9a028302ed4184","hash":"c9f3945dc2f2fc6a7573d5358373b911addb41ee","contentHash":"3685417b672dbcb4b52a0084e914c823"},"/Users/zhouli/mygithub/node-blog/src/models/comment.js":{"path":"/Users/zhouli/mygithub/node-blog/src/models/comment.js","statementMap":{"0":{"start":{"line":3,"column":0},"end":{"line":5,"column":3}},"1":{"start":{"line":7,"column":22},"end":{"line":7,"column":56}},"2":{"start":{"line":9,"column":23},"end":{"line":9,"column":62}},"3":{"start":{"line":11,"column":39},"end":{"line":11,"column":93}},"4":{"start":{"line":13,"column":16},"end":{"line":13,"column":50}},"5":{"start":{"line":14,"column":16},"end":{"line":14,"column":50}},"6":{"start":{"line":16,"column":14},"end":{"line":38,"column":2}},"7":{"start":{"line":39,"column":0},"end":{"line":39,"column":26}}},"fnMap":{"0":{"name":"_interopRequireDefault","decl":{"start":{"line":11,"column":9},"end":{"line":11,"column":31}},"loc":{"start":{"line":11,"column":37},"end":{"line":11,"column":95}},"line":11}},"branchMap":{"0":{"loc":{"start":{"line":11,"column":46},"end":{"line":11,"column":92}},"type":"cond-expr","locations":[{"start":{"line":11,"column":70},"end":{"line":11,"column":73}},{"start":{"line":11,"column":76},"end":{"line":11,"column":92}}],"line":11},"1":{"loc":{"start":{"line":11,"column":46},"end":{"line":11,"column":67}},"type":"binary-expr","locations":[{"start":{"line":11,"column":46},"end":{"line":11,"column":49}},{"start":{"line":11,"column":53},"end":{"line":11,"column":67}}],"line":11}},"s":{"0":1,"1":1,"2":1,"3":1,"4":1,"5":1,"6":1,"7":1},"f":{"0":1},"b":{"0":[1,0],"1":[1,1]},"_coverageSchema":"43e27e138ebf9cfc5966b082cf9a028302ed4184","hash":"9c571997d1d2f8baceb1e219de66e3451bdee9f1","contentHash":"48a475451db6dbe65775f8ca71841e2c"},"/Users/zhouli/mygithub/node-blog/src/models/post_comment.js":{"path":"/Users/zhouli/mygithub/node-blog/src/models/post_comment.js","statementMap":{"0":{"start":{"line":3,"column":0},"end":{"line":5,"column":3}},"1":{"start":{"line":7,"column":22},"end":{"line":7,"column":56}},"2":{"start":{"line":9,"column":23},"end":{"line":9,"column":62}},"3":{"start":{"line":11,"column":12},"end":{"line":11,"column":29}},"4":{"start":{"line":13,"column":13},"end":{"line":13,"column":42}},"5":{"start":{"line":15,"column":15},"end":{"line":15,"column":35}},"6":{"start":{"line":17,"column":16},"end":{"line":17,"column":48}},"7":{"start":{"line":19,"column":39},"end":{"line":19,"column":93}},"8":{"start":{"line":21,"column":16},"end":{"line":21,"column":50}},"9":{"start":{"line":22,"column":16},"end":{"line":22,"column":50}},"10":{"start":{"line":24,"column":19},"end":{"line":49,"column":2}},"11":{"start":{"line":51,"column":0},"end":{"line":51,"column":113}},"12":{"start":{"line":52,"column":0},"end":{"line":52,"column":113}},"13":{"start":{"line":53,"column":0},"end":{"line":53,"column":31}}},"fnMap":{"0":{"name":"_interopRequireDefault","decl":{"start":{"line":19,"column":9},"end":{"line":19,"column":31}},"loc":{"start":{"line":19,"column":37},"end":{"line":19,"column":95}},"line":19}},"branchMap":{"0":{"loc":{"start":{"line":19,"column":46},"end":{"line":19,"column":92}},"type":"cond-expr","locations":[{"start":{"line":19,"column":70},"end":{"line":19,"column":73}},{"start":{"line":19,"column":76},"end":{"line":19,"column":92}}],"line":19},"1":{"loc":{"start":{"line":19,"column":46},"end":{"line":19,"column":67}},"type":"binary-expr","locations":[{"start":{"line":19,"column":46},"end":{"line":19,"column":49}},{"start":{"line":19,"column":53},"end":{"line":19,"column":67}}],"line":19}},"s":{"0":1,"1":1,"2":1,"3":1,"4":1,"5":1,"6":1,"7":3,"8":1,"9":1,"10":1,"11":1,"12":1,"13":1},"f":{"0":3},"b":{"0":[3,0],"1":[3,3]},"_coverageSchema":"43e27e138ebf9cfc5966b082cf9a028302ed4184","hash":"81e8a2c0ef9cb7b5c5a3c74100568d05470c2e01","contentHash":"8b8369266ab7da0a7b8156d0b88f92d2"},"/Users/zhouli/mygithub/node-blog/src/models/post.js":{"path":"/Users/zhouli/mygithub/node-blog/src/models/post.js","statementMap":{"0":{"start":{"line":3,"column":0},"end":{"line":5,"column":3}},"1":{"start":{"line":7,"column":22},"end":{"line":7,"column":56}},"2":{"start":{"line":9,"column":23},"end":{"line":9,"column":62}},"3":{"start":{"line":11,"column":39},"end":{"line":11,"column":93}},"4":{"start":{"line":13,"column":16},"end":{"line":13,"column":50}},"5":{"start":{"line":14,"column":16},"end":{"line":14,"column":50}},"6":{"start":{"line":16,"column":11},"end":{"line":56,"column":2}},"7":{"start":{"line":57,"column":0},"end":{"line":57,"column":23}}},"fnMap":{"0":{"name":"_interopRequireDefault","decl":{"start":{"line":11,"column":9},"end":{"line":11,"column":31}},"loc":{"start":{"line":11,"column":37},"end":{"line":11,"column":95}},"line":11}},"branchMap":{"0":{"loc":{"start":{"line":11,"column":46},"end":{"line":11,"column":92}},"type":"cond-expr","locations":[{"start":{"line":11,"column":70},"end":{"line":11,"column":73}},{"start":{"line":11,"column":76},"end":{"line":11,"column":92}}],"line":11},"1":{"loc":{"start":{"line":11,"column":46},"end":{"line":11,"column":67}},"type":"binary-expr","locations":[{"start":{"line":11,"column":46},"end":{"line":11,"column":49}},{"start":{"line":11,"column":53},"end":{"line":11,"column":67}}],"line":11}},"s":{"0":1,"1":1,"2":1,"3":1,"4":1,"5":1,"6":1,"7":1},"f":{"0":1},"b":{"0":[1,0],"1":[1,1]},"_coverageSchema":"43e27e138ebf9cfc5966b082cf9a028302ed4184","hash":"5c4e9f84bfbd32e448443ab06320cf070bdaab95","contentHash":"3837baf8ddd506cd1f3d6d34954442d7"},"/Users/zhouli/mygithub/node-blog/src/service/image/index.js":{"path":"/Users/zhouli/mygithub/node-blog/src/service/image/index.js","statementMap":{"0":{"start":{"line":3,"column":0},"end":{"line":5,"column":3}},"1":{"start":{"line":7,"column":20},"end":{"line":7,"column":45}},"2":{"start":{"line":9,"column":21},"end":{"line":9,"column":58}},"3":{"start":{"line":11,"column":39},"end":{"line":11,"column":93}},"4":{"start":{"line":13,"column":0},"end":{"line":15,"column":2}}},"fnMap":{"0":{"name":"_interopRequireDefault","decl":{"start":{"line":11,"column":9},"end":{"line":11,"column":31}},"loc":{"start":{"line":11,"column":37},"end":{"line":11,"column":95}},"line":11}},"branchMap":{"0":{"loc":{"start":{"line":11,"column":46},"end":{"line":11,"column":92}},"type":"cond-expr","locations":[{"start":{"line":11,"column":70},"end":{"line":11,"column":73}},{"start":{"line":11,"column":76},"end":{"line":11,"column":92}}],"line":11},"1":{"loc":{"start":{"line":11,"column":46},"end":{"line":11,"column":67}},"type":"binary-expr","locations":[{"start":{"line":11,"column":46},"end":{"line":11,"column":49}},{"start":{"line":11,"column":53},"end":{"line":11,"column":67}}],"line":11}},"s":{"0":1,"1":1,"2":1,"3":1,"4":1},"f":{"0":1},"b":{"0":[1,0],"1":[1,1]},"_coverageSchema":"43e27e138ebf9cfc5966b082cf9a028302ed4184","hash":"374980138c3e275692a715a2d40ef448c49f6589","contentHash":"7361db7ce39eb510d49c889427becbc5"},"/Users/zhouli/mygithub/node-blog/src/service/image/imageService.js":{"path":"/Users/zhouli/mygithub/node-blog/src/service/image/imageService.js","statementMap":{"0":{"start":{"line":3,"column":0},"end":{"line":5,"column":3}},"1":{"start":{"line":7,"column":19},"end":{"line":7,"column":55}},"2":{"start":{"line":9,"column":20},"end":{"line":9,"column":56}},"3":{"start":{"line":11,"column":18},"end":{"line":41,"column":3}},"4":{"start":{"line":12,"column":15},"end":{"line":36,"column":7}},"5":{"start":{"line":14,"column":8},"end":{"line":35,"column":26}},"6":{"start":{"line":15,"column":12},"end":{"line":34,"column":13}},"7":{"start":{"line":16,"column":16},"end":{"line":33,"column":17}},"8":{"start":{"line":18,"column":24},"end":{"line":18,"column":42}},"9":{"start":{"line":19,"column":24},"end":{"line":24,"column":27}},"10":{"start":{"line":27,"column":24},"end":{"line":27,"column":44}},"11":{"start":{"line":28,"column":24},"end":{"line":28,"column":62}},"12":{"start":{"line":32,"column":24},"end":{"line":32,"column":47}},"13":{"start":{"line":38,"column":4},"end":{"line":40,"column":6}},"14":{"start":{"line":39,"column":8},"end":{"line":39,"column":43}},"15":{"start":{"line":43,"column":18},"end":{"line":73,"column":3}},"16":{"start":{"line":44,"column":16},"end":{"line":68,"column":7}},"17":{"start":{"line":46,"column":8},"end":{"line":67,"column":27}},"18":{"start":{"line":47,"column":12},"end":{"line":66,"column":13}},"19":{"start":{"line":48,"column":16},"end":{"line":65,"column":17}},"20":{"start":{"line":50,"column":24},"end":{"line":50,"column":43}},"21":{"start":{"line":51,"column":24},"end":{"line":56,"column":27}},"22":{"start":{"line":59,"column":24},"end":{"line":59,"column":45}},"23":{"start":{"line":60,"column":24},"end":{"line":60,"column":63}},"24":{"start":{"line":64,"column":24},"end":{"line":64,"column":48}},"25":{"start":{"line":70,"column":4},"end":{"line":72,"column":6}},"26":{"start":{"line":71,"column":8},"end":{"line":71,"column":44}},"27":{"start":{"line":75,"column":18},"end":{"line":109,"column":3}},"28":{"start":{"line":76,"column":16},"end":{"line":104,"column":7}},"29":{"start":{"line":78,"column":8},"end":{"line":103,"column":27}},"30":{"start":{"line":79,"column":12},"end":{"line":102,"column":13}},"31":{"start":{"line":80,"column":16},"end":{"line":101,"column":17}},"32":{"start":{"line":82,"column":24},"end":{"line":82,"column":43}},"33":{"start":{"line":83,"column":24},"end":{"line":92,"column":27}},"34":{"start":{"line":95,"column":24},"end":{"line":95,"column":45}},"35":{"start":{"line":96,"column":24},"end":{"line":96,"column":63}},"36":{"start":{"line":100,"column":24},"end":{"line":100,"column":48}},"37":{"start":{"line":106,"column":4},"end":{"line":108,"column":6}},"38":{"start":{"line":107,"column":8},"end":{"line":107,"column":44}},"39":{"start":{"line":111,"column":15},"end":{"line":136,"column":3}},"40":{"start":{"line":112,"column":16},"end":{"line":131,"column":7}},"41":{"start":{"line":114,"column":8},"end":{"line":130,"column":27}},"42":{"start":{"line":115,"column":12},"end":{"line":129,"column":13}},"43":{"start":{"line":116,"column":16},"end":{"line":128,"column":17}},"44":{"start":{"line":118,"column":24},"end":{"line":118,"column":43}},"45":{"start":{"line":119,"column":24},"end":{"line":119,"column":60}},"46":{"start":{"line":122,"column":24},"end":{"line":122,"column":45}},"47":{"start":{"line":123,"column":24},"end":{"line":123,"column":63}},"48":{"start":{"line":127,"column":24},"end":{"line":127,"column":48}},"49":{"start":{"line":133,"column":4},"end":{"line":135,"column":6}},"50":{"start":{"line":134,"column":8},"end":{"line":134,"column":44}},"51":{"start":{"line":138,"column":18},"end":{"line":163,"column":3}},"52":{"start":{"line":139,"column":16},"end":{"line":158,"column":7}},"53":{"start":{"line":141,"column":8},"end":{"line":157,"column":27}},"54":{"start":{"line":142,"column":12},"end":{"line":156,"column":13}},"55":{"start":{"line":143,"column":16},"end":{"line":155,"column":17}},"56":{"start":{"line":145,"column":24},"end":{"line":145,"column":43}},"57":{"start":{"line":146,"column":24},"end":{"line":146,"column":57}},"58":{"start":{"line":149,"column":24},"end":{"line":149,"column":45}},"59":{"start":{"line":150,"column":24},"end":{"line":150,"column":63}},"60":{"start":{"line":154,"column":24},"end":{"line":154,"column":48}},"61":{"start":{"line":160,"column":4},"end":{"line":162,"column":6}},"62":{"start":{"line":161,"column":8},"end":{"line":161,"column":44}},"63":{"start":{"line":165,"column":13},"end":{"line":165,"column":42}},"64":{"start":{"line":167,"column":14},"end":{"line":167,"column":44}},"65":{"start":{"line":169,"column":39},"end":{"line":169,"column":93}},"66":{"start":{"line":171,"column":33},"end":{"line":171,"column":456}},"67":{"start":{"line":171,"column":64},"end":{"line":171,"column":89}},"68":{"start":{"line":171,"column":91},"end":{"line":171,"column":453}},"69":{"start":{"line":171,"column":165},"end":{"line":171,"column":263}},"70":{"start":{"line":171,"column":182},"end":{"line":171,"column":195}},"71":{"start":{"line":171,"column":209},"end":{"line":171,"column":219}},"72":{"start":{"line":171,"column":239},"end":{"line":171,"column":253}},"73":{"start":{"line":171,"column":254},"end":{"line":171,"column":261}},"74":{"start":{"line":171,"column":264},"end":{"line":171,"column":426}},"75":{"start":{"line":171,"column":281},"end":{"line":171,"column":296}},"76":{"start":{"line":171,"column":306},"end":{"line":171,"column":424}},"77":{"start":{"line":171,"column":360},"end":{"line":171,"column":380}},"78":{"start":{"line":171,"column":401},"end":{"line":171,"column":420}},"79":{"start":{"line":171,"column":429},"end":{"line":171,"column":449}},"80":{"start":{"line":173,"column":19},"end":{"line":179,"column":1}},"81":{"start":{"line":180,"column":0},"end":{"line":180,"column":31}}},"fnMap":{"0":{"name":"(anonymous_0)","decl":{"start":{"line":11,"column":18},"end":{"line":11,"column":19}},"loc":{"start":{"line":11,"column":30},"end":{"line":41,"column":1}},"line":11},"1":{"name":"_callee","decl":{"start":{"line":12,"column":83},"end":{"line":12,"column":90}},"loc":{"start":{"line":12,"column":118},"end":{"line":36,"column":5}},"line":12},"2":{"name":"_callee$","decl":{"start":{"line":14,"column":51},"end":{"line":14,"column":59}},"loc":{"start":{"line":14,"column":70},"end":{"line":35,"column":9}},"line":14},"3":{"name":"createImage","decl":{"start":{"line":38,"column":20},"end":{"line":38,"column":31}},"loc":{"start":{"line":38,"column":51},"end":{"line":40,"column":5}},"line":38},"4":{"name":"(anonymous_4)","decl":{"start":{"line":43,"column":18},"end":{"line":43,"column":19}},"loc":{"start":{"line":43,"column":30},"end":{"line":73,"column":1}},"line":43},"5":{"name":"_callee2","decl":{"start":{"line":44,"column":84},"end":{"line":44,"column":92}},"loc":{"start":{"line":44,"column":106},"end":{"line":68,"column":5}},"line":44},"6":{"name":"_callee2$","decl":{"start":{"line":46,"column":51},"end":{"line":46,"column":60}},"loc":{"start":{"line":46,"column":72},"end":{"line":67,"column":9}},"line":46},"7":{"name":"deleteImage","decl":{"start":{"line":70,"column":20},"end":{"line":70,"column":31}},"loc":{"start":{"line":70,"column":42},"end":{"line":72,"column":5}},"line":70},"8":{"name":"(anonymous_8)","decl":{"start":{"line":75,"column":18},"end":{"line":75,"column":19}},"loc":{"start":{"line":75,"column":30},"end":{"line":109,"column":1}},"line":75},"9":{"name":"_callee3","decl":{"start":{"line":76,"column":84},"end":{"line":76,"column":92}},"loc":{"start":{"line":76,"column":124},"end":{"line":104,"column":5}},"line":76},"10":{"name":"_callee3$","decl":{"start":{"line":78,"column":51},"end":{"line":78,"column":60}},"loc":{"start":{"line":78,"column":72},"end":{"line":103,"column":9}},"line":78},"11":{"name":"updateImage","decl":{"start":{"line":106,"column":20},"end":{"line":106,"column":31}},"loc":{"start":{"line":106,"column":59},"end":{"line":108,"column":5}},"line":106},"12":{"name":"(anonymous_12)","decl":{"start":{"line":111,"column":15},"end":{"line":111,"column":16}},"loc":{"start":{"line":111,"column":27},"end":{"line":136,"column":1}},"line":111},"13":{"name":"_callee4","decl":{"start":{"line":112,"column":84},"end":{"line":112,"column":92}},"loc":{"start":{"line":112,"column":97},"end":{"line":131,"column":5}},"line":112},"14":{"name":"_callee4$","decl":{"start":{"line":114,"column":51},"end":{"line":114,"column":60}},"loc":{"start":{"line":114,"column":72},"end":{"line":130,"column":9}},"line":114},"15":{"name":"getImage","decl":{"start":{"line":133,"column":20},"end":{"line":133,"column":28}},"loc":{"start":{"line":133,"column":35},"end":{"line":135,"column":5}},"line":133},"16":{"name":"(anonymous_16)","decl":{"start":{"line":138,"column":18},"end":{"line":138,"column":19}},"loc":{"start":{"line":138,"column":30},"end":{"line":163,"column":1}},"line":138},"17":{"name":"_callee5","decl":{"start":{"line":139,"column":84},"end":{"line":139,"column":92}},"loc":{"start":{"line":139,"column":95},"end":{"line":158,"column":5}},"line":139},"18":{"name":"_callee5$","decl":{"start":{"line":141,"column":51},"end":{"line":141,"column":60}},"loc":{"start":{"line":141,"column":72},"end":{"line":157,"column":9}},"line":141},"19":{"name":"getAllImage","decl":{"start":{"line":160,"column":20},"end":{"line":160,"column":31}},"loc":{"start":{"line":160,"column":34},"end":{"line":162,"column":5}},"line":160},"20":{"name":"_interopRequireDefault","decl":{"start":{"line":169,"column":9},"end":{"line":169,"column":31}},"loc":{"start":{"line":169,"column":37},"end":{"line":169,"column":95}},"line":169},"21":{"name":"_asyncToGenerator","decl":{"start":{"line":171,"column":9},"end":{"line":171,"column":26}},"loc":{"start":{"line":171,"column":31},"end":{"line":171,"column":458}},"line":171},"22":{"name":"(anonymous_22)","decl":{"start":{"line":171,"column":40},"end":{"line":171,"column":41}},"loc":{"start":{"line":171,"column":52},"end":{"line":171,"column":455}},"line":171},"23":{"name":"(anonymous_23)","decl":{"start":{"line":171,"column":110},"end":{"line":171,"column":111}},"loc":{"start":{"line":171,"column":137},"end":{"line":171,"column":451}},"line":171},"24":{"name":"step","decl":{"start":{"line":171,"column":148},"end":{"line":171,"column":152}},"loc":{"start":{"line":171,"column":163},"end":{"line":171,"column":428}},"line":171},"25":{"name":"(anonymous_25)","decl":{"start":{"line":171,"column":341},"end":{"line":171,"column":342}},"loc":{"start":{"line":171,"column":358},"end":{"line":171,"column":382}},"line":171},"26":{"name":"(anonymous_26)","decl":{"start":{"line":171,"column":384},"end":{"line":171,"column":385}},"loc":{"start":{"line":171,"column":399},"end":{"line":171,"column":422}},"line":171}},"branchMap":{"0":{"loc":{"start":{"line":16,"column":16},"end":{"line":33,"column":17}},"type":"switch","locations":[{"start":{"line":17,"column":20},"end":{"line":24,"column":27}},{"start":{"line":26,"column":20},"end":{"line":28,"column":62}},{"start":{"line":30,"column":20},"end":{"line":30,"column":27}},{"start":{"line":31,"column":20},"end":{"line":32,"column":47}}],"line":16},"1":{"loc":{"start":{"line":48,"column":16},"end":{"line":65,"column":17}},"type":"switch","locations":[{"start":{"line":49,"column":20},"end":{"line":56,"column":27}},{"start":{"line":58,"column":20},"end":{"line":60,"column":63}},{"start":{"line":62,"column":20},"end":{"line":62,"column":27}},{"start":{"line":63,"column":20},"end":{"line":64,"column":48}}],"line":48},"2":{"loc":{"start":{"line":80,"column":16},"end":{"line":101,"column":17}},"type":"switch","locations":[{"start":{"line":81,"column":20},"end":{"line":92,"column":27}},{"start":{"line":94,"column":20},"end":{"line":96,"column":63}},{"start":{"line":98,"column":20},"end":{"line":98,"column":27}},{"start":{"line":99,"column":20},"end":{"line":100,"column":48}}],"line":80},"3":{"loc":{"start":{"line":116,"column":16},"end":{"line":128,"column":17}},"type":"switch","locations":[{"start":{"line":117,"column":20},"end":{"line":119,"column":60}},{"start":{"line":121,"column":20},"end":{"line":123,"column":63}},{"start":{"line":125,"column":20},"end":{"line":125,"column":27}},{"start":{"line":126,"column":20},"end":{"line":127,"column":48}}],"line":116},"4":{"loc":{"start":{"line":143,"column":16},"end":{"line":155,"column":17}},"type":"switch","locations":[{"start":{"line":144,"column":20},"end":{"line":146,"column":57}},{"start":{"line":148,"column":20},"end":{"line":150,"column":63}},{"start":{"line":152,"column":20},"end":{"line":152,"column":27}},{"start":{"line":153,"column":20},"end":{"line":154,"column":48}}],"line":143},"5":{"loc":{"start":{"line":169,"column":46},"end":{"line":169,"column":92}},"type":"cond-expr","locations":[{"start":{"line":169,"column":70},"end":{"line":169,"column":73}},{"start":{"line":169,"column":76},"end":{"line":169,"column":92}}],"line":169},"6":{"loc":{"start":{"line":169,"column":46},"end":{"line":169,"column":67}},"type":"binary-expr","locations":[{"start":{"line":169,"column":46},"end":{"line":169,"column":49}},{"start":{"line":169,"column":53},"end":{"line":169,"column":67}}],"line":169},"7":{"loc":{"start":{"line":171,"column":264},"end":{"line":171,"column":426}},"type":"if","locations":[{"start":{"line":171,"column":264},"end":{"line":171,"column":426}},{"start":{"line":171,"column":264},"end":{"line":171,"column":426}}],"line":171}},"s":{"0":1,"1":1,"2":1,"3":1,"4":1,"5":0,"6":0,"7":0,"8":0,"9":0,"10":0,"11":0,"12":0,"13":1,"14":0,"15":1,"16":1,"17":0,"18":0,"19":0,"20":0,"21":0,"22":0,"23":0,"24":0,"25":1,"26":0,"27":1,"28":1,"29":0,"30":0,"31":0,"32":0,"33":0,"34":0,"35":0,"36":0,"37":1,"38":0,"39":1,"40":1,"41":0,"42":0,"43":0,"44":0,"45":0,"46":0,"47":0,"48":0,"49":1,"50":0,"51":1,"52":1,"53":0,"54":0,"55":0,"56":0,"57":0,"58":0,"59":0,"60":0,"61":1,"62":0,"63":1,"64":1,"65":2,"66":5,"67":0,"68":0,"69":0,"70":0,"71":0,"72":0,"73":0,"74":0,"75":0,"76":0,"77":0,"78":0,"79":0,"80":1,"81":1},"f":{"0":1,"1":0,"2":0,"3":0,"4":1,"5":0,"6":0,"7":0,"8":1,"9":0,"10":0,"11":0,"12":1,"13":0,"14":0,"15":0,"16":1,"17":0,"18":0,"19":0,"20":2,"21":5,"22":0,"23":0,"24":0,"25":0,"26":0},"b":{"0":[0,0,0,0],"1":[0,0,0,0],"2":[0,0,0,0],"3":[0,0,0,0],"4":[0,0,0,0],"5":[1,1],"6":[2,2],"7":[0,0]},"_coverageSchema":"43e27e138ebf9cfc5966b082cf9a028302ed4184","hash":"d9715d8b1d48db9f3b98fb92e1064b78025bf65a","contentHash":"4b10056cf39cfa669ded364055d52fdb"},"/Users/zhouli/mygithub/node-blog/src/models/image.js":{"path":"/Users/zhouli/mygithub/node-blog/src/models/image.js","statementMap":{"0":{"start":{"line":3,"column":0},"end":{"line":5,"column":3}},"1":{"start":{"line":7,"column":22},"end":{"line":7,"column":56}},"2":{"start":{"line":9,"column":23},"end":{"line":9,"column":62}},"3":{"start":{"line":11,"column":39},"end":{"line":11,"column":93}},"4":{"start":{"line":13,"column":16},"end":{"line":13,"column":50}},"5":{"start":{"line":14,"column":16},"end":{"line":14,"column":50}},"6":{"start":{"line":16,"column":12},"end":{"line":46,"column":2}},"7":{"start":{"line":47,"column":0},"end":{"line":47,"column":24}}},"fnMap":{"0":{"name":"_interopRequireDefault","decl":{"start":{"line":11,"column":9},"end":{"line":11,"column":31}},"loc":{"start":{"line":11,"column":37},"end":{"line":11,"column":95}},"line":11}},"branchMap":{"0":{"loc":{"start":{"line":11,"column":46},"end":{"line":11,"column":92}},"type":"cond-expr","locations":[{"start":{"line":11,"column":70},"end":{"line":11,"column":73}},{"start":{"line":11,"column":76},"end":{"line":11,"column":92}}],"line":11},"1":{"loc":{"start":{"line":11,"column":46},"end":{"line":11,"column":67}},"type":"binary-expr","locations":[{"start":{"line":11,"column":46},"end":{"line":11,"column":49}},{"start":{"line":11,"column":53},"end":{"line":11,"column":67}}],"line":11}},"s":{"0":1,"1":1,"2":1,"3":1,"4":1,"5":1,"6":1,"7":1},"f":{"0":1},"b":{"0":[1,0],"1":[1,1]},"_coverageSchema":"43e27e138ebf9cfc5966b082cf9a028302ed4184","hash":"109b771cc0b4c20ac80b49737104e123ad1f2600","contentHash":"fc134e93a86819ba27877aea66b434ec"},"/Users/zhouli/mygithub/node-blog/src/service/permission/index.js":{"path":"/Users/zhouli/mygithub/node-blog/src/service/permission/index.js","statementMap":{"0":{"start":{"line":3,"column":0},"end":{"line":5,"column":3}},"1":{"start":{"line":7,"column":25},"end":{"line":7,"column":55}},"2":{"start":{"line":9,"column":26},"end":{"line":9,"column":68}},"3":{"start":{"line":11,"column":39},"end":{"line":11,"column":93}},"4":{"start":{"line":13,"column":0},"end":{"line":15,"column":2}}},"fnMap":{"0":{"name":"_interopRequireDefault","decl":{"start":{"line":11,"column":9},"end":{"line":11,"column":31}},"loc":{"start":{"line":11,"column":37},"end":{"line":11,"column":95}},"line":11}},"branchMap":{"0":{"loc":{"start":{"line":11,"column":46},"end":{"line":11,"column":92}},"type":"cond-expr","locations":[{"start":{"line":11,"column":70},"end":{"line":11,"column":73}},{"start":{"line":11,"column":76},"end":{"line":11,"column":92}}],"line":11},"1":{"loc":{"start":{"line":11,"column":46},"end":{"line":11,"column":67}},"type":"binary-expr","locations":[{"start":{"line":11,"column":46},"end":{"line":11,"column":49}},{"start":{"line":11,"column":53},"end":{"line":11,"column":67}}],"line":11}},"s":{"0":1,"1":1,"2":1,"3":1,"4":1},"f":{"0":1},"b":{"0":[1,0],"1":[1,1]},"_coverageSchema":"43e27e138ebf9cfc5966b082cf9a028302ed4184","hash":"814e98c998a96079e0e23e88497fc071123476cd","contentHash":"1ea1bddb16237c5cee25c7d0f9d52896"},"/Users/zhouli/mygithub/node-blog/src/service/permission/permissionService.js":{"path":"/Users/zhouli/mygithub/node-blog/src/service/permission/permissionService.js","statementMap":{"0":{"start":{"line":3,"column":0},"end":{"line":5,"column":3}},"1":{"start":{"line":7,"column":
[...]
:{"line":33,"column":28},"end":{"line":50,"column":1}},"line":33},"2":{"name":"(anonymous_2)","decl":{"start":{"line":34,"column":23},"end":{"line":34,"column":24}},"loc":{"start":{"line":34,"column":50},"end":{"line":49,"column":5}},"line":34},"3":{"name":"(anonymous_3)","decl":{"start":{"line":35,"column":27},"end":{"line":35,"column":28}},"loc":{"start":{"line":35,"column":54},"end":{"line":48,"column":9}},"line":35},"4":{"name":"(anonymous_4)","decl":{"start":{"line":39,"column":46},"end":{"line":39,"column":47}},"loc":{"start":{"line":39,"column":67},"end":{"line":46,"column":17}},"line":39}},"branchMap":{"0":{"loc":{"start":{"line":15,"column":46},"end":{"line":15,"column":92}},"type":"cond-expr","locations":[{"start":{"line":15,"column":70},"end":{"line":15,"column":73}},{"start":{"line":15,"column":76},"end":{"line":15,"column":92}}],"line":15},"1":{"loc":{"start":{"line":15,"column":46},"end":{"line":15,"column":67}},"type":"binary-expr","locations":[{"start":{"line":15,"column":46},"end":{"line":15,"column":49}},{"start":{"line":15,"column":53},"end":{"line":15,"column":67}}],"line":15},"2":{"loc":{"start":{"line":36,"column":12},"end":{"line":47,"column":13}},"type":"if","locations":[{"start":{"line":36,"column":12},"end":{"line":47,"column":13}},{"start":{"line":36,"column":12},"end":{"line":47,"column":13}}],"line":36},"3":{"loc":{"start":{"line":40,"column":20},"end":{"line":44,"column":21}},"type":"if","locations":[{"start":{"line":40,"column":20},"end":{"line":44,"column":21}},{"start":{"line":40,"column":20},"end":{"line":44,"column":21}}],"line":40}},"s":{"0":1,"1":1,"2":1,"3":1,"4":1,"5":2,"6":1,"7":1,"8":1,"9":0,"10":0,"11":0,"12":0,"13":0,"14":0,"15":0,"16":0,"17":0,"18":1},"f":{"0":2,"1":0,"2":0,"3":0,"4":0},"b":{"0":[1,1],"1":[2,2],"2":[0,0],"3":[0,0]},"_coverageSchema":"43e27e138ebf9cfc5966b082cf9a028302ed4184","hash":"228ed893bf32ed1973b0b62f6ce875c04283e471","contentHash":"4fd93e82cb91c7e331b0f5a6879ea486"},"/Users/zhouli/mygithub/node-blog/src/service/userRole/index.js":{"path":"/Users/zhouli/mygithub/node-blog/src/service/userRole/index.js","statementMap":{"0":{"start":{"line":3,"column":0},"end":{"line":5,"column":3}},"1":{"start":{"line":7,"column":23},"end":{"line":7,"column":51}},"2":{"start":{"line":9,"column":24},"end":{"line":9,"column":64}},"3":{"start":{"line":11,"column":39},"end":{"line":11,"column":93}},"4":{"start":{"line":13,"column":0},"end":{"line":15,"column":2}}},"fnMap":{"0":{"name":"_interopRequireDefault","decl":{"start":{"line":11,"column":9},"end":{"line":11,"column":31}},"loc":{"start":{"line":11,"column":37},"end":{"line":11,"column":95}},"line":11}},"branchMap":{"0":{"loc":{"start":{"line":11,"column":46},"end":{"line":11,"column":92}},"type":"cond-expr","locations":[{"start":{"line":11,"column":70},"end":{"line":11,"column":73}},{"start":{"line":11,"column":76},"end":{"line":11,"column":92}}],"line":11},"1":{"loc":{"start":{"line":11,"column":46},"end":{"line":11,"column":67}},"type":"binary-expr","locations":[{"start":{"line":11,"column":46},"end":{"line":11,"column":49}},{"start":{"line":11,"column":53},"end":{"line":11,"column":67}}],"line":11}},"s":{"0":1,"1":1,"2":1,"3":1,"4":1},"f":{"0":1},"b":{"0":[1,0],"1":[1,1]},"_coverageSchema":"43e27e138ebf9cfc5966b082cf9a028302ed4184","hash":"329f685e219e1b94f6aa5587282255779b18f13f","contentHash":"9b2d34f69d0ac2ad6de8adbc0965eabb"},"/Users/zhouli/mygithub/node-blog/src/service/userRole/userRoleService.js":{"path":"/Users/zhouli/mygithub/node-blog/src/service/userRole/userRoleService.js","statementMap":{"0":{"start":{"line":3,"column":0},"end":{"line":5,"column":3}},"1":{"start":{"line":7,"column":19},"end":{"line":7,"column":55}},"2":{"start":{"line":9,"column":20},"end":{"line":9,"column":56}},"3":{"start":{"line":11,"column":21},"end":{"line":40,"column":3}},"4":{"start":{"line":12,"column":15},"end":{"line":35,"column":7}},"5":{"start":{"line":14,"column":8},"end":{"line":34,"column":26}},"6":{"start":{"line":15,"column":12},"end":{"line":33,"column":13}},"7":{"start":{"line":16,"column":16},"end":{"line":32,"column":17}},"8":{"start":{"line":18,"column":24},"end":{"line":18,"column":42}},"9":{"start":{"line":19,"column":24},"end":{"line":23,"column":27}},"10":{"start":{"line":26,"column":24},"end":{"line":26,"column":44}},"11":{"start":{"line":27,"column":24},"end":{"line":27,"column":62}},"12":{"start":{"line":31,"column":24},"end":{"line":31,"column":47}},"13":{"start":{"line":37,"column":4},"end":{"line":39,"column":6}},"14":{"start":{"line":38,"column":8},"end":{"line":38,"column":43}},"15":{"start":{"line":42,"column":21},"end":{"line":72,"column":3}},"16":{"start":{"line":43,"column":16},"end":{"line":67,"column":7}},"17":{"start":{"line":45,"column":8},"end":{"line":66,"column":27}},"18":{"start":{"line":46,"column":12},"end":{"line":65,"column":13}},"19":{"start":{"line":47,"column":16},"end":{"line":64,"column":17}},"20":{"start":{"line":49,"column":24},"end":{"line":49,"column":43}},"21":{"start":{"line":50,"column":24},"end":{"line":55,"column":27}},"22":{"start":{"line":58,"column":24},"end":{"line":58,"column":45}},"23":{"start":{"line":59,"column":24},"end":{"line":59,"column":63}},"24":{"start":{"line":63,"column":24},"end":{"line":63,"column":48}},"25":{"start":{"line":69,"column":4},"end":{"line":71,"column":6}},"26":{"start":{"line":70,"column":8},"end":{"line":70,"column":44}},"27":{"start":{"line":74,"column":21},"end":{"line":106,"column":3}},"28":{"start":{"line":75,"column":16},"end":{"line":101,"column":7}},"29":{"start":{"line":77,"column":8},"end":{"line":100,"column":27}},"30":{"start":{"line":78,"column":12},"end":{"line":99,"column":13}},"31":{"start":{"line":79,"column":16},"end":{"line":98,"column":17}},"32":{"start":{"line":81,"column":24},"end":{"line":81,"column":43}},"33":{"start":{"line":82,"column":24},"end":{"line":89,"column":27}},"34":{"start":{"line":92,"column":24},"end":{"line":92,"column":45}},"35":{"start":{"line":93,"column":24},"end":{"line":93,"column":63}},"36":{"start":{"line":97,"column":24},"end":{"line":97,"column":48}},"37":{"start":{"line":103,"column":4},"end":{"line":105,"column":6}},"38":{"start":{"line":104,"column":8},"end":{"line":104,"column":44}},"39":{"start":{"line":108,"column":18},"end":{"line":133,"column":3}},"40":{"start":{"line":109,"column":16},"end":{"line":128,"column":7}},"41":{"start":{"line":111,"column":8},"end":{"line":127,"column":27}},"42":{"start":{"line":112,"column":12},"end":{"line":126,"column":13}},"43":{"start":{"line":113,"column":16},"end":{"line":125,"column":17}},"44":{"start":{"line":115,"column":24},"end":{"line":115,"column":43}},"45":{"start":{"line":116,"column":24},"end":{"line":116,"column":64}},"46":{"start":{"line":119,"column":24},"end":{"line":119,"column":45}},"47":{"start":{"line":120,"column":24},"end":{"line":120,"column":63}},"48":{"start":{"line":124,"column":24},"end":{"line":124,"column":48}},"49":{"start":{"line":130,"column":4},"end":{"line":132,"column":6}},"50":{"start":{"line":131,"column":8},"end":{"line":131,"column":44}},"51":{"start":{"line":135,"column":21},"end":{"line":160,"column":3}},"52":{"start":{"line":136,"column":16},"end":{"line":155,"column":7}},"53":{"start":{"line":138,"column":8},"end":{"line":154,"column":27}},"54":{"start":{"line":139,"column":12},"end":{"line":153,"column":13}},"55":{"start":{"line":140,"column":16},"end":{"line":152,"column":17}},"56":{"start":{"line":142,"column":24},"end":{"line":142,"column":43}},"57":{"start":{"line":143,"column":24},"end":{"line":143,"column":61}},"58":{"start":{"line":146,"column":24},"end":{"line":146,"column":45}},"59":{"start":{"line":147,"column":24},"end":{"line":147,"column":63}},"60":{"start":{"line":151,"column":24},"end":{"line":151,"column":48}},"61":{"start":{"line":157,"column":4},"end":{"line":159,"column":6}},"62":{"start":{"line":158,"column":8},"end":{"line":158,"column":44}},"63":{"start":{"line":162,"column":17},"end":{"line":162,"column":50}},"64":{"start":{"line":164,"column":18},"end":{"line":164,"column":52}},"65":{"start":{"line":166,"column":39},"end":{"line":166,"column":93}},"66":{"start":{"line":168,"column":33},"end":{"line":168,"column":456}},"67":{"start":{"line":168,"column":64},"end":{"line":168,"column":89}},"68":{"start":{"line":168,"column":91},"end":{"line":168,"column":453}},"69":{"start":{"line":168,"column":165},"end":{"line":168,"column":263}},"70":{"start":{"line":168,"column":182},"end":{"line":168,"column":195}},"71":{"start":{"line":168,"column":209},"end":{"line":168,"column":219}},"72":{"start":{"line":168,"column":239},"end":{"line":168,"column":253}},"73":{"start":{"line":168,"column":254},"end":{"line":168,"column":261}},"74":{"start":{"line":168,"column":264},"end":{"line":168,"column":426}},"75":{"start":{"line":168,"column":281},"end":{"line":168,"column":296}},"76":{"start":{"line":168,"column":306},"end":{"line":168,"column":424}},"77":{"start":{"line":168,"column":360},"end":{"line":168,"column":380}},"78":{"start":{"line":168,"column":401},"end":{"line":168,"column":420}},"79":{"start":{"line":168,"column":429},"end":{"line":168,"column":449}},"80":{"start":{"line":170,"column":22},"end":{"line":176,"column":1}},"81":{"start":{"line":177,"column":0},"end":{"line":177,"column":34}}},"fnMap":{"0":{"name":"(anonymous_0)","decl":{"start":{"line":11,"column":21},"end":{"line":11,"column":22}},"loc":{"start":{"line":11,"column":33},"end":{"line":40,"column":1}},"line":11},"1":{"name":"_callee","decl":{"start":{"line":12,"column":83},"end":{"line":12,"column":90}},"loc":{"start":{"line":12,"column":121},"end":{"line":35,"column":5}},"line":12},"2":{"name":"_callee$","decl":{"start":{"line":14,"column":51},"end":{"line":14,"column":59}},"loc":{"start":{"line":14,"column":70},"end":{"line":34,"column":9}},"line":14},"3":{"name":"createUserRole","decl":{"start":{"line":37,"column":20},"end":{"line":37,"column":34}},"loc":{"start":{"line":37,"column":49},"end":{"line":39,"column":5}},"line":37},"4":{"name":"(anonymous_4)","decl":{"start":{"line":42,"column":21},"end":{"line":42,"column":22}},"loc":{"start":{"line":42,"column":33},"end":{"line":72,"column":1}},"line":42},"5":{"name":"_callee2","decl":{"start":{"line":43,"column":84},"end":{"line":43,"column":92}},"loc":{"start":{"line":43,"column":106},"end":{"line":67,"column":5}},"line":43},"6":{"name":"_callee2$","decl":{"start":{"line":45,"column":51},"end":{"line":45,"column":60}},"loc":{"start":{"line":45,"column":72},"end":{"line":66,"column":9}},"line":45},"7":{"name":"deleteUserRole","decl":{"start":{"line":69,"column":20},"end":{"line":69,"column":34}},"loc":{"start":{"line":69,"column":45},"end":{"line":71,"column":5}},"line":69},"8":{"name":"(anonymous_8)","decl":{"start":{"line":74,"column":21},"end":{"line":74,"column":22}},"loc":{"start":{"line":74,"column":33},"end":{"line":106,"column":1}},"line":74},"9":{"name":"_callee3","decl":{"start":{"line":75,"column":84},"end":{"line":75,"column":92}},"loc":{"start":{"line":75,"column":115},"end":{"line":101,"column":5}},"line":75},"10":{"name":"_callee3$","decl":{"start":{"line":77,"column":51},"end":{"line":77,"column":60}},"loc":{"start":{"line":77,"column":72},"end":{"line":100,"column":9}},"line":77},"11":{"name":"updateUserRole","decl":{"start":{"line":103,"column":20},"end":{"line":103,"column":34}},"loc":{"start":{"line":103,"column":50},"end":{"line":105,"column":5}},"line":103},"12":{"name":"(anonymous_12)","decl":{"start":{"line":108,"column":18},"end":{"line":108,"column":19}},"loc":{"start":{"line":108,"column":30},"end":{"line":133,"column":1}},"line":108},"13":{"name":"_callee4","decl":{"start":{"line":109,"column":84},"end":{"line":109,"column":92}},"loc":{"start":{"line":109,"column":97},"end":{"line":128,"column":5}},"line":109},"14":{"name":"_callee4$","decl":{"start":{"line":111,"column":51},"end":{"line":111,"column":60}},"loc":{"start":{"line":111,"column":72},"end":{"line":127,"column":9}},"line":111},"15":{"name":"getUserRole","decl":{"start":{"line":130,"column":20},"end":{"line":130,"column":31}},"loc":{"start":{"line":130,"column":37},"end":{"line":132,"column":5}},"line":130},"16":{"name":"(anonymous_16)","decl":{"start":{"line":135,"column":21},"end":{"line":135,"column":22}},"loc":{"start":{"line":135,"column":33},"end":{"line":160,"column":1}},"line":135},"17":{"name":"_callee5","decl":{"start":{"line":136,"column":84},"end":{"line":136,"column":92}},"loc":{"start":{"line":136,"column":95},"end":{"line":155,"column":5}},"line":136},"18":{"name":"_callee5$","decl":{"start":{"line":138,"column":51},"end":{"line":138,"column":60}},"loc":{"start":{"line":138,"column":72},"end":{"line":154,"column":9}},"line":138},"19":{"name":"getAllUserRole","decl":{"start":{"line":157,"column":20},"end":{"line":157,"column":34}},"loc":{"start":{"line":157,"column":37},"end":{"line":159,"column":5}},"line":157},"20":{"name":"_interopRequireDefault","decl":{"start":{"line":166,"column":9},"end":{"line":166,"column":31}},"loc":{"start":{"line":166,"column":37},"end":{"line":166,"column":95}},"line":166},"21":{"name":"_asyncToGenerator","decl":{"start":{"line":168,"column":9},"end":{"line":168,"column":26}},"loc":{"start":{"line":168,"column":31},"end":{"line":168,"column":458}},"line":168},"22":{"name":"(anonymous_22)","decl":{"start":{"line":168,"column":40},"end":{"line":168,"column":41}},"loc":{"start":{"line":168,"column":52},"end":{"line":168,"column":455}},"line":168},"23":{"name":"(anonymous_23)","decl":{"start":{"line":168,"column":110},"end":{"line":168,"column":111}},"loc":{"start":{"line":168,"column":137},"end":{"line":168,"column":451}},"line":168},"24":{"name":"step","decl":{"start":{"line":168,"column":148},"end":{"line":168,"column":152}},"loc":{"start":{"line":168,"column":163},"end":{"line":168,"column":428}},"line":168},"25":{"name":"(anonymous_25)","decl":{"start":{"line":168,"column":341},"end":{"line":168,"column":342}},"loc":{"start":{"line":168,"column":358},"end":{"line":168,"column":382}},"line":168},"26":{"name":"(anonymous_26)","decl":{"start":{"line":168,"column":384},"end":{"line":168,"column":385}},"loc":{"start":{"line":168,"column":399},"end":{"line":168,"column":422}},"line":168}},"branchMap":{"0":{"loc":{"start":{"line":16,"column":16},"end":{"line":32,"column":17}},"type":"switch","locations":[{"start":{"line":17,"column":20},"end":{"line":23,"column":27}},{"start":{"line":25,"column":20},"end":{"line":27,"column":62}},{"start":{"line":29,"column":20},"end":{"line":29,"column":27}},{"start":{"line":30,"column":20},"end":{"line":31,"column":47}}],"line":16},"1":{"loc":{"start":{"line":47,"column":16},"end":{"line":64,"column":17}},"type":"switch","locations":[{"start":{"line":48,"column":20},"end":{"line":55,"column":27}},{"start":{"line":57,"column":20},"end":{"line":59,"column":63}},{"start":{"line":61,"column":20},"end":{"line":61,"column":27}},{"start":{"line":62,"column":20},"end":{"line":63,"column":48}}],"line":47},"2":{"loc":{"start":{"line":79,"column":16},"end":{"line":98,"column":17}},"type":"switch","locations":[{"start":{"line":80,"column":20},"end":{"line":89,"column":27}},{"start":{"line":91,"column":20},"end":{"line":93,"column":63}},{"start":{"line":95,"column":20},"end":{"line":95,"column":27}},{"start":{"line":96,"column":20},"end":{"line":97,"column":48}}],"line":79},"3":{"loc":{"start":{"line":113,"column":16},"end":{"line":125,"column":17}},"type":"switch","locations":[{"start":{"line":114,"column":20},"end":{"line":116,"column":64}},{"start":{"line":118,"column":20},"end":{"line":120,"column":63}},{"start":{"line":122,"column":20},"end":{"line":122,"column":27}},{"start":{"line":123,"column":20},"end":{"line":124,"column":48}}],"line":113},"4":{"loc":{"start":{"line":140,"column":16},"end":{"line":152,"column":17}},"type":"switch","locations":[{"start":{"line":141,"column":20},"end":{"line":143,"column":61}},{"start":{"line":145,"column":20},"end":{"line":147,"column":63}},{"start":{"line":149,"column":20},"end":{"line":149,"column":27}},{"start":{"line":150,"column":20},"end":{"line":151,"column":48}}],"line":140},"5":{"loc":{"start":{"line":166,"column":46},"end":{"line":166,"column":92}},"type":"cond-expr","locations":[{"start":{"line":166,"column":70},"end":{"line":166,"column":73}},{"start":{"line":166,"column":76},"end":{"line":166,"column":92}}],"line":166},"6":{"loc":{"start":{"line":166,"column":46},"end":{"line":166,"column":67}},"type":"binary-expr","locations":[{"start":{"line":166,"column":46},"end":{"line":166,"column":49}},{"start":{"line":166,"column":53},"end":{"line":166,"column":67}}],"line":166},"7":{"loc":{"start":{"line":168,"column":264},"end":{"line":168,"column":426}},"type":"if","locations":[{"start":{"line":168,"column":264},"end":{"line":168,"column":426}},{"start":{"line":168,"column":264},"end":{"line":168,"column":426}}],"line":168}},"s":{"0":1,"1":1,"2":1,"3":1,"4":1,"5":0,"6":0,"7":0,"8":0,"9":0,"10":0,"11":0,"12":0,"13":1,"14":0,"15":1,"16":1,"17":0,"18":0,"19":0,"20":0,"21":0,"22":0,"23":0,"24":0,"25":1,"26":0,"27":1,"28":1,"29":0,"30":0,"31":0,"32":0,"33":0,"34":0,"35":0,"36":0,"37":1,"38":0,"39":1,"40":1,"41":0,"42":0,"43":0,"44":0,"45":0,"46":0,"47":0,"48":0,"49":1,"50":0,"51":1,"52":1,"53":0,"54":0,"55":0,"56":0,"57":0,"58":0,"59":0,"60":0,"61":1,"62":0,"63":1,"64":1,"65":2,"66":5,"67":0,"68":0,"69":0,"70":0,"71":0,"72":0,"73":0,"74":0,"75":0,"76":0,"77":0,"78":0,"79":0,"80":1,"81":1},"f":{"0":1,"1":0,"2":0,"3":0,"4":1,"5":0,"6":0,"7":0,"8":1,"9":0,"10":0,"11":0,"12":1,"13":0,"14":0,"15":0,"16":1,"17":0,"18":0,"19":0,"20":2,"21":5,"22":0,"23":0,"24":0,"25":0,"26":0},"b":{"0":[0,0,0,0],"1":[0,0,0,0],"2":[0,0,0,0],"3":[0,0,0,0],"4":[0,0,0,0],"5":[1,1],"6":[2,2],"7":[0,0]},"_coverageSchema":"43e27e138ebf9cfc5966b082cf9a028302ed4184","hash":"4241124626ac8e7f13d476dec99e27d2ad451369","contentHash":"fd1d57ad56d3710dfdc51a8218d3e90a"},"/Users/zhouli/mygithub/node-blog/src/models/user_role.js":{"path":"/Users/zhouli/mygithub/node-blog/src/models/user_role.js","statementMap":{"0":{"start":{"line":3,"column":0},"end":{"line":5,"column":3}},"1":{"start":{"line":7,"column":22},"end":{"line":7,"column":56}},"2":{"start":{"line":9,"column":23},"end":{"line":9,"column":62}},"3":{"start":{"line":11,"column":12},"end":{"line":11,"column":29}},"4":{"start":{"line":13,"column":13},"end":{"line":13,"column":42}},"5":{"start":{"line":15,"column":12},"end":{"line":15,"column":29}},"6":{"start":{"line":17,"column":13},"end":{"line":17,"column":42}},"7":{"start":{"line":19,"column":39},"end":{"line":19,"column":93}},"8":{"start":{"line":21,"column":16},"end":{"line":21,"column":50}},"9":{"start":{"line":22,"column":16},"end":{"line":22,"column":50}},"10":{"start":{"line":24,"column":16},"end":{"line":57,"column":2}},"11":{"start":{"line":60,"column":0},"end":{"line":60,"column":104}},"12":{"start":{"line":61,"column":0},"end":{"line":61,"column":104}},"13":{"start":{"line":63,"column":0},"end":{"line":63,"column":28}}},"fnMap":{"0":{"name":"_interopRequireDefault","decl":{"start":{"line":19,"column":9},"end":{"line":19,"column":31}},"loc":{"start":{"line":19,"column":37},"end":{"line":19,"column":95}},"line":19}},"branchMap":{"0":{"loc":{"start":{"line":19,"column":46},"end":{"line":19,"column":92}},"type":"cond-expr","locations":[{"start":{"line":19,"column":70},"end":{"line":19,"column":73}},{"start":{"line":19,"column":76},"end":{"line":19,"column":92}}],"line":19},"1":{"loc":{"start":{"line":19,"column":46},"end":{"line":19,"column":67}},"type":"binary-expr","locations":[{"start":{"line":19,"column":46},"end":{"line":19,"column":49}},{"start":{"line":19,"column":53},"end":{"line":19,"column":67}}],"line":19}},"s":{"0":1,"1":1,"2":1,"3":1,"4":1,"5":1,"6":1,"7":3,"8":1,"9":1,"10":1,"11":1,"12":1,"13":1},"f":{"0":3},"b":{"0":[3,0],"1":[3,3]},"_coverageSchema":"43e27e138ebf9cfc5966b082cf9a028302ed4184","hash":"655c017771f106e3e3bc45c2721e3ce87a9bc1e2","contentHash":"a5677e26cb50ace6857326f05e9d9342"}}